[ 2018-12-14T21:07:03+08:00 ] 127.0.0.1 /
INFO: [ app_init ] --START--
INFO: Run Behavior\BuildLiteBehavior [ RunTime:0.000006s ]
INFO: [ app_init ] --END-- [ RunTime:0.000260s ]
INFO: [ app_begin ] --START--
INFO: Run Behavior\ReadHtmlCacheBehavior [ RunTime:0.000329s ]
INFO: [ app_begin ] --END-- [ RunTime:0.000347s ]
INFO: [ view_parse ] --START--
INFO: [ template_filter ] --START--
INFO: Run Behavior\ContentReplaceBehavior [ RunTime:0.000102s ]
INFO: [ template_filter ] --END-- [ RunTime:0.000126s ]
INFO: Run Behavior\ParseTemplateBehavior [ RunTime:0.014174s ]
INFO: [ view_parse ] --END-- [ RunTime:0.014202s ]
INFO: [ view_filter ] --START--
INFO: Run Behavior\WriteHtmlCacheBehavior [ RunTime:0.000242s ]
INFO: [ view_filter ] --END-- [ RunTime:0.000260s ]
INFO: [ app_end ] --START--
INFO: Run Behavior\ShowPageTraceBehavior [ RunTime:0.000598s ]
INFO: [ app_end ] --END-- [ RunTime:0.000625s ]

[ 2018-12-14T21:07:07+08:00 ] 127.0.0.1 /index.php?s=/index/preview.html
INFO: [ app_init ] --START--
INFO: Run Behavior\BuildLiteBehavior [ RunTime:0.000006s ]
INFO: [ app_init ] --END-- [ RunTime:0.000274s ]
INFO: [ app_begin ] --START--
INFO: Run Behavior\ReadHtmlCacheBehavior [ RunTime:0.000319s ]
INFO: [ app_begin ] --END-- [ RunTime:0.000343s ]
NOTIC: [8] Undefined variable: one F:\WWW\biaodian\formdesign-master\Formdesign4_1_Ueditor1_4_2_Thinkphp3_2\Application\Home\Controller\IndexController.class.php 第 17 行.
NOTIC: [8] Undefined index: value F:\WWW\biaodian\formdesign-master\Formdesign4_1_Ueditor1_4_2_Thinkphp3_2\Application\Home\Org\Formdesign.class.php 第 70 行.
NOTIC: [8] Undefined index: data_7 F:\WWW\biaodian\formdesign-master\Formdesign4_1_Ueditor1_4_2_Thinkphp3_2\Application\Home\Org\Formdesign.class.php 第 369 行.
NOTIC: [8] unserialize(): Error at offset 0 of 20 bytes F:\WWW\biaodian\formdesign-master\Formdesign4_1_Ueditor1_4_2_Thinkphp3_2\Application\Home\Org\Formdesign.class.php 第 395 行.
NOTIC: [8] unserialize(): Error at offset 0 of 14 bytes F:\WWW\biaodian\formdesign-master\Formdesign4_1_Ueditor1_4_2_Thinkphp3_2\Application\Home\Org\Formdesign.class.php 第 428 行.
NOTIC: [8] Undefined offset: 1 F:\WWW\biaodian\formdesign-master\Formdesign4_1_Ueditor1_4_2_Thinkphp3_2\Application\Home\Org\Formdesign.class.php 第 596 行.
NOTIC: [8] Undefined offset: 2 F:\WWW\biaodian\formdesign-master\Formdesign4_1_Ueditor1_4_2_Thinkphp3_2\Application\Home\Org\Formdesign.class.php 第 596 行.
NOTIC: [8] Undefined offset: 3 F:\WWW\biaodian\formdesign-master\Formdesign4_1_Ueditor1_4_2_Thinkphp3_2\Application\Home\Org\Formdesign.class.php 第 596 行.
NOTIC: [8] Undefined offset: 3 F:\WWW\biaodian\formdesign-master\Formdesign4_1_Ueditor1_4_2_Thinkphp3_2\Application\Home\Org\Formdesign.class.php 第 605 行.
NOTIC: [8] Undefined offset: 4 F:\WWW\biaodian\formdesign-master\Formdesign4_1_Ueditor1_4_2_Thinkphp3_2\Application\Home\Org\Formdesign.class.php 第 586 行.
NOTIC: [8] Undefined offset: 4 F:\WWW\biaodian\formdesign-master\Formdesign4_1_Ueditor1_4_2_Thinkphp3_2\Application\Home\Org\Formdesign.class.php 第 586 行.
NOTIC: [8] Undefined index: value F:\WWW\biaodian\formdesign-master\Formdesign4_1_Ueditor1_4_2_Thinkphp3_2\Application\Home\Org\Formdesign.class.php 第 305 行.
INFO: [ view_parse ] --START--
INFO: [ template_filter ] --START--
INFO: Run Behavior\ContentReplaceBehavior [ RunTime:0.000026s ]
INFO: [ template_filter ] --END-- [ RunTime:0.000050s ]
INFO: Run Behavior\ParseTemplateBehavior [ RunTime:0.007365s ]
INFO: [ view_parse ] --END-- [ RunTime:0.007398s ]
INFO: [ view_filter ] --START--
INFO: Run Behavior\WriteHtmlCacheBehavior [ RunTime:0.000188s ]
INFO: [ view_filter ] --END-- [ RunTime:0.000207s ]
INFO: [ app_end ] --START--
INFO: Run Behavior\ShowPageTraceBehavior [ RunTime:0.000321s ]
INFO: [ app_end ] --END-- [ RunTime:0.000340s ]

[ 2018-12-14T21:08:28+08:00 ] 127.0.0.1 /
INFO: [ app_init ] --START--
INFO: Run Behavior\BuildLiteBehavior [ RunTime:0.000005s ]
INFO: [ app_init ] --END-- [ RunTime:0.000204s ]
INFO: [ app_begin ] --START--
INFO: Run Behavior\ReadHtmlCacheBehavior [ RunTime:0.000269s ]
INFO: [ app_begin ] --END-- [ RunTime:0.000285s ]
INFO: [ view_parse ] --START--
INFO: [ template_filter ] --START--
INFO: Run Behavior\ContentReplaceBehavior [ RunTime:0.000092s ]
INFO: [ template_filter ] --END-- [ RunTime:0.000116s ]
INFO: Run Behavior\ParseTemplateBehavior [ RunTime:0.007473s ]
INFO: [ view_parse ] --END-- [ RunTime:0.007493s ]
INFO: [ view_filter ] --START--
INFO: Run Behavior\WriteHtmlCacheBehavior [ RunTime:0.000151s ]
INFO: [ view_filter ] --END-- [ RunTime:0.000165s ]
INFO: [ app_end ] --START--
INFO: Run Behavior\ShowPageTraceBehavior [ RunTime:0.000323s ]
INFO: [ app_end ] --END-- [ RunTime:0.000343s ]

[ 2018-12-14T21:11:22+08:00 ] 127.0.0.1 /
INFO: [ app_init ] --START--
INFO: Run Behavior\BuildLiteBehavior [ RunTime:0.000005s ]
INFO: [ app_init ] --END-- [ RunTime:0.000228s ]
INFO: [ app_begin ] --START--
INFO: Run Behavior\ReadHtmlCacheBehavior [ RunTime:0.000297s ]
INFO: [ app_begin ] --END-- [ RunTime:0.000315s ]
INFO: [ view_parse ] --START--
INFO: [ template_filter ] --START--
INFO: Run Behavior\ContentReplaceBehavior [ RunTime:0.000097s ]
INFO: [ template_filter ] --END-- [ RunTime:0.000125s ]
INFO: Run Behavior\ParseTemplateBehavior [ RunTime:0.007586s ]
INFO: [ view_parse ] --END-- [ RunTime:0.007610s ]
INFO: [ view_filter ] --START--
INFO: Run Behavior\WriteHtmlCacheBehavior [ RunTime:0.000205s ]
INFO: [ view_filter ] --END-- [ RunTime:0.000219s ]
INFO: [ app_end ] --START--
INFO: Run Behavior\ShowPageTraceBehavior [ RunTime:0.000385s ]
INFO: [ app_end ] --END-- [ RunTime:0.000408s ]

[ 2018-12-14T21:11:23+08:00 ] 127.0.0.1 /
INFO: [ app_init ] --START--
INFO: Run Behavior\BuildLiteBehavior [ RunTime:0.000005s ]
INFO: [ app_init ] --END-- [ RunTime:0.000216s ]
INFO: [ app_begin ] --START--
INFO: Run Behavior\ReadHtmlCacheBehavior [ RunTime:0.000471s ]
INFO: [ app_begin ] --END-- [ RunTime:0.000522s ]
INFO: [ view_parse ] --START--
INFO: [ template_filter ] --START--
INFO: Run Behavior\ContentReplaceBehavior [ RunTime:0.000116s ]
INFO: [ template_filter ] --END-- [ RunTime:0.000155s ]
INFO: Run Behavior\ParseTemplateBehavior [ RunTime:0.010742s ]
INFO: [ view_parse ] --END-- [ RunTime:0.010777s ]
INFO: [ view_filter ] --START--
INFO: Run Behavior\WriteHtmlCacheBehavior [ RunTime:0.000222s ]
INFO: [ view_filter ] --END-- [ RunTime:0.000241s ]
INFO: [ app_end ] --START--
INFO: Run Behavior\ShowPageTraceBehavior [ RunTime:0.000467s ]
INFO: [ app_end ] --END-- [ RunTime:0.000499s ]

[ 2018-12-14T21:11:50+08:00 ] 127.0.0.1 /index.php/home
INFO: [ app_init ] --START--
INFO: Run Behavior\BuildLiteBehavior [ RunTime:0.000005s ]
INFO: [ app_init ] --END-- [ RunTime:0.000203s ]
INFO: [ app_begin ] --START--
INFO: Run Behavior\ReadHtmlCacheBehavior [ RunTime:0.000275s ]
INFO: [ app_begin ] --END-- [ RunTime:0.000292s ]
INFO: [ view_parse ] --START--
INFO: [ template_filter ] --START--
INFO: Run Behavior\ContentReplaceBehavior [ RunTime:0.000099s ]
INFO: [ template_filter ] --END-- [ RunTime:0.000123s ]
INFO: Run Behavior\ParseTemplateBehavior [ RunTime:0.007016s ]
INFO: [ view_parse ] --END-- [ RunTime:0.007040s ]
INFO: [ view_filter ] --START--
INFO: Run Behavior\WriteHtmlCacheBehavior [ RunTime:0.000153s ]
INFO: [ view_filter ] --END-- [ RunTime:0.000167s ]
INFO: [ app_end ] --START--
INFO: Run Behavior\ShowPageTraceBehavior [ RunTime:0.000326s ]
INFO: [ app_end ] --END-- [ RunTime:0.000346s ]

[ 2018-12-14T21:12:09+08:00 ] 127.0.0.1 /index.php/home/demo
INFO: [ app_init ] --START--
INFO: Run Behavior\BuildLiteBehavior [ RunTime:0.000006s ]
INFO: [ app_init ] --END-- [ RunTime:0.000258s ]
INFO: [ app_begin ] --START--
INFO: Run Behavior\ReadHtmlCacheBehavior [ RunTime:0.000337s ]
INFO: [ app_begin ] --END-- [ RunTime:0.000356s ]
ERR: Call to undefined function Home\Controller\cache()

[ 2018-12-14T21:12:54+08:00 ] 127.0.0.1 /index.php/home/demo
INFO: [ app_init ] --START--
INFO: Run Behavior\BuildLiteBehavior [ RunTime:0.000018s ]
INFO: [ app_init ] --END-- [ RunTime:0.000720s ]
INFO: [ app_begin ] --START--
INFO: Run Behavior\ReadHtmlCacheBehavior [ RunTime:0.000516s ]
INFO: [ app_begin ] --END-- [ RunTime:0.000556s ]

[ 2018-12-14T21:12:56+08:00 ] 127.0.0.1 /index.php/home/demo
INFO: [ app_init ] --START--
INFO: Run Behavior\BuildLiteBehavior [ RunTime:0.000011s ]
INFO: [ app_init ] --END-- [ RunTime:0.000257s ]
INFO: [ app_begin ] --START--
INFO: Run Behavior\ReadHtmlCacheBehavior [ RunTime:0.000394s ]
INFO: [ app_begin ] --END-- [ RunTime:0.000427s ]

[ 2018-12-14T21:13:25+08:00 ] 127.0.0.1 /index.php/home/demo
INFO: [ app_init ] --START--
INFO: Run Behavior\BuildLiteBehavior [ RunTime:0.000011s ]
INFO: [ app_init ] --END-- [ RunTime:0.000261s ]
INFO: [ app_begin ] --START--
INFO: Run Behavior\ReadHtmlCacheBehavior [ RunTime:0.000811s ]
INFO: [ app_begin ] --END-- [ RunTime:0.000868s ]
SQL: SHOW COLUMNS FROM `form` [ RunTime:0.0196s ]
SQL: SELECT COUNT(id) AS tp_count FROM `form` WHERE `is_del` = 0 LIMIT 1   [ RunTime:0.7534s ]
SQL: SELECT `id`,`form_name`,`form_desc`,`fields`,`updatetime`,`dateline` FROM `form` WHERE `is_del` = 0 ORDER BY id desc LIMIT 0,5   [ RunTime:0.0005s ]
INFO: [ view_parse ] --START--
INFO: [ template_filter ] --START--
INFO: Run Behavior\ContentReplaceBehavior [ RunTime:0.000048s ]
INFO: [ template_filter ] --END-- [ RunTime:0.000084s ]
INFO: Run Behavior\ParseTemplateBehavior [ RunTime:0.014452s ]
INFO: [ view_parse ] --END-- [ RunTime:0.014518s ]
INFO: [ view_filter ] --START--
INFO: Run Behavior\WriteHtmlCacheBehavior [ RunTime:0.000356s ]
INFO: [ view_filter ] --END-- [ RunTime:0.000385s ]
INFO: [ app_end ] --START--
INFO: Run Behavior\ShowPageTraceBehavior [ RunTime:0.000794s ]
INFO: [ app_end ] --END-- [ RunTime:0.000879s ]

[ 2018-12-14T21:17:52+08:00 ] 127.0.0.1 /index.php?s=/Home/Demo/index/p/2.html
INFO: [ app_init ] --START--
INFO: Run Behavior\BuildLiteBehavior [ RunTime:0.000018s ]
INFO: [ app_init ] --END-- [ RunTime:0.000447s ]
INFO: [ app_begin ] --START--
INFO: Run Behavior\ReadHtmlCacheBehavior [ RunTime:0.001619s ]
INFO: [ app_begin ] --END-- [ RunTime:0.001696s ]
SQL: SHOW COLUMNS FROM `form` [ RunTime:0.0191s ]
SQL: SELECT COUNT(id) AS tp_count FROM `form` WHERE `is_del` = 0 LIMIT 1   [ RunTime:0.8953s ]
SQL: SELECT `id`,`form_name`,`form_desc`,`fields`,`updatetime`,`dateline` FROM `form` WHERE `is_del` = 0 ORDER BY id desc LIMIT 5,5   [ RunTime:0.0008s ]
INFO: [ view_parse ] --START--
INFO: [ template_filter ] --START--
INFO: Run Behavior\ContentReplaceBehavior [ RunTime:0.000060s ]
INFO: [ template_filter ] --END-- [ RunTime:0.000107s ]
INFO: Run Behavior\ParseTemplateBehavior [ RunTime:0.034824s ]
INFO: [ view_parse ] --END-- [ RunTime:0.034882s ]
INFO: [ view_filter ] --START--
INFO: Run Behavior\WriteHtmlCacheBehavior [ RunTime:0.001274s ]
INFO: [ view_filter ] --END-- [ RunTime:0.001327s ]
INFO: [ app_end ] --START--
INFO: Run Behavior\ShowPageTraceBehavior [ RunTime:0.001754s ]
INFO: [ app_end ] --END-- [ RunTime:0.001823s ]

[ 2018-12-14T21:17:54+08:00 ] 127.0.0.1 /index.php?s=/Home/Demo/index/p/3.html
INFO: [ app_init ] --START--
INFO: Run Behavior\BuildLiteBehavior [ RunTime:0.000016s ]
INFO: [ app_init ] --END-- [ RunTime:0.000427s ]
INFO: [ app_begin ] --START--
INFO: Run Behavior\ReadHtmlCacheBehavior [ RunTime:0.000528s ]
INFO: [ app_begin ] --END-- [ RunTime:0.000583s ]
SQL: SHOW COLUMNS FROM `form` [ RunTime:0.0078s ]
SQL: SELECT COUNT(id) AS tp_count FROM `form` WHERE `is_del` = 0 LIMIT 1   [ RunTime:0.6525s ]
SQL: SELECT `id`,`form_name`,`form_desc`,`fields`,`updatetime`,`dateline` FROM `form` WHERE `is_del` = 0 ORDER BY id desc LIMIT 10,5   [ RunTime:0.0014s ]
INFO: [ view_parse ] --START--
INFO: [ template_filter ] --START--
INFO: Run Behavior\ContentReplaceBehavior [ RunTime:0.000089s ]
INFO: [ template_filter ] --END-- [ RunTime:0.000151s ]
INFO: Run Behavior\ParseTemplateBehavior [ RunTime:0.016252s ]
INFO: [ view_parse ] --END-- [ RunTime:0.016313s ]
INFO: [ view_filter ] --START--
INFO: Run Behavior\WriteHtmlCacheBehavior [ RunTime:0.000406s ]
INFO: [ view_filter ] --END-- [ RunTime:0.000452s ]
INFO: [ app_end ] --START--
INFO: Run Behavior\ShowPageTraceBehavior [ RunTime:0.000620s ]
INFO: [ app_end ] --END-- [ RunTime:0.000672s ]

[ 2018-12-14T21:17:56+08:00 ] 127.0.0.1 /index.php?s=/Home/Demo/index/p/1.html
INFO: [ app_init ] --START--
INFO: Run Behavior\BuildLiteBehavior [ RunTime:0.000013s ]
INFO: [ app_init ] --END-- [ RunTime:0.000316s ]
INFO: [ app_begin ] --START--
INFO: Run Behavior\ReadHtmlCacheBehavior [ RunTime:0.000445s ]
INFO: [ app_begin ] --END-- [ RunTime:0.000491s ]
SQL: SHOW COLUMNS FROM `form` [ RunTime:0.0072s ]
SQL: SELECT COUNT(id) AS tp_count FROM `form` WHERE `is_del` = 0 LIMIT 1   [ RunTime:0.8725s ]
SQL: SELECT `id`,`form_name`,`form_desc`,`fields`,`updatetime`,`dateline` FROM `form` WHERE `is_del` = 0 ORDER BY id desc LIMIT 0,5   [ RunTime:0.0016s ]
INFO: [ view_parse ] --START--
INFO: [ template_filter ] --START--
INFO: Run Behavior\ContentReplaceBehavior [ RunTime:0.000064s ]
INFO: [ template_filter ] --END-- [ RunTime:0.000111s ]
INFO: Run Behavior\ParseTemplateBehavior [ RunTime:0.010813s ]
INFO: [ view_parse ] --END-- [ RunTime:0.010857s ]
INFO: [ view_filter ] --START--
INFO: Run Behavior\WriteHtmlCacheBehavior [ RunTime:0.000278s ]
INFO: [ view_filter ] --END-- [ RunTime:0.000308s ]
INFO: [ app_end ] --START--
INFO: Run Behavior\ShowPageTraceBehavior [ RunTime:0.000561s ]
INFO: [ app_end ] --END-- [ RunTime:0.000598s ]

[ 2018-12-14T21:19:24+08:00 ] 127.0.0.1 /index.php?s=/demodata/index/form_id/12274.html
INFO: [ app_init ] --START--
INFO: Run Behavior\BuildLiteBehavior [ RunTime:0.000015s ]
INFO: [ app_init ] --END-- [ RunTime:0.000479s ]
INFO: [ app_begin ] --START--
INFO: Run Behavior\ReadHtmlCacheBehavior [ RunTime:0.000389s ]
INFO: [ app_begin ] --END-- [ RunTime:0.000432s ]
SQL: SHOW COLUMNS FROM `form` [ RunTime:0.0190s ]
SQL: SELECT * FROM `form` WHERE `id` = 12274 AND `is_del` = 0 LIMIT 1   [ RunTime:0.0016s ]
SQL: SHOW COLUMNS FROM `foreign_test` [ RunTime:0.0119s ]
SQL: SELECT COUNT(id) AS tp_count FROM `foreign_test` WHERE `form_id` = 12274 AND `is_del` = 0 LIMIT 1   [ RunTime:0.0006s ]
NOTIC: [8] Undefined variable: page F:\WWW\biaodian\formdesign-master\Formdesign4_1_Ueditor1_4_2_Thinkphp3_2\Application\Home\Controller\DemodataController.class.php 第 57 行.
INFO: [ view_parse ] --START--
INFO: [ template_filter ] --START--
INFO: Run Behavior\ContentReplaceBehavior [ RunTime:0.000046s ]
INFO: [ template_filter ] --END-- [ RunTime:0.000085s ]
INFO: Run Behavior\ParseTemplateBehavior [ RunTime:0.010847s ]
INFO: [ view_parse ] --END-- [ RunTime:0.010894s ]
INFO: [ view_filter ] --START--
INFO: Run Behavior\WriteHtmlCacheBehavior [ RunTime:0.000291s ]
INFO: [ view_filter ] --END-- [ RunTime:0.000319s ]
INFO: [ app_end ] --START--
INFO: Run Behavior\ShowPageTraceBehavior [ RunTime:0.000579s ]
INFO: [ app_end ] --END-- [ RunTime:0.000632s ]

[ 2018-12-14T21:19:26+08:00 ] 127.0.0.1 /index.php?s=/demodata/add/form_id/12274.html
INFO: [ app_init ] --START--
INFO: Run Behavior\BuildLiteBehavior [ RunTime:0.000009s ]
INFO: [ app_init ] --END-- [ RunTime:0.000235s ]
INFO: [ app_begin ] --START--
INFO: Run Behavior\ReadHtmlCacheBehavior [ RunTime:0.000285s ]
INFO: [ app_begin ] --END-- [ RunTime:0.000315s ]
SQL: SHOW COLUMNS FROM `form` [ RunTime:0.0094s ]
SQL: SELECT * FROM `form` WHERE `id` = 12274 AND `is_del` = 0 LIMIT 1   [ RunTime:0.0012s ]
NOTIC: [8] Undefined index: data_18 F:\WWW\biaodian\formdesign-master\Formdesign4_1_Ueditor1_4_2_Thinkphp3_2\Application\Home\Org\Formdesign.class.php 第 369 行.
NOTIC: [8] unserialize(): Error at offset 0 of 20 bytes F:\WWW\biaodian\formdesign-master\Formdesign4_1_Ueditor1_4_2_Thinkphp3_2\Application\Home\Org\Formdesign.class.php 第 395 行.
NOTIC: [8] Undefined index: value F:\WWW\biaodian\formdesign-master\Formdesign4_1_Ueditor1_4_2_Thinkphp3_2\Application\Home\Org\Formdesign.class.php 第 305 行.
INFO: [ view_parse ] --START--
INFO: [ template_filter ] --START--
INFO: Run Behavior\ContentReplaceBehavior [ RunTime:0.000060s ]
INFO: [ template_filter ] --END-- [ RunTime:0.000133s ]
NOTIC: [8] Undefined index: id F:\WWW\biaodian\formdesign-master\Formdesign4_1_Ueditor1_4_2_Thinkphp3_2\Application\Runtime\Cache\Home\4b79fa7461d3bdf815a288bd032569c2.php 第 82 行.
NOTIC: [8] Undefined index: name F:\WWW\biaodian\formdesign-master\Formdesign4_1_Ueditor1_4_2_Thinkphp3_2\Application\Runtime\Cache\Home\4b79fa7461d3bdf815a288bd032569c2.php 第 86 行.
INFO: Run Behavior\ParseTemplateBehavior [ RunTime:0.011509s ]
INFO: [ view_parse ] --END-- [ RunTime:0.011557s ]
INFO: [ view_filter ] --START--
INFO: Run Behavior\WriteHtmlCacheBehavior [ RunTime:0.000343s ]
INFO: [ view_filter ] --END-- [ RunTime:0.000382s ]
INFO: [ app_end ] --START--
INFO: Run Behavior\ShowPageTraceBehavior [ RunTime:0.000574s ]
INFO: [ app_end ] --END-- [ RunTime:0.000620s ]

[ 2018-12-14T21:19:36+08:00 ] 127.0.0.1 /index.php?s=/demo/formdesign/form_id/12274.html
INFO: [ app_init ] --START--
INFO: Run Behavior\BuildLiteBehavior [ RunTime:0.000010s ]
INFO: [ app_init ] --END-- [ RunTime:0.000289s ]
INFO: [ app_begin ] --START--
INFO: Run Behavior\ReadHtmlCacheBehavior [ RunTime:0.000359s ]
INFO: [ app_begin ] --END-- [ RunTime:0.000405s ]
SQL: SHOW COLUMNS FROM `form` [ RunTime:0.0156s ]
SQL: SELECT * FROM `form` WHERE `id` = 12274 AND `is_del` = 0 LIMIT 1   [ RunTime:0.0012s ]
INFO: [ view_parse ] --START--
INFO: [ template_filter ] --START--
INFO: Run Behavior\ContentReplaceBehavior [ RunTime:0.000090s ]
INFO: [ template_filter ] --END-- [ RunTime:0.000140s ]
INFO: Run Behavior\ParseTemplateBehavior [ RunTime:0.019570s ]
INFO: [ view_parse ] --END-- [ RunTime:0.019620s ]
INFO: [ view_filter ] --START--
INFO: Run Behavior\WriteHtmlCacheBehavior [ RunTime:0.000340s ]
INFO: [ view_filter ] --END-- [ RunTime:0.000373s ]
INFO: [ app_end ] --START--
INFO: Run Behavior\ShowPageTraceBehavior [ RunTime:0.000528s ]
INFO: [ app_end ] --END-- [ RunTime:0.000570s ]

[ 2018-12-14T21:19:40+08:00 ] 127.0.0.1 /index.php?s=/demo/preview/form_id/12274.html
INFO: [ app_init ] --START--
INFO: Run Behavior\BuildLiteBehavior [ RunTime:0.000012s ]
INFO: [ app_init ] --END-- [ RunTime:0.000302s ]
INFO: [ app_begin ] --START--
INFO: Run Behavior\ReadHtmlCacheBehavior [ RunTime:0.000364s ]
INFO: [ app_begin ] --END-- [ RunTime:0.000400s ]
SQL: SHOW COLUMNS FROM `form` [ RunTime:0.0165s ]
SQL: SELECT * FROM `form` WHERE `id` = 12274 AND `is_del` = 0 LIMIT 1   [ RunTime:0.0013s ]
NOTIC: [8] Undefined index: data_18 F:\WWW\biaodian\formdesign-master\Formdesign4_1_Ueditor1_4_2_Thinkphp3_2\Application\Home\Org\Formdesign.class.php 第 369 行.
NOTIC: [8] unserialize(): Error at offset 0 of 20 bytes F:\WWW\biaodian\formdesign-master\Formdesign4_1_Ueditor1_4_2_Thinkphp3_2\Application\Home\Org\Formdesign.class.php 第 395 行.
NOTIC: [8] Undefined index: value F:\WWW\biaodian\formdesign-master\Formdesign4_1_Ueditor1_4_2_Thinkphp3_2\Application\Home\Org\Formdesign.class.php 第 305 行.
INFO: [ view_parse ] --START--
INFO: [ template_filter ] --START--
INFO: Run Behavior\ContentReplaceBehavior [ RunTime:0.000074s ]
INFO: [ template_filter ] --END-- [ RunTime:0.000135s ]
INFO: Run Behavior\ParseTemplateBehavior [ RunTime:0.017245s ]
INFO: [ view_parse ] --END-- [ RunTime:0.017313s ]
INFO: [ view_filter ] --START--
INFO: Run Behavior\WriteHtmlCacheBehavior [ RunTime:0.000427s ]
INFO: [ view_filter ] --END-- [ RunTime:0.000579s ]
INFO: [ app_end ] --START--
INFO: Run Behavior\ShowPageTraceBehavior [ RunTime:0.001216s ]
INFO: [ app_end ] --END-- [ RunTime:0.001309s ]

[ 2018-12-14T21:24:23+08:00 ] 127.0.0.1 /index.php?s=/demodata/index/form_id/12274.html
INFO: [ app_init ] --START--
INFO: Run Behavior\BuildLiteBehavior [ RunTime:0.000017s ]
INFO: [ app_init ] --END-- [ RunTime:0.000561s ]
INFO: [ app_begin ] --START--
INFO: Run Behavior\ReadHtmlCacheBehavior [ RunTime:0.000446s ]
INFO: [ app_begin ] --END-- [ RunTime:0.000489s ]
SQL: SHOW COLUMNS FROM `form` [ RunTime:0.0087s ]
SQL: SELECT * FROM `form` WHERE `id` = 12274 AND `is_del` = 0 LIMIT 1   [ RunTime:0.0011s ]
SQL: SHOW COLUMNS FROM `foreign_test` [ RunTime:0.0073s ]
SQL: SELECT COUNT(id) AS tp_count FROM `foreign_test` WHERE `form_id` = 12274 AND `is_del` = 0 LIMIT 1   [ RunTime:0.0006s ]
NOTIC: [8] Undefined variable: page F:\WWW\biaodian\formdesign-master\Formdesign4_1_Ueditor1_4_2_Thinkphp3_2\Application\Home\Controller\DemodataController.class.php 第 57 行.
INFO: [ view_parse ] --START--
INFO: [ template_filter ] --START--
INFO: Run Behavior\ContentReplaceBehavior [ RunTime:0.000050s ]
INFO: [ template_filter ] --END-- [ RunTime:0.000089s ]
INFO: Run Behavior\ParseTemplateBehavior [ RunTime:0.020432s ]
INFO: [ view_parse ] --END-- [ RunTime:0.020480s ]
INFO: [ view_filter ] --START--
INFO: Run Behavior\WriteHtmlCacheBehavior [ RunTime:0.000306s ]
INFO: [ view_filter ] --END-- [ RunTime:0.000342s ]
INFO: [ app_end ] --START--
INFO: Run Behavior\ShowPageTraceBehavior [ RunTime:0.000728s ]
INFO: [ app_end ] --END-- [ RunTime:0.000788s ]

[ 2018-12-14T21:28:12+08:00 ] 127.0.0.1 /index.php?s=/Home/Demo/index/p/1.html
INFO: [ app_init ] --START--
INFO: Run Behavior\BuildLiteBehavior [ RunTime:0.000009s ]
INFO: [ app_init ] --END-- [ RunTime:0.000272s ]
INFO: [ app_begin ] --START--
INFO: Run Behavior\ReadHtmlCacheBehavior [ RunTime:0.000311s ]
INFO: [ app_begin ] --END-- [ RunTime:0.000342s ]

[ 2018-12-14T21:28:24+08:00 ] 127.0.0.1 /index.php?s=/Home/Demo/index/p/1.html
INFO: [ app_init ] --START--
INFO: Run Behavior\BuildLiteBehavior [ RunTime:0.000014s ]
INFO: [ app_init ] --END-- [ RunTime:0.000281s ]
INFO: [ app_begin ] --START--
INFO: Run Behavior\ReadHtmlCacheBehavior [ RunTime:0.000315s ]
INFO: [ app_begin ] --END-- [ RunTime:0.000347s ]
SQL: SHOW COLUMNS FROM `form` [ RunTime:0.0136s ]
SQL: SELECT COUNT(id) AS tp_count FROM `form` WHERE `is_del` = 0 LIMIT 1   [ RunTime:0.7767s ]
SQL: SELECT `id`,`form_name`,`form_desc`,`fields`,`updatetime`,`dateline` FROM `form` WHERE `is_del` = 0 ORDER BY id desc LIMIT 0,5   [ RunTime:0.0013s ]
INFO: [ view_parse ] --START--
INFO: [ template_filter ] --START--
INFO: Run Behavior\ContentReplaceBehavior [ RunTime:0.000045s ]
INFO: [ template_filter ] --END-- [ RunTime:0.000073s ]
INFO: Run Behavior\ParseTemplateBehavior [ RunTime:0.008289s ]
INFO: [ view_parse ] --END-- [ RunTime:0.008323s ]
INFO: [ view_filter ] --START--
INFO: Run Behavior\WriteHtmlCacheBehavior [ RunTime:0.000189s ]
INFO: [ view_filter ] --END-- [ RunTime:0.000212s ]
INFO: [ app_end ] --START--
INFO: Run Behavior\ShowPageTraceBehavior [ RunTime:0.000372s ]
INFO: [ app_end ] --END-- [ RunTime:0.000397s ]

[ 2018-12-14T21:34:35+08:00 ] 127.0.0.1 /index.php?s=/demodata/index/form_id/12274.html
INFO: [ app_init ] --START--
INFO: Run Behavior\BuildLiteBehavior [ RunTime:0.000012s ]
INFO: [ app_init ] --END-- [ RunTime:0.000272s ]
INFO: [ app_begin ] --START--
INFO: Run Behavior\ReadHtmlCacheBehavior [ RunTime:0.000366s ]
INFO: [ app_begin ] --END-- [ RunTime:0.000398s ]
SQL: SHOW COLUMNS FROM `form` [ RunTime:0.0048s ]
SQL: SELECT * FROM `form` WHERE `id` = 12274 AND `is_del` = 0 LIMIT 1   [ RunTime:0.0013s ]

[ 2018-12-14T21:38:18+08:00 ] 127.0.0.1 /index.php?s=/Home/Demo/index/p/1.html
INFO: [ app_init ] --START--
INFO: Run Behavior\BuildLiteBehavior [ RunTime:0.000011s ]
INFO: [ app_init ] --END-- [ RunTime:0.000388s ]
INFO: [ app_begin ] --START--
INFO: Run Behavior\ReadHtmlCacheBehavior [ RunTime:0.000392s ]
INFO: [ app_begin ] --END-- [ RunTime:0.000426s ]
SQL: SHOW COLUMNS FROM `form` [ RunTime:0.0073s ]
SQL: SELECT COUNT(id) AS tp_count FROM `form` WHERE `is_del` = 0 LIMIT 1   [ RunTime:0.7735s ]
SQL: SELECT `id`,`form_name`,`form_desc`,`fields`,`updatetime`,`dateline` FROM `form` WHERE `is_del` = 0 ORDER BY id desc LIMIT 0,5   [ RunTime:0.0012s ]
INFO: [ view_parse ] --START--
INFO: [ template_filter ] --START--
INFO: Run Behavior\ContentReplaceBehavior [ RunTime:0.000050s ]
INFO: [ template_filter ] --END-- [ RunTime:0.000084s ]
INFO: Run Behavior\ParseTemplateBehavior [ RunTime:0.021234s ]
INFO: [ view_parse ] --END-- [ RunTime:0.021297s ]
INFO: [ view_filter ] --START--
INFO: Run Behavior\WriteHtmlCacheBehavior [ RunTime:0.000500s ]
INFO: [ view_filter ] --END-- [ RunTime:0.000546s ]
INFO: [ app_end ] --START--
INFO: Run Behavior\ShowPageTraceBehavior [ RunTime:0.000491s ]
INFO: [ app_end ] --END-- [ RunTime:0.000522s ]

[ 2018-12-14T21:38:54+08:00 ] 127.0.0.1 /index.php?s=/demodata/index/form_id/12274.html
INFO: [ app_init ] --START--
INFO: Run Behavior\BuildLiteBehavior [ RunTime:0.000008s ]
INFO: [ app_init ] --END-- [ RunTime:0.000258s ]
INFO: [ app_begin ] --START--
INFO: Run Behavior\ReadHtmlCacheBehavior [ RunTime:0.000333s ]
INFO: [ app_begin ] --END-- [ RunTime:0.000364s ]
SQL: SHOW COLUMNS FROM `form` [ RunTime:0.0127s ]
SQL: SELECT * FROM `form` WHERE `id` = 12274 AND `is_del` = 0 LIMIT 1   [ RunTime:0.0016s ]
SQL: SHOW COLUMNS FROM `foreign_test` [ RunTime:0.0104s ]
SQL: SELECT COUNT(id) AS tp_count FROM `foreign_test` WHERE `form_id` = 12274 AND `is_del` = 0 LIMIT 1   [ RunTime:0.0009s ]
NOTIC: [8] Undefined variable: page F:\WWW\biaodian\formdesign-master\Formdesign4_1_Ueditor1_4_2_Thinkphp3_2\Application\Home\Controller\DemodataController.class.php 第 58 行.
INFO: [ view_parse ] --START--
INFO: [ template_filter ] --START--
INFO: Run Behavior\ContentReplaceBehavior [ RunTime:0.000042s ]
INFO: [ template_filter ] --END-- [ RunTime:0.000075s ]
INFO: Run Behavior\ParseTemplateBehavior [ RunTime:0.010941s ]
INFO: [ view_parse ] --END-- [ RunTime:0.010983s ]
INFO: [ view_filter ] --START--
INFO: Run Behavior\WriteHtmlCacheBehavior [ RunTime:0.000237s ]
INFO: [ view_filter ] --END-- [ RunTime:0.000262s ]
NOTIC: [2] Cannot modify header information - headers already sent by (output started at F:\WWW\biaodian\formdesign-master\Formdesign4_1_Ueditor1_4_2_Thinkphp3_2\ThinkPHP\Common\functions.php:821) F:\WWW\biaodian\formdesign-master\Formdesign4_1_Ueditor1_4_2_Thinkphp3_2\ThinkPHP\Library\Think\View.class.php 第 91 行.
NOTIC: [2] Cannot modify header information - headers already sent by (output started at F:\WWW\biaodian\formdesign-master\Formdesign4_1_Ueditor1_4_2_Thinkphp3_2\ThinkPHP\Common\functions.php:821) F:\WWW\biaodian\formdesign-master\Formdesign4_1_Ueditor1_4_2_Thinkphp3_2\ThinkPHP\Library\Think\View.class.php 第 92 行.
NOTIC: [2] Cannot modify header information - headers already sent by (output started at F:\WWW\biaodian\formdesign-master\Formdesign4_1_Ueditor1_4_2_Thinkphp3_2\ThinkPHP\Common\functions.php:821) F:\WWW\biaodian\formdesign-master\Formdesign4_1_Ueditor1_4_2_Thinkphp3_2\ThinkPHP\Library\Think\View.class.php 第 93 行.
INFO: [ app_end ] --START--
INFO: Run Behavior\ShowPageTraceBehavior [ RunTime:0.000412s ]
INFO: [ app_end ] --END-- [ RunTime:0.000443s ]

[ 2018-12-14T21:39:16+08:00 ] 127.0.0.1 /index.php?s=/demodata/index/form_id/12274.html
INFO: [ app_init ] --START--
INFO: Run Behavior\BuildLiteBehavior [ RunTime:0.000010s ]
INFO: [ app_init ] --END-- [ RunTime:0.000332s ]
INFO: [ app_begin ] --START--
INFO: Run Behavior\ReadHtmlCacheBehavior [ RunTime:0.000398s ]
INFO: [ app_begin ] --END-- [ RunTime:0.000435s ]
SQL: SHOW COLUMNS FROM `form` [ RunTime:0.0061s ]
SQL: SELECT * FROM `form` WHERE `id` = 12274 AND `is_del` = 0 LIMIT 1   [ RunTime:0.0026s ]
SQL: SHOW COLUMNS FROM `foreign_test` [ RunTime:0.0087s ]
SQL: SELECT COUNT(id) AS tp_count FROM `foreign_test` WHERE `form_id` = 12274 AND `is_del` = 0 LIMIT 1   [ RunTime:0.0008s ]
NOTIC: [8] Undefined variable: page F:\WWW\biaodian\formdesign-master\Formdesign4_1_Ueditor1_4_2_Thinkphp3_2\Application\Home\Controller\DemodataController.class.php 第 58 行.
INFO: [ view_parse ] --START--
INFO: [ template_filter ] --START--
INFO: Run Behavior\ContentReplaceBehavior [ RunTime:0.000042s ]
INFO: [ template_filter ] --END-- [ RunTime:0.000075s ]
INFO: Run Behavior\ParseTemplateBehavior [ RunTime:0.017877s ]
INFO: [ view_parse ] --END-- [ RunTime:0.017916s ]
INFO: [ view_filter ] --START--
INFO: Run Behavior\WriteHtmlCacheBehavior [ RunTime:0.000229s ]
INFO: [ view_filter ] --END-- [ RunTime:0.000252s ]
NOTIC: [2] Cannot modify header information - headers already sent by (output started at F:\WWW\biaodian\formdesign-master\Formdesign4_1_Ueditor1_4_2_Thinkphp3_2\ThinkPHP\Common\functions.php:821) F:\WWW\biaodian\formdesign-master\Formdesign4_1_Ueditor1_4_2_Thinkphp3_2\ThinkPHP\Library\Think\View.class.php 第 91 行.
NOTIC: [2] Cannot modify header information - headers already sent by (output started at F:\WWW\biaodian\formdesign-master\Formdesign4_1_Ueditor1_4_2_Thinkphp3_2\ThinkPHP\Common\functions.php:821) F:\WWW\biaodian\formdesign-master\Formdesign4_1_Ueditor1_4_2_Thinkphp3_2\ThinkPHP\Library\Think\View.class.php 第 92 行.
NOTIC: [2] Cannot modify header information - headers already sent by (output started at F:\WWW\biaodian\formdesign-master\Formdesign4_1_Ueditor1_4_2_Thinkphp3_2\ThinkPHP\Common\functions.php:821) F:\WWW\biaodian\formdesign-master\Formdesign4_1_Ueditor1_4_2_Thinkphp3_2\ThinkPHP\Library\Think\View.class.php 第 93 行.
INFO: [ app_end ] --START--
INFO: Run Behavior\ShowPageTraceBehavior [ RunTime:0.000363s ]
INFO: [ app_end ] --END-- [ RunTime:0.000389s ]

[ 2018-12-14T21:41:56+08:00 ] 127.0.0.1 /index.php?s=/demodata/index/form_id/12274.html
INFO: [ app_init ] --START--
INFO: Run Behavior\BuildLiteBehavior [ RunTime:0.000010s ]
INFO: [ app_init ] --END-- [ RunTime:0.000279s ]
INFO: [ app_begin ] --START--
INFO: Run Behavior\ReadHtmlCacheBehavior [ RunTime:0.000350s ]
INFO: [ app_begin ] --END-- [ RunTime:0.000380s ]
SQL: SHOW COLUMNS FROM `form` [ RunTime:0.0125s ]
SQL: SELECT * FROM `form` WHERE `id` = 12274 AND `is_del` = 0 LIMIT 1   [ RunTime:0.0008s ]
SQL: SHOW COLUMNS FROM `foreign_test` [ RunTime:0.0046s ]
SQL: SELECT COUNT(id) AS tp_count FROM `foreign_test` WHERE `form_id` = 12274 AND `is_del` = 0 LIMIT 1   [ RunTime:0.0004s ]
NOTIC: [8] Undefined variable: page F:\WWW\biaodian\formdesign-master\Formdesign4_1_Ueditor1_4_2_Thinkphp3_2\Application\Home\Controller\DemodataController.class.php 第 58 行.
INFO: [ view_parse ] --START--
INFO: [ template_filter ] --START--
INFO: Run Behavior\ContentReplaceBehavior [ RunTime:0.000043s ]
INFO: [ template_filter ] --END-- [ RunTime:0.000076s ]
INFO: Run Behavior\ParseTemplateBehavior [ RunTime:0.012194s ]
INFO: [ view_parse ] --END-- [ RunTime:0.012234s ]
INFO: [ view_filter ] --START--
INFO: Run Behavior\WriteHtmlCacheBehavior [ RunTime:0.000249s ]
INFO: [ view_filter ] --END-- [ RunTime:0.000274s ]
NOTIC: [2] Cannot modify header information - headers already sent by (output started at F:\WWW\biaodian\formdesign-master\Formdesign4_1_Ueditor1_4_2_Thinkphp3_2\ThinkPHP\Common\functions.php:821) F:\WWW\biaodian\formdesign-master\Formdesign4_1_Ueditor1_4_2_Thinkphp3_2\ThinkPHP\Library\Think\View.class.php 第 91 行.
NOTIC: [2] Cannot modify header information - headers already sent by (output started at F:\WWW\biaodian\formdesign-master\Formdesign4_1_Ueditor1_4_2_Thinkphp3_2\ThinkPHP\Common\functions.php:821) F:\WWW\biaodian\formdesign-master\Formdesign4_1_Ueditor1_4_2_Thinkphp3_2\ThinkPHP\Library\Think\View.class.php 第 92 行.
NOTIC: [2] Cannot modify header information - headers already sent by (output started at F:\WWW\biaodian\formdesign-master\Formdesign4_1_Ueditor1_4_2_Thinkphp3_2\ThinkPHP\Common\functions.php:821) F:\WWW\biaodian\formdesign-master\Formdesign4_1_Ueditor1_4_2_Thinkphp3_2\ThinkPHP\Library\Think\View.class.php 第 93 行.
INFO: [ app_end ] --START--
INFO: Run Behavior\ShowPageTraceBehavior [ RunTime:0.000373s ]
INFO: [ app_end ] --END-- [ RunTime:0.000400s ]

[ 2018-12-14T21:46:55+08:00 ] 127.0.0.1 /index.php?s=/demodata/index/form_id/12274.html
INFO: [ app_init ] --START--
INFO: Run Behavior\BuildLiteBehavior [ RunTime:0.000011s ]
INFO: [ app_init ] --END-- [ RunTime:0.000343s ]
INFO: [ app_begin ] --START--
INFO: Run Behavior\ReadHtmlCacheBehavior [ RunTime:0.000470s ]
INFO: [ app_begin ] --END-- [ RunTime:0.000507s ]
SQL: SHOW COLUMNS FROM `form` [ RunTime:0.0060s ]
SQL: SELECT * FROM `form` WHERE `id` = 12274 AND `is_del` = 0 LIMIT 1   [ RunTime:0.0008s ]
SQL: SHOW COLUMNS FROM `foreign_test` [ RunTime:0.0049s ]
SQL: SELECT COUNT(id) AS tp_count FROM `foreign_test` WHERE `form_id` = 12274 AND `is_del` = 0 LIMIT 1   [ RunTime:0.0008s ]
NOTIC: [8] Undefined variable: page F:\WWW\biaodian\formdesign-master\Formdesign4_1_Ueditor1_4_2_Thinkphp3_2\Application\Home\Controller\DemodataController.class.php 第 58 行.
INFO: [ view_parse ] --START--
INFO: [ template_filter ] --START--
INFO: Run Behavior\ContentReplaceBehavior [ RunTime:0.000042s ]
INFO: [ template_filter ] --END-- [ RunTime:0.000080s ]
INFO: Run Behavior\ParseTemplateBehavior [ RunTime:0.010143s ]
INFO: [ view_parse ] --END-- [ RunTime:0.010190s ]
INFO: [ view_filter ] --START--
INFO: Run Behavior\WriteHtmlCacheBehavior [ RunTime:0.000221s ]
INFO: [ view_filter ] --END-- [ RunTime:0.000243s ]
INFO: [ app_end ] --START--
INFO: Run Behavior\ShowPageTraceBehavior [ RunTime:0.000347s ]
INFO: [ app_end ] --END-- [ RunTime:0.000372s ]

[ 2018-12-14T21:47:10+08:00 ] 127.0.0.1 /index.php?s=/demodata/index/form_id/12274.html
INFO: [ app_init ] --START--
INFO: Run Behavior\BuildLiteBehavior [ RunTime:0.000014s ]
INFO: [ app_init ] --END-- [ RunTime:0.000353s ]
INFO: [ app_begin ] --START--
INFO: Run Behavior\ReadHtmlCacheBehavior [ RunTime:0.000393s ]
INFO: [ app_begin ] --END-- [ RunTime:0.000432s ]
SQL: SHOW COLUMNS FROM `form` [ RunTime:0.0125s ]
SQL: SELECT * FROM `form` WHERE `id` = 12274 AND `is_del` = 0 LIMIT 1   [ RunTime:0.0005s ]
SQL: SHOW COLUMNS FROM `foreign_test` [ RunTime:0.0049s ]
SQL: SELECT COUNT(id) AS tp_count FROM `foreign_test` WHERE `form_id` = 12274 AND `is_del` = 0 LIMIT 1   [ RunTime:0.0003s ]
NOTIC: [8] Undefined variable: page F:\WWW\biaodian\formdesign-master\Formdesign4_1_Ueditor1_4_2_Thinkphp3_2\Application\Home\Controller\DemodataController.class.php 第 59 行.
INFO: [ view_parse ] --START--
INFO: [ template_filter ] --START--
INFO: Run Behavior\ContentReplaceBehavior [ RunTime:0.000039s ]
INFO: [ template_filter ] --END-- [ RunTime:0.000072s ]
INFO: Run Behavior\ParseTemplateBehavior [ RunTime:0.017392s ]
INFO: [ view_parse ] --END-- [ RunTime:0.017428s ]
INFO: [ view_filter ] --START--
INFO: Run Behavior\WriteHtmlCacheBehavior [ RunTime:0.000222s ]
INFO: [ view_filter ] --END-- [ RunTime:0.000244s ]
INFO: [ app_end ] --START--
INFO: Run Behavior\ShowPageTraceBehavior [ RunTime:0.000348s ]
INFO: [ app_end ] --END-- [ RunTime:0.000373s ]

[ 2018-12-14T21:48:10+08:00 ] 127.0.0.1 /index.php?s=/demodata/add/form_id/12274.html
INFO: [ app_init ] --START--
INFO: Run Behavior\BuildLiteBehavior [ RunTime:0.000076s ]
INFO: [ app_init ] --END-- [ RunTime:0.000304s ]
INFO: [ app_begin ] --START--
INFO: Run Behavior\ReadHtmlCacheBehavior [ RunTime:0.000313s ]
INFO: [ app_begin ] --END-- [ RunTime:0.000344s ]
SQL: SHOW COLUMNS FROM `form` [ RunTime:0.0059s ]
SQL: SELECT * FROM `form` WHERE `id` = 12274 AND `is_del` = 0 LIMIT 1   [ RunTime:0.0008s ]
NOTIC: [8] Undefined index: data_18 F:\WWW\biaodian\formdesign-master\Formdesign4_1_Ueditor1_4_2_Thinkphp3_2\Application\Home\Org\Formdesign.class.php 第 369 行.
NOTIC: [8] unserialize(): Error at offset 0 of 20 bytes F:\WWW\biaodian\formdesign-master\Formdesign4_1_Ueditor1_4_2_Thinkphp3_2\Application\Home\Org\Formdesign.class.php 第 395 行.
NOTIC: [8] Undefined index: value F:\WWW\biaodian\formdesign-master\Formdesign4_1_Ueditor1_4_2_Thinkphp3_2\Application\Home\Org\Formdesign.class.php 第 305 行.
INFO: [ view_parse ] --START--
INFO: [ template_filter ] --START--
INFO: Run Behavior\ContentReplaceBehavior [ RunTime:0.000038s ]
INFO: [ template_filter ] --END-- [ RunTime:0.000068s ]
NOTIC: [8] Undefined index: id F:\WWW\biaodian\formdesign-master\Formdesign4_1_Ueditor1_4_2_Thinkphp3_2\Application\Runtime\Cache\Home\4b79fa7461d3bdf815a288bd032569c2.php 第 82 行.
NOTIC: [8] Undefined index: name F:\WWW\biaodian\formdesign-master\Formdesign4_1_Ueditor1_4_2_Thinkphp3_2\Application\Runtime\Cache\Home\4b79fa7461d3bdf815a288bd032569c2.php 第 86 行.
INFO: Run Behavior\ParseTemplateBehavior [ RunTime:0.006924s ]
INFO: [ view_parse ] --END-- [ RunTime:0.006954s ]
INFO: [ view_filter ] --START--
INFO: Run Behavior\WriteHtmlCacheBehavior [ RunTime:0.000221s ]
INFO: [ view_filter ] --END-- [ RunTime:0.000245s ]
INFO: [ app_end ] --START--
INFO: Run Behavior\ShowPageTraceBehavior [ RunTime:0.000355s ]
INFO: [ app_end ] --END-- [ RunTime:0.000382s ]

[ 2018-12-14T21:48:32+08:00 ] 127.0.0.1 /index.php?s=/demodata/add.html
INFO: [ app_init ] --START--
INFO: Run Behavior\BuildLiteBehavior [ RunTime:0.000009s ]
INFO: [ app_init ] --END-- [ RunTime:0.000242s ]
INFO: [ app_begin ] --START--
INFO: Run Behavior\ReadHtmlCacheBehavior [ RunTime:0.000271s ]
INFO: [ app_begin ] --END-- [ RunTime:0.000302s ]
SQL: SHOW COLUMNS FROM `form` [ RunTime:0.0055s ]
SQL: SELECT * FROM `form` WHERE `id` = 12274 AND `is_del` = 0 LIMIT 1   [ RunTime:0.0010s ]
SQL: SHOW COLUMNS FROM `foreign_test` [ RunTime:0.0050s ]
SQL: INSERT INTO `foreign_test` (`name`,`updatetime`,`form_id`,`dateline`) VALUES ('12274','1544795312','12274','1544795312') [ RunTime:0.0009s ]
ERR: SQLSTATE[42S02]: Base table or view not found: 1146 Table 'bick.form_data_12274' doesn't exist

[ 2018-12-14T21:49:08+08:00 ] 127.0.0.1 /index.php?s=/demodata/add/form_id/52.html
INFO: [ app_init ] --START--
INFO: Run Behavior\BuildLiteBehavior [ RunTime:0.000009s ]
INFO: [ app_init ] --END-- [ RunTime:0.000238s ]
INFO: [ app_begin ] --START--
INFO: Run Behavior\ReadHtmlCacheBehavior [ RunTime:0.000283s ]
INFO: [ app_begin ] --END-- [ RunTime:0.000311s ]
SQL: SHOW COLUMNS FROM `form` [ RunTime:0.0141s ]
SQL: SELECT * FROM `form` WHERE `id` = 52 AND `is_del` = 0 LIMIT 1   [ RunTime:0.0017s ]
INFO: [ view_parse ] --START--
INFO: [ template_filter ] --START--
INFO: Run Behavior\ContentReplaceBehavior [ RunTime:0.000021s ]
INFO: [ template_filter ] --END-- [ RunTime:0.000054s ]
INFO: Run Behavior\ParseTemplateBehavior [ RunTime:0.006928s ]
INFO: [ view_parse ] --END-- [ RunTime:0.006966s ]
INFO: [ view_filter ] --START--
INFO: Run Behavior\WriteHtmlCacheBehavior [ RunTime:0.000219s ]
INFO: [ view_filter ] --END-- [ RunTime:0.000243s ]

[ 2018-12-14T21:49:17+08:00 ] 127.0.0.1 /index.php?s=/demodata/add/form_id/52.html
INFO: [ app_init ] --START--
INFO: Run Behavior\BuildLiteBehavior [ RunTime:0.000010s ]
INFO: [ app_init ] --END-- [ RunTime:0.001125s ]
INFO: [ app_begin ] --START--
INFO: Run Behavior\ReadHtmlCacheBehavior [ RunTime:0.000322s ]
INFO: [ app_begin ] --END-- [ RunTime:0.000353s ]
SQL: SHOW COLUMNS FROM `form` [ RunTime:0.0141s ]
SQL: SELECT * FROM `form` WHERE `id` = 52 AND `is_del` = 0 LIMIT 1   [ RunTime:0.0005s ]
INFO: [ view_parse ] --START--
INFO: [ template_filter ] --START--
INFO: Run Behavior\ContentReplaceBehavior [ RunTime:0.000020s ]
INFO: [ template_filter ] --END-- [ RunTime:0.000047s ]
INFO: Run Behavior\ParseTemplateBehavior [ RunTime:0.005426s ]
INFO: [ view_parse ] --END-- [ RunTime:0.005476s ]
INFO: [ view_filter ] --START--
INFO: Run Behavior\WriteHtmlCacheBehavior [ RunTime:0.000321s ]
INFO: [ view_filter ] --END-- [ RunTime:0.000366s ]

[ 2018-12-14T21:49:30+08:00 ] 127.0.0.1 /index.php?s=/demodata/index/form_id/12274.html
INFO: [ app_init ] --START--
INFO: Run Behavior\BuildLiteBehavior [ RunTime:0.000009s ]
INFO: [ app_init ] --END-- [ RunTime:0.000236s ]
INFO: [ app_begin ] --START--
INFO: Run Behavior\ReadHtmlCacheBehavior [ RunTime:0.000325s ]
INFO: [ app_begin ] --END-- [ RunTime:0.000359s ]
SQL: SHOW COLUMNS FROM `form` [ RunTime:0.0049s ]
SQL: SELECT * FROM `form` WHERE `id` = 12274 AND `is_del` = 0 LIMIT 1   [ RunTime:0.0007s ]
SQL: SHOW COLUMNS FROM `foreign_test` [ RunTime:0.0047s ]
SQL: SELECT COUNT(id) AS tp_count FROM `foreign_test` WHERE `form_id` = 12274 AND `is_del` = 0 LIMIT 1   [ RunTime:0.0006s ]
NOTIC: [8] Undefined variable: page F:\WWW\biaodian\formdesign-master\Formdesign4_1_Ueditor1_4_2_Thinkphp3_2\Application\Home\Controller\DemodataController.class.php 第 59 行.
INFO: [ view_parse ] --START--
INFO: [ template_filter ] --START--
INFO: Run Behavior\ContentReplaceBehavior [ RunTime:0.000039s ]
INFO: [ template_filter ] --END-- [ RunTime:0.000069s ]
INFO: Run Behavior\ParseTemplateBehavior [ RunTime:0.007661s ]
INFO: [ view_parse ] --END-- [ RunTime:0.007696s ]
INFO: [ view_filter ] --START--
INFO: Run Behavior\WriteHtmlCacheBehavior [ RunTime:0.000219s ]
INFO: [ view_filter ] --END-- [ RunTime:0.000242s ]
INFO: [ app_end ] --START--
INFO: Run Behavior\ShowPageTraceBehavior [ RunTime:0.004277s ]
INFO: [ app_end ] --END-- [ RunTime:0.004302s ]

[ 2018-12-14T21:49:33+08:00 ] 127.0.0.1 /
INFO: [ app_init ] --START--
INFO: Run Behavior\BuildLiteBehavior [ RunTime:0.000009s ]
INFO: [ app_init ] --END-- [ RunTime:0.000231s ]
INFO: [ app_begin ] --START--
INFO: Run Behavior\ReadHtmlCacheBehavior [ RunTime:0.000276s ]
INFO: [ app_begin ] --END-- [ RunTime:0.000305s ]
INFO: [ view_parse ] --START--
INFO: [ template_filter ] --START--
INFO: Run Behavior\ContentReplaceBehavior [ RunTime:0.000109s ]
INFO: [ template_filter ] --END-- [ RunTime:0.000145s ]
INFO: Run Behavior\ParseTemplateBehavior [ RunTime:0.010747s ]
INFO: [ view_parse ] --END-- [ RunTime:0.010786s ]
INFO: [ view_filter ] --START--
INFO: Run Behavior\WriteHtmlCacheBehavior [ RunTime:0.000267s ]
INFO: [ view_filter ] --END-- [ RunTime:0.000296s ]
INFO: [ app_end ] --START--
INFO: Run Behavior\ShowPageTraceBehavior [ RunTime:0.000392s ]
INFO: [ app_end ] --END-- [ RunTime:0.000428s ]

[ 2018-12-14T21:51:31+08:00 ] 127.0.0.1 /index.php?s=/Demo/index/p/8.html
INFO: [ app_init ] --START--
INFO: Run Behavior\BuildLiteBehavior [ RunTime:0.000014s ]
INFO: [ app_init ] --END-- [ RunTime:0.000480s ]
INFO: [ app_begin ] --START--
INFO: Run Behavior\ReadHtmlCacheBehavior [ RunTime:0.000441s ]
INFO: [ app_begin ] --END-- [ RunTime:0.000486s ]
SQL: SHOW COLUMNS FROM `form` [ RunTime:0.0133s ]
SQL: SELECT COUNT(id) AS tp_count FROM `form` WHERE `is_del` = 0 LIMIT 1   [ RunTime:0.7476s ]
SQL: SELECT `id`,`form_name`,`form_desc`,`fields`,`updatetime`,`dateline` FROM `form` WHERE `is_del` = 0 ORDER BY id desc LIMIT 35,5   [ RunTime:0.0020s ]
INFO: [ view_parse ] --START--
INFO: [ template_filter ] --START--
INFO: Run Behavior\ContentReplaceBehavior [ RunTime:0.000043s ]
INFO: [ template_filter ] --END-- [ RunTime:0.000072s ]
INFO: Run Behavior\ParseTemplateBehavior [ RunTime:0.009385s ]
INFO: [ view_parse ] --END-- [ RunTime:0.009435s ]
INFO: [ view_filter ] --START--
INFO: Run Behavior\WriteHtmlCacheBehavior [ RunTime:0.000302s ]
INFO: [ view_filter ] --END-- [ RunTime:0.000339s ]
INFO: [ app_end ] --START--
INFO: Run Behavior\ShowPageTraceBehavior [ RunTime:0.000505s ]
INFO: [ app_end ] --END-- [ RunTime:0.000543s ]

[ 2018-12-14T21:51:35+08:00 ] 127.0.0.1 /index.php?s=/Demo/index/p/1639.html
INFO: [ app_init ] --START--
INFO: Run Behavior\BuildLiteBehavior [ RunTime:0.000012s ]
INFO: [ app_init ] --END-- [ RunTime:0.000381s ]
INFO: [ app_begin ] --START--
INFO: Run Behavior\ReadHtmlCacheBehavior [ RunTime:0.000588s ]
INFO: [ app_begin ] --END-- [ RunTime:0.000636s ]
SQL: SHOW COLUMNS FROM `form` [ RunTime:0.0055s ]
SQL: SELECT COUNT(id) AS tp_count FROM `form` WHERE `is_del` = 0 LIMIT 1   [ RunTime:0.7633s ]
SQL: SELECT `id`,`form_name`,`form_desc`,`fields`,`updatetime`,`dateline` FROM `form` WHERE `is_del` = 0 ORDER BY id desc LIMIT 8190,5   [ RunTime:0.2600s ]
INFO: [ view_parse ] --START--
INFO: [ template_filter ] --START--
INFO: Run Behavior\ContentReplaceBehavior [ RunTime:0.000043s ]
INFO: [ template_filter ] --END-- [ RunTime:0.000072s ]
INFO: Run Behavior\ParseTemplateBehavior [ RunTime:0.009252s ]
INFO: [ view_parse ] --END-- [ RunTime:0.009289s ]
INFO: [ view_filter ] --START--
INFO: Run Behavior\WriteHtmlCacheBehavior [ RunTime:0.000162s ]
INFO: [ view_filter ] --END-- [ RunTime:0.000185s ]
INFO: [ app_end ] --START--
INFO: Run Behavior\ShowPageTraceBehavior [ RunTime:0.000359s ]
INFO: [ app_end ] --END-- [ RunTime:0.000383s ]

[ 2018-12-14T21:51:40+08:00 ] 127.0.0.1 /index.php?s=/demodata/index/form_id/0.html
INFO: [ app_init ] --START--
INFO: Run Behavior\BuildLiteBehavior [ RunTime:0.000010s ]
INFO: [ app_init ] --END-- [ RunTime:0.000271s ]
INFO: [ app_begin ] --START--
INFO: Run Behavior\ReadHtmlCacheBehavior [ RunTime:0.000319s ]
INFO: [ app_begin ] --END-- [ RunTime:0.000359s ]
SQL: SHOW COLUMNS FROM `form` [ RunTime:0.0077s ]
SQL: SELECT * FROM `form` WHERE `id` = 0 AND `is_del` = 0 LIMIT 1   [ RunTime:0.0013s ]
SQL: SHOW COLUMNS FROM `foreign_test` [ RunTime:0.0056s ]
SQL: SELECT COUNT(id) AS tp_count FROM `foreign_test` WHERE `form_id` = 0 AND `is_del` = 0 LIMIT 1   [ RunTime:0.0012s ]
NOTIC: [8] Undefined variable: page F:\WWW\biaodian\formdesign-master\Formdesign4_1_Ueditor1_4_2_Thinkphp3_2\Application\Home\Controller\DemodataController.class.php 第 59 行.
INFO: [ view_parse ] --START--
INFO: [ template_filter ] --START--
INFO: Run Behavior\ContentReplaceBehavior [ RunTime:0.000041s ]
INFO: [ template_filter ] --END-- [ RunTime:0.000078s ]
INFO: Run Behavior\ParseTemplateBehavior [ RunTime:0.009154s ]
INFO: [ view_parse ] --END-- [ RunTime:0.009213s ]
INFO: [ view_filter ] --START--
INFO: Run Behavior\WriteHtmlCacheBehavior [ RunTime:0.000154s ]
INFO: [ view_filter ] --END-- [ RunTime:0.000177s ]
INFO: [ app_end ] --START--
INFO: Run Behavior\ShowPageTraceBehavior [ RunTime:0.000357s ]
INFO: [ app_end ] --END-- [ RunTime:0.000381s ]

[ 2018-12-14T21:51:42+08:00 ] 127.0.0.1 /index.php?s=/demodata/add/form_id/0.html
INFO: [ app_init ] --START--
INFO: Run Behavior\BuildLiteBehavior [ RunTime:0.000010s ]
INFO: [ app_init ] --END-- [ RunTime:0.000277s ]
INFO: [ app_begin ] --START--
INFO: Run Behavior\ReadHtmlCacheBehavior [ RunTime:0.000418s ]
INFO: [ app_begin ] --END-- [ RunTime:0.000461s ]
NOTIC: [8] Undefined index: content_data F:\WWW\biaodian\formdesign-master\Formdesign4_1_Ueditor1_4_2_Thinkphp3_2\Application\Home\Org\Formdesign.class.php 第 295 行.
NOTIC: [8] Undefined index: content_parse F:\WWW\biaodian\formdesign-master\Formdesign4_1_Ueditor1_4_2_Thinkphp3_2\Application\Home\Org\Formdesign.class.php 第 296 行.
NOTIC: [2] Invalid argument supplied for foreach() F:\WWW\biaodian\formdesign-master\Formdesign4_1_Ueditor1_4_2_Thinkphp3_2\Application\Home\Org\Formdesign.class.php 第 302 行.
INFO: [ view_parse ] --START--
INFO: [ template_filter ] --START--
INFO: Run Behavior\ContentReplaceBehavior [ RunTime:0.000050s ]
INFO: [ template_filter ] --END-- [ RunTime:0.000082s ]
NOTIC: [8] Undefined index: id F:\WWW\biaodian\formdesign-master\Formdesign4_1_Ueditor1_4_2_Thinkphp3_2\Application\Runtime\Cache\Home\4b79fa7461d3bdf815a288bd032569c2.php 第 74 行.
NOTIC: [8] Undefined index: form_name F:\WWW\biaodian\formdesign-master\Formdesign4_1_Ueditor1_4_2_Thinkphp3_2\Application\Runtime\Cache\Home\4b79fa7461d3bdf815a288bd032569c2.php 第 74 行.
NOTIC: [8] Undefined index: id F:\WWW\biaodian\formdesign-master\Formdesign4_1_Ueditor1_4_2_Thinkphp3_2\Application\Runtime\Cache\Home\4b79fa7461d3bdf815a288bd032569c2.php 第 81 行.
NOTIC: [8] Undefined index: id F:\WWW\biaodian\formdesign-master\Formdesign4_1_Ueditor1_4_2_Thinkphp3_2\Application\Runtime\Cache\Home\4b79fa7461d3bdf815a288bd032569c2.php 第 82 行.
NOTIC: [8] Undefined index: name F:\WWW\biaodian\formdesign-master\Formdesign4_1_Ueditor1_4_2_Thinkphp3_2\Application\Runtime\Cache\Home\4b79fa7461d3bdf815a288bd032569c2.php 第 86 行.
INFO: Run Behavior\ParseTemplateBehavior [ RunTime:0.006994s ]
INFO: [ view_parse ] --END-- [ RunTime:0.007038s ]
INFO: [ view_filter ] --START--
INFO: Run Behavior\WriteHtmlCacheBehavior [ RunTime:0.000235s ]
INFO: [ view_filter ] --END-- [ RunTime:0.000276s ]
INFO: [ app_end ] --START--
INFO: Run Behavior\ShowPageTraceBehavior [ RunTime:0.000364s ]
INFO: [ app_end ] --END-- [ RunTime:0.000388s ]

[ 2018-12-14T21:51:43+08:00 ] 127.0.0.1 /index.php?s=/demodata/add.html
INFO: [ app_init ] --START--
INFO: Run Behavior\BuildLiteBehavior [ RunTime:0.000015s ]
INFO: [ app_init ] --END-- [ RunTime:0.000350s ]
INFO: [ app_begin ] --START--
INFO: Run Behavior\ReadHtmlCacheBehavior [ RunTime:0.000491s ]
INFO: [ app_begin ] --END-- [ RunTime:0.000552s ]
INFO: [ view_parse ] --START--
INFO: [ template_filter ] --START--
INFO: Run Behavior\ContentReplaceBehavior [ RunTime:0.000038s ]
INFO: [ template_filter ] --END-- [ RunTime:0.000097s ]
INFO: Run Behavior\ParseTemplateBehavior [ RunTime:0.008400s ]
INFO: [ view_parse ] --END-- [ RunTime:0.008475s ]
INFO: [ view_filter ] --START--
INFO: Run Behavior\WriteHtmlCacheBehavior [ RunTime:0.000247s ]
INFO: [ view_filter ] --END-- [ RunTime:0.000300s ]

[ 2018-12-14T21:51:47+08:00 ] 127.0.0.1 /index.php?s=/demodata/index/form_id/1.html
INFO: [ app_init ] --START--
INFO: Run Behavior\BuildLiteBehavior [ RunTime:0.000014s ]
INFO: [ app_init ] --END-- [ RunTime:0.000320s ]
INFO: [ app_begin ] --START--
INFO: Run Behavior\ReadHtmlCacheBehavior [ RunTime:0.000587s ]
INFO: [ app_begin ] --END-- [ RunTime:0.000663s ]
SQL: SHOW COLUMNS FROM `form` [ RunTime:0.0095s ]
SQL: SELECT * FROM `form` WHERE `id` = 1 AND `is_del` = 0 LIMIT 1   [ RunTime:0.0017s ]
SQL: SHOW COLUMNS FROM `foreign_test` [ RunTime:0.0067s ]
SQL: SELECT COUNT(id) AS tp_count FROM `foreign_test` WHERE `form_id` = 1 AND `is_del` = 0 LIMIT 1   [ RunTime:0.0005s ]
NOTIC: [8] Undefined variable: page F:\WWW\biaodian\formdesign-master\Formdesign4_1_Ueditor1_4_2_Thinkphp3_2\Application\Home\Controller\DemodataController.class.php 第 59 行.
INFO: [ view_parse ] --START--
INFO: [ template_filter ] --START--
INFO: Run Behavior\ContentReplaceBehavior [ RunTime:0.000053s ]
INFO: [ template_filter ] --END-- [ RunTime:0.000098s ]
INFO: Run Behavior\ParseTemplateBehavior [ RunTime:0.015912s ]
INFO: [ view_parse ] --END-- [ RunTime:0.015959s ]
INFO: [ view_filter ] --START--
INFO: Run Behavior\WriteHtmlCacheBehavior [ RunTime:0.000210s ]
INFO: [ view_filter ] --END-- [ RunTime:0.000239s ]
INFO: [ app_end ] --START--
INFO: Run Behavior\ShowPageTraceBehavior [ RunTime:0.000444s ]
INFO: [ app_end ] --END-- [ RunTime:0.000475s ]

[ 2018-12-14T21:51:49+08:00 ] 127.0.0.1 /index.php?s=/demodata/add/form_id/1.html
INFO: [ app_init ] --START--
INFO: Run Behavior\BuildLiteBehavior [ RunTime:0.000012s ]
INFO: [ app_init ] --END-- [ RunTime:0.000327s ]
INFO: [ app_begin ] --START--
INFO: Run Behavior\ReadHtmlCacheBehavior [ RunTime:0.000557s ]
INFO: [ app_begin ] --END-- [ RunTime:0.000620s ]
SQL: SHOW COLUMNS FROM `form` [ RunTime:0.0057s ]
SQL: SELECT * FROM `form` WHERE `id` = 1 AND `is_del` = 0 LIMIT 1   [ RunTime:0.0010s ]
NOTIC: [8] Undefined index: data_18 F:\WWW\biaodian\formdesign-master\Formdesign4_1_Ueditor1_4_2_Thinkphp3_2\Application\Home\Org\Formdesign.class.php 第 369 行.
NOTIC: [8] unserialize(): Error at offset 0 of 20 bytes F:\WWW\biaodian\formdesign-master\Formdesign4_1_Ueditor1_4_2_Thinkphp3_2\Application\Home\Org\Formdesign.class.php 第 395 行.
NOTIC: [8] Undefined index: value F:\WWW\biaodian\formdesign-master\Formdesign4_1_Ueditor1_4_2_Thinkphp3_2\Application\Home\Org\Formdesign.class.php 第 305 行.
INFO: [ view_parse ] --START--
INFO: [ template_filter ] --START--
INFO: Run Behavior\ContentReplaceBehavior [ RunTime:0.000037s ]
INFO: [ template_filter ] --END-- [ RunTime:0.000067s ]
NOTIC: [8] Undefined index: id F:\WWW\biaodian\formdesign-master\Formdesign4_1_Ueditor1_4_2_Thinkphp3_2\Application\Runtime\Cache\Home\4b79fa7461d3bdf815a288bd032569c2.php 第 82 行.
NOTIC: [8] Undefined index: name F:\WWW\biaodian\formdesign-master\Formdesign4_1_Ueditor1_4_2_Thinkphp3_2\Application\Runtime\Cache\Home\4b79fa7461d3bdf815a288bd032569c2.php 第 86 行.
INFO: Run Behavior\ParseTemplateBehavior [ RunTime:0.008768s ]
INFO: [ view_parse ] --END-- [ RunTime:0.008814s ]
INFO: [ view_filter ] --START--
INFO: Run Behavior\WriteHtmlCacheBehavior [ RunTime:0.000227s ]
INFO: [ view_filter ] --END-- [ RunTime:0.000270s ]
INFO: [ app_end ] --START--
INFO: Run Behavior\ShowPageTraceBehavior [ RunTime:0.000555s ]
INFO: [ app_end ] --END-- [ RunTime:0.000601s ]

[ 2018-12-14T21:52:59+08:00 ] 127.0.0.1 /index.php?s=/demodata/index/form_id/1.html
INFO: [ app_init ] --START--
INFO: Run Behavior\BuildLiteBehavior [ RunTime:0.000009s ]
INFO: [ app_init ] --END-- [ RunTime:0.000244s ]
INFO: [ app_begin ] --START--
INFO: Run Behavior\ReadHtmlCacheBehavior [ RunTime:0.000405s ]
INFO: [ app_begin ] --END-- [ RunTime:0.000442s ]
SQL: SHOW COLUMNS FROM `form` [ RunTime:0.0068s ]
SQL: SELECT * FROM `form` WHERE `id` = 1 AND `is_del` = 0 LIMIT 1   [ RunTime:0.0024s ]
SQL: SHOW COLUMNS FROM `foreign_test` [ RunTime:0.0062s ]
SQL: SELECT COUNT(id) AS tp_count FROM `foreign_test` WHERE `form_id` = 1 AND `is_del` = 0 LIMIT 1   [ RunTime:0.0005s ]
NOTIC: [8] Undefined variable: page F:\WWW\biaodian\formdesign-master\Formdesign4_1_Ueditor1_4_2_Thinkphp3_2\Application\Home\Controller\DemodataController.class.php 第 59 行.
INFO: [ view_parse ] --START--
INFO: [ template_filter ] --START--
INFO: Run Behavior\ContentReplaceBehavior [ RunTime:0.000052s ]
INFO: [ template_filter ] --END-- [ RunTime:0.000110s ]
INFO: Run Behavior\ParseTemplateBehavior [ RunTime:0.010603s ]
INFO: [ view_parse ] --END-- [ RunTime:0.010660s ]
INFO: [ view_filter ] --START--
INFO: Run Behavior\WriteHtmlCacheBehavior [ RunTime:0.000296s ]
INFO: [ view_filter ] --END-- [ RunTime:0.000331s ]
INFO: [ app_end ] --START--
INFO: Run Behavior\ShowPageTraceBehavior [ RunTime:0.000385s ]
INFO: [ app_end ] --END-- [ RunTime:0.000411s ]

[ 2018-12-14T21:55:04+08:00 ] 127.0.0.1 /index.php?s=/demodata/index/form_id/1.html
INFO: [ app_init ] --START--
INFO: Run Behavior\BuildLiteBehavior [ RunTime:0.000009s ]
INFO: [ app_init ] --END-- [ RunTime:0.000290s ]
INFO: [ app_begin ] --START--
INFO: Run Behavior\ReadHtmlCacheBehavior [ RunTime:0.000328s ]
INFO: [ app_begin ] --END-- [ RunTime:0.000358s ]
SQL: SHOW COLUMNS FROM `form` [ RunTime:0.0132s ]
SQL: SELECT * FROM `form` WHERE `id` = 1 AND `is_del` = 0 LIMIT 1   [ RunTime:0.0007s ]
SQL: SHOW COLUMNS FROM `foreign_test` [ RunTime:0.0049s ]
SQL: SELECT COUNT(id) AS tp_count FROM `foreign_test` WHERE `form_id` = 1 AND `is_del` = 0 LIMIT 1   [ RunTime:0.0004s ]
NOTIC: [8] Undefined variable: page F:\WWW\biaodian\formdesign-master\Formdesign4_1_Ueditor1_4_2_Thinkphp3_2\Application\Home\Controller\DemodataController.class.php 第 60 行.
INFO: [ view_parse ] --START--
INFO: [ template_filter ] --START--
INFO: Run Behavior\ContentReplaceBehavior [ RunTime:0.000039s ]
INFO: [ template_filter ] --END-- [ RunTime:0.000073s ]
INFO: Run Behavior\ParseTemplateBehavior [ RunTime:0.014651s ]
INFO: [ view_parse ] --END-- [ RunTime:0.014686s ]
INFO: [ view_filter ] --START--
INFO: Run Behavior\WriteHtmlCacheBehavior [ RunTime:0.000226s ]
INFO: [ view_filter ] --END-- [ RunTime:0.000249s ]
INFO: [ app_end ] --START--
INFO: Run Behavior\ShowPageTraceBehavior [ RunTime:0.000355s ]
INFO: [ app_end ] --END-- [ RunTime:0.000381s ]

[ 2018-12-14T21:56:28+08:00 ] 127.0.0.1 /index.php?s=/demodata/index/form_id/1.html
INFO: [ app_init ] --START--
INFO: Run Behavior\BuildLiteBehavior [ RunTime:0.000010s ]
INFO: [ app_init ] --END-- [ RunTime:0.000243s ]
INFO: [ app_begin ] --START--
INFO: Run Behavior\ReadHtmlCacheBehavior [ RunTime:0.000292s ]
INFO: [ app_begin ] --END-- [ RunTime:0.000321s ]
SQL: SHOW COLUMNS FROM `form` [ RunTime:0.0050s ]
SQL: SELECT * FROM `form` WHERE `id` = 1 AND `is_del` = 0 LIMIT 1   [ RunTime:0.0006s ]
SQL: SHOW COLUMNS FROM `foreign_test` [ RunTime:0.0045s ]
SQL: SELECT COUNT(id) AS tp_count FROM `foreign_test` WHERE `form_id` = 1 AND `is_del` = 0 LIMIT 1   [ RunTime:0.0005s ]
NOTIC: [8] Undefined variable: page F:\WWW\biaodian\formdesign-master\Formdesign4_1_Ueditor1_4_2_Thinkphp3_2\Application\Home\Controller\DemodataController.class.php 第 60 行.
INFO: [ view_parse ] --START--
INFO: [ template_filter ] --START--
INFO: Run Behavior\ContentReplaceBehavior [ RunTime:0.000043s ]
INFO: [ template_filter ] --END-- [ RunTime:0.000083s ]
INFO: Run Behavior\ParseTemplateBehavior [ RunTime:0.009680s ]
INFO: [ view_parse ] --END-- [ RunTime:0.009716s ]
INFO: [ view_filter ] --START--
INFO: Run Behavior\WriteHtmlCacheBehavior [ RunTime:0.000220s ]
INFO: [ view_filter ] --END-- [ RunTime:0.000241s ]
INFO: [ app_end ] --START--
INFO: Run Behavior\ShowPageTraceBehavior [ RunTime:0.000347s ]
INFO: [ app_end ] --END-- [ RunTime:0.000372s ]

[ 2018-12-14T21:57:36+08:00 ] 127.0.0.1 /index.php?s=/demodata/index/form_id/52.html
INFO: [ app_init ] --START--
INFO: Run Behavior\BuildLiteBehavior [ RunTime:0.000010s ]
INFO: [ app_init ] --END-- [ RunTime:0.000298s ]
INFO: [ app_begin ] --START--
INFO: Run Behavior\ReadHtmlCacheBehavior [ RunTime:0.000332s ]
INFO: [ app_begin ] --END-- [ RunTime:0.000364s ]
SQL: SHOW COLUMNS FROM `form` [ RunTime:0.0127s ]
SQL: SELECT * FROM `form` WHERE `id` = 52 AND `is_del` = 0 LIMIT 1   [ RunTime:0.0006s ]
INFO: [ view_parse ] --START--
INFO: [ template_filter ] --START--
INFO: Run Behavior\ContentReplaceBehavior [ RunTime:0.000023s ]
INFO: [ template_filter ] --END-- [ RunTime:0.000055s ]
INFO: Run Behavior\ParseTemplateBehavior [ RunTime:0.005789s ]
INFO: [ view_parse ] --END-- [ RunTime:0.005828s ]
INFO: [ view_filter ] --START--
INFO: Run Behavior\WriteHtmlCacheBehavior [ RunTime:0.000224s ]
INFO: [ view_filter ] --END-- [ RunTime:0.000248s ]

[ 2018-12-14T21:58:04+08:00 ] 127.0.0.1 /index.php?s=/demodata/index/form_id/52.html
INFO: [ app_init ] --START--
INFO: Run Behavior\BuildLiteBehavior [ RunTime:0.000009s ]
INFO: [ app_init ] --END-- [ RunTime:0.000242s ]
INFO: [ app_begin ] --START--
INFO: Run Behavior\ReadHtmlCacheBehavior [ RunTime:0.000318s ]
INFO: [ app_begin ] --END-- [ RunTime:0.000352s ]
SQL: SHOW COLUMNS FROM `form` [ RunTime:0.0124s ]
SQL: SELECT * FROM `form` WHERE `id` = 52 AND `is_del` = 0 LIMIT 1   [ RunTime:0.0006s ]
INFO: [ view_parse ] --START--
INFO: [ template_filter ] --START--
INFO: Run Behavior\ContentReplaceBehavior [ RunTime:0.000026s ]
INFO: [ template_filter ] --END-- [ RunTime:0.000071s ]
INFO: Run Behavior\ParseTemplateBehavior [ RunTime:0.006485s ]
INFO: [ view_parse ] --END-- [ RunTime:0.006527s ]
INFO: [ view_filter ] --START--
INFO: Run Behavior\WriteHtmlCacheBehavior [ RunTime:0.000224s ]
INFO: [ view_filter ] --END-- [ RunTime:0.000250s ]

[ 2018-12-14T21:58:49+08:00 ] 127.0.0.1 /index.php?s=/demodata/index/form_id/52.html
INFO: [ app_init ] --START--
INFO: Run Behavior\BuildLiteBehavior [ RunTime:0.000008s ]
INFO: [ app_init ] --END-- [ RunTime:0.000223s ]
INFO: [ app_begin ] --START--
INFO: Run Behavior\ReadHtmlCacheBehavior [ RunTime:0.000275s ]
INFO: [ app_begin ] --END-- [ RunTime:0.000302s ]
SQL: SHOW COLUMNS FROM `form` [ RunTime:0.0145s ]
SQL: SELECT * FROM `form` WHERE `id` = 52 AND `is_del` = 0 LIMIT 1   [ RunTime:0.0007s ]
INFO: [ view_parse ] --START--
INFO: [ template_filter ] --START--
INFO: Run Behavior\ContentReplaceBehavior [ RunTime:0.000021s ]
INFO: [ template_filter ] --END-- [ RunTime:0.000053s ]
INFO: Run Behavior\ParseTemplateBehavior [ RunTime:0.005309s ]
INFO: [ view_parse ] --END-- [ RunTime:0.005345s ]
INFO: [ view_filter ] --START--
INFO: Run Behavior\WriteHtmlCacheBehavior [ RunTime:0.000208s ]
INFO: [ view_filter ] --END-- [ RunTime:0.000229s ]

[ 2018-12-14T21:59:00+08:00 ] 127.0.0.1 /index.php?s=/demodata/index/form_id/52.html
INFO: [ app_init ] --START--
INFO: Run Behavior\BuildLiteBehavior [ RunTime:0.000009s ]
INFO: [ app_init ] --END-- [ RunTime:0.000243s ]
INFO: [ app_begin ] --START--
INFO: Run Behavior\ReadHtmlCacheBehavior [ RunTime:0.000319s ]
INFO: [ app_begin ] --END-- [ RunTime:0.000349s ]
SQL: SHOW COLUMNS FROM `form` [ RunTime:0.0126s ]
SQL: SELECT * FROM `form` WHERE `id` = 52 AND `is_del` = 0 LIMIT 1   [ RunTime:0.0010s ]
SQL: SHOW COLUMNS FROM `foreign_test` [ RunTime:0.0048s ]
SQL: SELECT COUNT(id) AS tp_count FROM `foreign_test` WHERE `form_id` = 52 AND `is_del` = 0 LIMIT 1   [ RunTime:0.0005s ]
SQL: SELECT `id`,`name`,`updatetime`,`dateline` FROM `foreign_test` WHERE `form_id` = 52 AND `is_del` = 0 ORDER BY id desc LIMIT 0,5   [ RunTime:0.0004s ]
INFO: [ view_parse ] --START--
INFO: [ template_filter ] --START--
INFO: Run Behavior\ContentReplaceBehavior [ RunTime:0.000044s ]
INFO: [ template_filter ] --END-- [ RunTime:0.000083s ]
INFO: Run Behavior\ParseTemplateBehavior [ RunTime:0.008983s ]
INFO: [ view_parse ] --END-- [ RunTime:0.009019s ]
INFO: [ view_filter ] --START--
INFO: Run Behavior\WriteHtmlCacheBehavior [ RunTime:0.000252s ]
INFO: [ view_filter ] --END-- [ RunTime:0.000275s ]
INFO: [ app_end ] --START--
INFO: Run Behavior\ShowPageTraceBehavior [ RunTime:0.000347s ]
INFO: [ app_end ] --END-- [ RunTime:0.000372s ]

[ 2018-12-14T23:19:47+08:00 ] 127.0.0.1 /index.php?s=/demodata/edit/form_id/52/id/13.html
INFO: [ app_init ] --START--
INFO: Run Behavior\BuildLiteBehavior [ RunTime:0.000010s ]
INFO: [ app_init ] --END-- [ RunTime:0.000755s ]
INFO: [ app_begin ] --START--
INFO: Run Behavior\ReadHtmlCacheBehavior [ RunTime:0.000903s ]
INFO: [ app_begin ] --END-- [ RunTime:0.000938s ]
SQL: SHOW COLUMNS FROM `form` [ RunTime:0.0054s ]
SQL: SELECT * FROM `form` WHERE `id` = 52 AND `is_del` = 0 LIMIT 1   [ RunTime:0.0008s ]
SQL: SHOW COLUMNS FROM `foreign_test` [ RunTime:0.0047s ]
SQL: SELECT * FROM `foreign_test` WHERE `id` = 13 AND `form_id` = 52 AND `is_del` = 0 LIMIT 1   [ RunTime:0.0009s ]
SQL: SHOW COLUMNS FROM `form_data_52` [ RunTime:0.0077s ]
SQL: SELECT * FROM `form_data_52` WHERE `foreign_id` = 13 AND `is_del` = 0 LIMIT 1   [ RunTime:0.0010s ]
INFO: [ view_parse ] --START--
INFO: [ template_filter ] --START--
INFO: Run Behavior\ContentReplaceBehavior [ RunTime:0.000050s ]
INFO: [ template_filter ] --END-- [ RunTime:0.000091s ]
INFO: Run Behavior\ParseTemplateBehavior [ RunTime:0.021631s ]
INFO: [ view_parse ] --END-- [ RunTime:0.021692s ]
INFO: [ view_filter ] --START--
INFO: Run Behavior\WriteHtmlCacheBehavior [ RunTime:0.001212s ]
INFO: [ view_filter ] --END-- [ RunTime:0.001271s ]
INFO: [ app_end ] --START--
INFO: Run Behavior\ShowPageTraceBehavior [ RunTime:0.001777s ]
INFO: [ app_end ] --END-- [ RunTime:0.001833s ]

[ 2018-12-14T23:19:57+08:00 ] 127.0.0.1 /index.php?s=/demodata/edit.html
INFO: [ app_init ] --START--
INFO: Run Behavior\BuildLiteBehavior [ RunTime:0.000009s ]
INFO: [ app_init ] --END-- [ RunTime:0.000254s ]
INFO: [ app_begin ] --START--
INFO: Run Behavior\ReadHtmlCacheBehavior [ RunTime:0.000376s ]
INFO: [ app_begin ] --END-- [ RunTime:0.000407s ]
SQL: SHOW COLUMNS FROM `form` [ RunTime:0.0053s ]
SQL: SELECT * FROM `form` WHERE `id` = 52 AND `is_del` = 0 LIMIT 1   [ RunTime:0.0010s ]
SQL: SHOW COLUMNS FROM `foreign_test` [ RunTime:0.0047s ]
SQL: SELECT * FROM `foreign_test` WHERE `id` = 13 AND `form_id` = 52 AND `is_del` = 0 LIMIT 1   [ RunTime:0.0007s ]
SQL: SHOW COLUMNS FROM `form_data_52` [ RunTime:0.0082s ]
SQL: SELECT * FROM `form_data_52` WHERE `foreign_id` = 13 AND `is_del` = 0 LIMIT 1   [ RunTime:0.0007s ]
SQL: UPDATE `foreign_test` SET `name`='32333',`updatetime`='1544800797' WHERE `id` = 13 [ RunTime:0.0009s ]
SQL: UPDATE `form_data_52` SET `uid`='0',`updatetime`='1544800797',`data_12`='巨扩展1214',`data_13`='下拉',`data_14`='单选2',`data_16`='0',`data_15`='1',`data_17`='1',`data_18`='2014年8月9日',`data_19`='a:2:{s:5:\"value\";s:3:\"333\";s:10:\"qrcode_url\";s:45:\"/Uploads/310dcbbf4cce62f762a2aaa148d556bd.png\";}',`data_20`='顶替',`data_21`='20' WHERE `foreign_id` = 13 AND `is_del` = 0 [ RunTime:0.0005s ]
INFO: [ view_parse ] --START--
INFO: [ template_filter ] --START--
INFO: Run Behavior\ContentReplaceBehavior [ RunTime:0.000020s ]
INFO: [ template_filter ] --END-- [ RunTime:0.000053s ]
INFO: Run Behavior\ParseTemplateBehavior [ RunTime:0.006066s ]
INFO: [ view_parse ] --END-- [ RunTime:0.006110s ]
INFO: [ view_filter ] --START--
INFO: Run Behavior\WriteHtmlCacheBehavior [ RunTime:0.000309s ]
INFO: [ view_filter ] --END-- [ RunTime:0.000334s ]

[ 2018-12-14T23:20:12+08:00 ] 127.0.0.1 /index.php?s=/demodata/edit.html
INFO: [ app_init ] --START--
INFO: Run Behavior\BuildLiteBehavior [ RunTime:0.000017s ]
INFO: [ app_init ] --END-- [ RunTime:0.000398s ]
INFO: [ app_begin ] --START--
INFO: Run Behavior\ReadHtmlCacheBehavior [ RunTime:0.000429s ]
INFO: [ app_begin ] --END-- [ RunTime:0.000464s ]
SQL: SHOW COLUMNS FROM `form` [ RunTime:0.0072s ]
SQL: SELECT * FROM `form` WHERE `id` = 52 AND `is_del` = 0 LIMIT 1   [ RunTime:0.0010s ]
SQL: SHOW COLUMNS FROM `foreign_test` [ RunTime:0.0048s ]
SQL: SELECT * FROM `foreign_test` WHERE `id` = 13 AND `form_id` = 52 AND `is_del` = 0 LIMIT 1   [ RunTime:0.0005s ]
SQL: SHOW COLUMNS FROM `form_data_52` [ RunTime:0.0046s ]
SQL: SELECT * FROM `form_data_52` WHERE `foreign_id` = 13 AND `is_del` = 0 LIMIT 1   [ RunTime:0.0008s ]
SQL: UPDATE `foreign_test` SET `name`='1214',`updatetime`='1544800811' WHERE `id` = 13 [ RunTime:0.0007s ]
SQL: UPDATE `form_data_52` SET `uid`='0',`updatetime`='1544800811',`data_12`='巨扩展1214',`data_13`='下拉',`data_14`='单选2',`data_16`='0',`data_15`='1',`data_17`='1',`data_18`='2014年8月9日',`data_19`='a:2:{s:5:\"value\";s:3:\"333\";s:10:\"qrcode_url\";s:45:\"/Uploads/310dcbbf4cce62f762a2aaa148d556bd.png\";}',`data_20`='顶替',`data_21`='20' WHERE `foreign_id` = 13 AND `is_del` = 0 [ RunTime:0.0005s ]
INFO: [ view_parse ] --START--
INFO: [ template_filter ] --START--
INFO: Run Behavior\ContentReplaceBehavior [ RunTime:0.000024s ]
INFO: [ template_filter ] --END-- [ RunTime:0.000066s ]
INFO: Run Behavior\ParseTemplateBehavior [ RunTime:0.006513s ]
INFO: [ view_parse ] --END-- [ RunTime:0.006553s ]
INFO: [ view_filter ] --START--
INFO: Run Behavior\WriteHtmlCacheBehavior [ RunTime:0.000264s ]
INFO: [ view_filter ] --END-- [ RunTime:0.000286s ]

[ 2018-12-14T23:20:17+08:00 ] 127.0.0.1 /index.php?s=/demodata/index/form_id/52.html
INFO: [ app_init ] --START--
INFO: Run Behavior\BuildLiteBehavior [ RunTime:0.000010s ]
INFO: [ app_init ] --END-- [ RunTime:0.000262s ]
INFO: [ app_begin ] --START--
INFO: Run Behavior\ReadHtmlCacheBehavior [ RunTime:0.000381s ]
INFO: [ app_begin ] --END-- [ RunTime:0.000410s ]
SQL: SHOW COLUMNS FROM `form` [ RunTime:0.0132s ]
SQL: SELECT * FROM `form` WHERE `id` = 52 AND `is_del` = 0 LIMIT 1   [ RunTime:0.0007s ]
SQL: SHOW COLUMNS FROM `foreign_test` [ RunTime:0.0052s ]
SQL: SELECT COUNT(id) AS tp_count FROM `foreign_test` WHERE `form_id` = 52 AND `is_del` = 0 LIMIT 1   [ RunTime:0.0005s ]
SQL: SELECT `id`,`name`,`updatetime`,`dateline` FROM `foreign_test` WHERE `form_id` = 52 AND `is_del` = 0 ORDER BY id desc LIMIT 0,5   [ RunTime:0.0004s ]
INFO: [ view_parse ] --START--
INFO: [ template_filter ] --START--
INFO: Run Behavior\ContentReplaceBehavior [ RunTime:0.000038s ]
INFO: [ template_filter ] --END-- [ RunTime:0.000065s ]
INFO: Run Behavior\ParseTemplateBehavior [ RunTime:0.009154s ]
INFO: [ view_parse ] --END-- [ RunTime:0.009189s ]
INFO: [ view_filter ] --START--
INFO: Run Behavior\WriteHtmlCacheBehavior [ RunTime:0.000270s ]
INFO: [ view_filter ] --END-- [ RunTime:0.000292s ]
INFO: [ app_end ] --START--
INFO: Run Behavior\ShowPageTraceBehavior [ RunTime:0.000396s ]
INFO: [ app_end ] --END-- [ RunTime:0.000420s ]

[ 2018-12-14T23:20:27+08:00 ] 127.0.0.1 /index.php?s=/demodata/add/form_id/52.html
INFO: [ app_init ] --START--
INFO: Run Behavior\BuildLiteBehavior [ RunTime:0.000009s ]
INFO: [ app_init ] --END-- [ RunTime:0.000253s ]
INFO: [ app_begin ] --START--
INFO: Run Behavior\ReadHtmlCacheBehavior [ RunTime:0.000375s ]
INFO: [ app_begin ] --END-- [ RunTime:0.000405s ]
SQL: SHOW COLUMNS FROM `form` [ RunTime:0.0058s ]
SQL: SELECT * FROM `form` WHERE `id` = 52 AND `is_del` = 0 LIMIT 1   [ RunTime:0.0008s ]
NOTIC: [8] Undefined index: data_18 F:\WWW\biaodian\formdesign-master\Formdesign4_1_Ueditor1_4_2_Thinkphp3_2\Application\Home\Org\Formdesign.class.php 第 369 行.
NOTIC: [8] unserialize(): Error at offset 0 of 20 bytes F:\WWW\biaodian\formdesign-master\Formdesign4_1_Ueditor1_4_2_Thinkphp3_2\Application\Home\Org\Formdesign.class.php 第 395 行.
NOTIC: [8] Undefined index: value F:\WWW\biaodian\formdesign-master\Formdesign4_1_Ueditor1_4_2_Thinkphp3_2\Application\Home\Org\Formdesign.class.php 第 305 行.
INFO: [ view_parse ] --START--
INFO: [ template_filter ] --START--
INFO: Run Behavior\ContentReplaceBehavior [ RunTime:0.000038s ]
INFO: [ template_filter ] --END-- [ RunTime:0.000066s ]
NOTIC: [8] Undefined index: id F:\WWW\biaodian\formdesign-master\Formdesign4_1_Ueditor1_4_2_Thinkphp3_2\Application\Runtime\Cache\Home\4b79fa7461d3bdf815a288bd032569c2.php 第 82 行.
NOTIC: [8] Undefined index: name F:\WWW\biaodian\formdesign-master\Formdesign4_1_Ueditor1_4_2_Thinkphp3_2\Application\Runtime\Cache\Home\4b79fa7461d3bdf815a288bd032569c2.php 第 86 行.
INFO: Run Behavior\ParseTemplateBehavior [ RunTime:0.007232s ]
INFO: [ view_parse ] --END-- [ RunTime:0.007259s ]
INFO: [ view_filter ] --START--
INFO: Run Behavior\WriteHtmlCacheBehavior [ RunTime:0.000270s ]
INFO: [ view_filter ] --END-- [ RunTime:0.000293s ]
INFO: [ app_end ] --START--
INFO: Run Behavior\ShowPageTraceBehavior [ RunTime:0.000409s ]
INFO: [ app_end ] --END-- [ RunTime:0.000435s ]

[ 2018-12-14T23:20:51+08:00 ] 127.0.0.1 /index.php?s=/demodata/add.html
INFO: [ app_init ] --START--
INFO: Run Behavior\BuildLiteBehavior [ RunTime:0.000008s ]
INFO: [ app_init ] --END-- [ RunTime:0.000273s ]
INFO: [ app_begin ] --START--
INFO: Run Behavior\ReadHtmlCacheBehavior [ RunTime:0.000398s ]
INFO: [ app_begin ] --END-- [ RunTime:0.000430s ]
SQL: SHOW COLUMNS FROM `form` [ RunTime:0.0056s ]
SQL: SELECT * FROM `form` WHERE `id` = 52 AND `is_del` = 0 LIMIT 1   [ RunTime:0.0010s ]
SQL: SHOW COLUMNS FROM `foreign_test` [ RunTime:0.0074s ]
SQL: INSERT INTO `foreign_test` (`name`,`updatetime`,`form_id`,`dateline`) VALUES ('12','1544800850','52','1544800850') [ RunTime:0.0009s ]
SQL: SHOW COLUMNS FROM `form_data_52` [ RunTime:0.0049s ]
SQL: INSERT INTO `form_data_52` (`uid`,`updatetime`,`foreign_id`,`dateline`,`data_12`,`data_13`,`data_14`,`data_16`,`data_15`,`data_17`,`data_18`,`data_19`,`data_20`,`data_21`) VALUES ('0','1544800850','16','1544800850','3456','下拉','单选2','1','1','0','2018年12月14日','a:2:{s:5:\"value\";s:63:\"https://jingyan.baidu.com/article/5225f26bac25f6e6fa09082c.html\";s:10:\"qrcode_url\";s:45:\"/Uploads/a554d1a5843296ee1f4f9b16f824a2c7.png\";}','','20') [ RunTime:0.0008s ]
INFO: [ view_parse ] --START--
INFO: [ template_filter ] --START--
INFO: Run Behavior\ContentReplaceBehavior [ RunTime:0.000023s ]
INFO: [ template_filter ] --END-- [ RunTime:0.000054s ]
INFO: Run Behavior\ParseTemplateBehavior [ RunTime:0.006943s ]
INFO: [ view_parse ] --END-- [ RunTime:0.006990s ]
INFO: [ view_filter ] --START--
INFO: Run Behavior\WriteHtmlCacheBehavior [ RunTime:0.000324s ]
INFO: [ view_filter ] --END-- [ RunTime:0.000350s ]

[ 2018-12-14T23:20:54+08:00 ] 127.0.0.1 /index.php?s=/demodata/edit/form_id/52/id/16.html
INFO: [ app_init ] --START--
INFO: Run Behavior\BuildLiteBehavior [ RunTime:0.000010s ]
INFO: [ app_init ] --END-- [ RunTime:0.000277s ]
INFO: [ app_begin ] --START--
INFO: Run Behavior\ReadHtmlCacheBehavior [ RunTime:0.000412s ]
INFO: [ app_begin ] --END-- [ RunTime:0.000443s ]
SQL: SHOW COLUMNS FROM `form` [ RunTime:0.0067s ]
SQL: SELECT * FROM `form` WHERE `id` = 52 AND `is_del` = 0 LIMIT 1   [ RunTime:0.0006s ]
SQL: SHOW COLUMNS FROM `foreign_test` [ RunTime:0.0055s ]
SQL: SELECT * FROM `foreign_test` WHERE `id` = 16 AND `form_id` = 52 AND `is_del` = 0 LIMIT 1   [ RunTime:0.0004s ]
SQL: SHOW COLUMNS FROM `form_data_52` [ RunTime:0.0055s ]
SQL: SELECT * FROM `form_data_52` WHERE `foreign_id` = 16 AND `is_del` = 0 LIMIT 1   [ RunTime:0.0005s ]
INFO: [ view_parse ] --START--
INFO: [ template_filter ] --START--
INFO: Run Behavior\ContentReplaceBehavior [ RunTime:0.000040s ]
INFO: [ template_filter ] --END-- [ RunTime:0.000073s ]
INFO: Run Behavior\ParseTemplateBehavior [ RunTime:0.008807s ]
INFO: [ view_parse ] --END-- [ RunTime:0.008857s ]
INFO: [ view_filter ] --START--
INFO: Run Behavior\WriteHtmlCacheBehavior [ RunTime:0.000276s ]
INFO: [ view_filter ] --END-- [ RunTime:0.000299s ]
INFO: [ app_end ] --START--
INFO: Run Behavior\ShowPageTraceBehavior [ RunTime:0.000408s ]
INFO: [ app_end ] --END-- [ RunTime:0.000435s ]

[ 2018-12-14T23:20:56+08:00 ] 127.0.0.1 /index.php?s=/demodata/index/form_id/52.html
INFO: [ app_init ] --START--
INFO: Run Behavior\BuildLiteBehavior [ RunTime:0.000010s ]
INFO: [ app_init ] --END-- [ RunTime:0.000293s ]
INFO: [ app_begin ] --START--
INFO: Run Behavior\ReadHtmlCacheBehavior [ RunTime:0.000485s ]
INFO: [ app_begin ] --END-- [ RunTime:0.000529s ]
SQL: SHOW COLUMNS FROM `form` [ RunTime:0.0051s ]
SQL: SELECT * FROM `form` WHERE `id` = 52 AND `is_del` = 0 LIMIT 1   [ RunTime:0.0010s ]
SQL: SHOW COLUMNS FROM `foreign_test` [ RunTime:0.0061s ]
SQL: SELECT COUNT(id) AS tp_count FROM `foreign_test` WHERE `form_id` = 52 AND `is_del` = 0 LIMIT 1   [ RunTime:0.0005s ]
SQL: SELECT `id`,`name`,`updatetime`,`dateline` FROM `foreign_test` WHERE `form_id` = 52 AND `is_del` = 0 ORDER BY id desc LIMIT 0,5   [ RunTime:0.0005s ]
INFO: [ view_parse ] --START--
INFO: [ template_filter ] --START--
INFO: Run Behavior\ContentReplaceBehavior [ RunTime:0.000038s ]
INFO: [ template_filter ] --END-- [ RunTime:0.000066s ]
INFO: Run Behavior\ParseTemplateBehavior [ RunTime:0.007986s ]
INFO: [ view_parse ] --END-- [ RunTime:0.008020s ]
INFO: [ view_filter ] --START--
INFO: Run Behavior\WriteHtmlCacheBehavior [ RunTime:0.000276s ]
INFO: [ view_filter ] --END-- [ RunTime:0.000299s ]
INFO: [ app_end ] --START--
INFO: Run Behavior\ShowPageTraceBehavior [ RunTime:0.000397s ]
INFO: [ app_end ] --END-- [ RunTime:0.000421s ]

[ 2018-12-14T23:33:11+08:00 ] 127.0.0.1 /index.php?s=/demodata/edit/form_id/52/id/16.html
INFO: [ app_init ] --START--
INFO: Run Behavior\BuildLiteBehavior [ RunTime:0.000009s ]
INFO: [ app_init ] --END-- [ RunTime:0.000264s ]
INFO: [ app_begin ] --START--
INFO: Run Behavior\ReadHtmlCacheBehavior [ RunTime:0.000373s ]
INFO: [ app_begin ] --END-- [ RunTime:0.000405s ]
SQL: SHOW COLUMNS FROM `form` [ RunTime:0.0088s ]
SQL: SELECT * FROM `form` WHERE `id` = 52 AND `is_del` = 0 LIMIT 1   [ RunTime:0.0016s ]
SQL: SHOW COLUMNS FROM `foreign_test` [ RunTime:0.0049s ]
SQL: SELECT * FROM `foreign_test` WHERE `id` = 16 AND `form_id` = 52 AND `is_del` = 0 LIMIT 1   [ RunTime:0.0006s ]
SQL: SHOW COLUMNS FROM `form_data_52` [ RunTime:0.0087s ]
SQL: SELECT * FROM `form_data_52` WHERE `foreign_id` = 16 AND `is_del` = 0 LIMIT 1   [ RunTime:0.0014s ]
INFO: [ view_parse ] --START--
INFO: [ template_filter ] --START--
INFO: Run Behavior\ContentReplaceBehavior [ RunTime:0.000041s ]
INFO: [ template_filter ] --END-- [ RunTime:0.000076s ]
INFO: Run Behavior\ParseTemplateBehavior [ RunTime:0.014819s ]
INFO: [ view_parse ] --END-- [ RunTime:0.014857s ]
INFO: [ view_filter ] --START--
INFO: Run Behavior\WriteHtmlCacheBehavior [ RunTime:0.000219s ]
INFO: [ view_filter ] --END-- [ RunTime:0.000243s ]
INFO: [ app_end ] --START--
INFO: Run Behavior\ShowPageTraceBehavior [ RunTime:0.000363s ]
INFO: [ app_end ] --END-- [ RunTime:0.000390s ]

