[ 2018-12-13T00:07:46+08:00 ] 127.0.0.1 /index.php?s=/index/preview.html
INFO: [ app_init ] --START--
INFO: Run Behavior\BuildLiteBehavior [ RunTime:0.000005s ]
INFO: [ app_init ] --END-- [ RunTime:0.000224s ]
INFO: [ app_begin ] --START--
INFO: Run Behavior\ReadHtmlCacheBehavior [ RunTime:0.000324s ]
INFO: [ app_begin ] --END-- [ RunTime:0.000351s ]
NOTIC: [8] Undefined variable: one F:\WWW\biaodian\formdesign-master\Formdesign4_1_Ueditor1_4_2_Thinkphp3_2\Application\Home\Controller\IndexController.class.php 第 17 行.
NOTIC: [8] Undefined index: value F:\WWW\biaodian\formdesign-master\Formdesign4_1_Ueditor1_4_2_Thinkphp3_2\Application\Home\Org\Formdesign.class.php 第 78 行.
NOTIC: [8] Undefined index: data_7 F:\WWW\biaodian\formdesign-master\Formdesign4_1_Ueditor1_4_2_Thinkphp3_2\Application\Home\Org\Formdesign.class.php 第 415 行.
NOTIC: [8] Undefined offset: 1 F:\WWW\biaodian\formdesign-master\Formdesign4_1_Ueditor1_4_2_Thinkphp3_2\Application\Home\Org\Formdesign.class.php 第 680 行.
NOTIC: [8] Undefined offset: 2 F:\WWW\biaodian\formdesign-master\Formdesign4_1_Ueditor1_4_2_Thinkphp3_2\Application\Home\Org\Formdesign.class.php 第 680 行.
NOTIC: [8] Undefined offset: 3 F:\WWW\biaodian\formdesign-master\Formdesign4_1_Ueditor1_4_2_Thinkphp3_2\Application\Home\Org\Formdesign.class.php 第 680 行.
NOTIC: [8] Undefined offset: 3 F:\WWW\biaodian\formdesign-master\Formdesign4_1_Ueditor1_4_2_Thinkphp3_2\Application\Home\Org\Formdesign.class.php 第 688 行.
NOTIC: [8] Undefined offset: 4 F:\WWW\biaodian\formdesign-master\Formdesign4_1_Ueditor1_4_2_Thinkphp3_2\Application\Home\Org\Formdesign.class.php 第 667 行.
NOTIC: [8] Undefined offset: 4 F:\WWW\biaodian\formdesign-master\Formdesign4_1_Ueditor1_4_2_Thinkphp3_2\Application\Home\Org\Formdesign.class.php 第 667 行.
NOTIC: [8] Undefined index: value F:\WWW\biaodian\formdesign-master\Formdesign4_1_Ueditor1_4_2_Thinkphp3_2\Application\Home\Org\Formdesign.class.php 第 345 行.
INFO: [ view_parse ] --START--
INFO: [ template_filter ] --START--
INFO: Run Behavior\ContentReplaceBehavior [ RunTime:0.000038s ]
INFO: [ template_filter ] --END-- [ RunTime:0.000070s ]
INFO: Run Behavior\ParseTemplateBehavior [ RunTime:0.021241s ]
INFO: [ view_parse ] --END-- [ RunTime:0.021281s ]
INFO: [ view_filter ] --START--
INFO: Run Behavior\WriteHtmlCacheBehavior [ RunTime:0.000339s ]
INFO: [ view_filter ] --END-- [ RunTime:0.000370s ]
INFO: [ app_end ] --START--
INFO: Run Behavior\ShowPageTraceBehavior [ RunTime:0.000502s ]
INFO: [ app_end ] --END-- [ RunTime:0.000533s ]

[ 2018-12-13T00:09:57+08:00 ] 127.0.0.1 /index.php?s=/index/preview.html
INFO: [ app_init ] --START--
INFO: Run Behavior\BuildLiteBehavior [ RunTime:0.000005s ]
INFO: [ app_init ] --END-- [ RunTime:0.000213s ]
INFO: [ app_begin ] --START--
INFO: Run Behavior\ReadHtmlCacheBehavior [ RunTime:0.000288s ]
INFO: [ app_begin ] --END-- [ RunTime:0.000311s ]
NOTIC: [8] Undefined variable: one F:\WWW\biaodian\formdesign-master\Formdesign4_1_Ueditor1_4_2_Thinkphp3_2\Application\Home\Controller\IndexController.class.php 第 17 行.
NOTIC: [8] Undefined index: value F:\WWW\biaodian\formdesign-master\Formdesign4_1_Ueditor1_4_2_Thinkphp3_2\Application\Home\Org\Formdesign.class.php 第 78 行.
NOTIC: [8] Undefined index: data_7 F:\WWW\biaodian\formdesign-master\Formdesign4_1_Ueditor1_4_2_Thinkphp3_2\Application\Home\Org\Formdesign.class.php 第 415 行.
NOTIC: [8] Undefined offset: 1 F:\WWW\biaodian\formdesign-master\Formdesign4_1_Ueditor1_4_2_Thinkphp3_2\Application\Home\Org\Formdesign.class.php 第 680 行.
NOTIC: [8] Undefined offset: 2 F:\WWW\biaodian\formdesign-master\Formdesign4_1_Ueditor1_4_2_Thinkphp3_2\Application\Home\Org\Formdesign.class.php 第 680 行.
NOTIC: [8] Undefined offset: 3 F:\WWW\biaodian\formdesign-master\Formdesign4_1_Ueditor1_4_2_Thinkphp3_2\Application\Home\Org\Formdesign.class.php 第 680 行.
NOTIC: [8] Undefined offset: 3 F:\WWW\biaodian\formdesign-master\Formdesign4_1_Ueditor1_4_2_Thinkphp3_2\Application\Home\Org\Formdesign.class.php 第 688 行.
NOTIC: [8] Undefined offset: 4 F:\WWW\biaodian\formdesign-master\Formdesign4_1_Ueditor1_4_2_Thinkphp3_2\Application\Home\Org\Formdesign.class.php 第 667 行.
NOTIC: [8] Undefined offset: 4 F:\WWW\biaodian\formdesign-master\Formdesign4_1_Ueditor1_4_2_Thinkphp3_2\Application\Home\Org\Formdesign.class.php 第 667 行.
NOTIC: [8] Undefined index: value F:\WWW\biaodian\formdesign-master\Formdesign4_1_Ueditor1_4_2_Thinkphp3_2\Application\Home\Org\Formdesign.class.php 第 345 行.
INFO: [ view_parse ] --START--
INFO: [ template_filter ] --START--
INFO: Run Behavior\ContentReplaceBehavior [ RunTime:0.000026s ]
INFO: [ template_filter ] --END-- [ RunTime:0.000047s ]
INFO: Run Behavior\ParseTemplateBehavior [ RunTime:0.004822s ]
INFO: [ view_parse ] --END-- [ RunTime:0.004861s ]
INFO: [ view_filter ] --START--
INFO: Run Behavior\WriteHtmlCacheBehavior [ RunTime:0.000672s ]
INFO: [ view_filter ] --END-- [ RunTime:0.000708s ]
INFO: [ app_end ] --START--
INFO: Run Behavior\ShowPageTraceBehavior [ RunTime:0.000454s ]
INFO: [ app_end ] --END-- [ RunTime:0.000480s ]

[ 2018-12-13T00:12:46+08:00 ] 127.0.0.1 /index.php?s=/index/preview.html
INFO: [ app_init ] --START--
INFO: Run Behavior\BuildLiteBehavior [ RunTime:0.000010s ]
INFO: [ app_init ] --END-- [ RunTime:0.000267s ]
INFO: [ app_begin ] --START--
INFO: Run Behavior\ReadHtmlCacheBehavior [ RunTime:0.000293s ]
INFO: [ app_begin ] --END-- [ RunTime:0.000322s ]
NOTIC: [8] Undefined variable: one F:\WWW\biaodian\formdesign-master\Formdesign4_1_Ueditor1_4_2_Thinkphp3_2\Application\Home\Controller\IndexController.class.php 第 17 行.
NOTIC: [8] Undefined index: value F:\WWW\biaodian\formdesign-master\Formdesign4_1_Ueditor1_4_2_Thinkphp3_2\Application\Home\Org\Formdesign.class.php 第 78 行.
NOTIC: [8] Undefined index: data_7 F:\WWW\biaodian\formdesign-master\Formdesign4_1_Ueditor1_4_2_Thinkphp3_2\Application\Home\Org\Formdesign.class.php 第 415 行.
NOTIC: [8] Undefined offset: 1 F:\WWW\biaodian\formdesign-master\Formdesign4_1_Ueditor1_4_2_Thinkphp3_2\Application\Home\Org\Formdesign.class.php 第 680 行.
NOTIC: [8] Undefined offset: 2 F:\WWW\biaodian\formdesign-master\Formdesign4_1_Ueditor1_4_2_Thinkphp3_2\Application\Home\Org\Formdesign.class.php 第 680 行.
NOTIC: [8] Undefined offset: 3 F:\WWW\biaodian\formdesign-master\Formdesign4_1_Ueditor1_4_2_Thinkphp3_2\Application\Home\Org\Formdesign.class.php 第 680 行.
NOTIC: [8] Undefined offset: 3 F:\WWW\biaodian\formdesign-master\Formdesign4_1_Ueditor1_4_2_Thinkphp3_2\Application\Home\Org\Formdesign.class.php 第 688 行.
NOTIC: [8] Undefined offset: 4 F:\WWW\biaodian\formdesign-master\Formdesign4_1_Ueditor1_4_2_Thinkphp3_2\Application\Home\Org\Formdesign.class.php 第 667 行.
NOTIC: [8] Undefined offset: 4 F:\WWW\biaodian\formdesign-master\Formdesign4_1_Ueditor1_4_2_Thinkphp3_2\Application\Home\Org\Formdesign.class.php 第 667 行.
NOTIC: [8] Undefined index: value F:\WWW\biaodian\formdesign-master\Formdesign4_1_Ueditor1_4_2_Thinkphp3_2\Application\Home\Org\Formdesign.class.php 第 345 行.
INFO: [ view_parse ] --START--
INFO: [ template_filter ] --START--
INFO: Run Behavior\ContentReplaceBehavior [ RunTime:0.000030s ]
INFO: [ template_filter ] --END-- [ RunTime:0.000051s ]
INFO: Run Behavior\ParseTemplateBehavior [ RunTime:0.005832s ]
INFO: [ view_parse ] --END-- [ RunTime:0.005864s ]
INFO: [ view_filter ] --START--
INFO: Run Behavior\WriteHtmlCacheBehavior [ RunTime:0.000213s ]
INFO: [ view_filter ] --END-- [ RunTime:0.000230s ]
INFO: [ app_end ] --START--
INFO: Run Behavior\ShowPageTraceBehavior [ RunTime:0.000358s ]
INFO: [ app_end ] --END-- [ RunTime:0.000379s ]

[ 2018-12-13T00:39:25+08:00 ] 127.0.0.1 /index.php?s=/index/preview.html
INFO: [ app_init ] --START--
INFO: Run Behavior\BuildLiteBehavior [ RunTime:0.000007s ]
INFO: [ app_init ] --END-- [ RunTime:0.000238s ]
INFO: [ app_begin ] --START--
INFO: Run Behavior\ReadHtmlCacheBehavior [ RunTime:0.000323s ]
INFO: [ app_begin ] --END-- [ RunTime:0.000349s ]
NOTIC: [8] Undefined variable: one F:\WWW\biaodian\formdesign-master\Formdesign4_1_Ueditor1_4_2_Thinkphp3_2\Application\Home\Controller\IndexController.class.php 第 17 行.
NOTIC: [8] Undefined index: value F:\WWW\biaodian\formdesign-master\Formdesign4_1_Ueditor1_4_2_Thinkphp3_2\Application\Home\Org\Formdesign.class.php 第 78 行.
NOTIC: [8] Undefined index: data_7 F:\WWW\biaodian\formdesign-master\Formdesign4_1_Ueditor1_4_2_Thinkphp3_2\Application\Home\Org\Formdesign.class.php 第 411 行.
NOTIC: [8] unserialize(): Error at offset 0 of 20 bytes F:\WWW\biaodian\formdesign-master\Formdesign4_1_Ueditor1_4_2_Thinkphp3_2\Application\Home\Org\Formdesign.class.php 第 443 行.
NOTIC: [8] unserialize(): Error at offset 0 of 14 bytes F:\WWW\biaodian\formdesign-master\Formdesign4_1_Ueditor1_4_2_Thinkphp3_2\Application\Home\Org\Formdesign.class.php 第 483 行.
NOTIC: [8] Undefined offset: 1 F:\WWW\biaodian\formdesign-master\Formdesign4_1_Ueditor1_4_2_Thinkphp3_2\Application\Home\Org\Formdesign.class.php 第 683 行.
NOTIC: [8] Undefined offset: 2 F:\WWW\biaodian\formdesign-master\Formdesign4_1_Ueditor1_4_2_Thinkphp3_2\Application\Home\Org\Formdesign.class.php 第 683 行.
NOTIC: [8] Undefined offset: 3 F:\WWW\biaodian\formdesign-master\Formdesign4_1_Ueditor1_4_2_Thinkphp3_2\Application\Home\Org\Formdesign.class.php 第 683 行.
NOTIC: [8] Undefined offset: 3 F:\WWW\biaodian\formdesign-master\Formdesign4_1_Ueditor1_4_2_Thinkphp3_2\Application\Home\Org\Formdesign.class.php 第 691 行.
NOTIC: [8] Undefined offset: 4 F:\WWW\biaodian\formdesign-master\Formdesign4_1_Ueditor1_4_2_Thinkphp3_2\Application\Home\Org\Formdesign.class.php 第 667 行.
NOTIC: [8] Undefined offset: 4 F:\WWW\biaodian\formdesign-master\Formdesign4_1_Ueditor1_4_2_Thinkphp3_2\Application\Home\Org\Formdesign.class.php 第 670 行.
NOTIC: [8] Undefined offset: 4 F:\WWW\biaodian\formdesign-master\Formdesign4_1_Ueditor1_4_2_Thinkphp3_2\Application\Home\Org\Formdesign.class.php 第 670 行.
NOTIC: [8] Undefined index: value F:\WWW\biaodian\formdesign-master\Formdesign4_1_Ueditor1_4_2_Thinkphp3_2\Application\Home\Org\Formdesign.class.php 第 341 行.
INFO: [ view_parse ] --START--
INFO: [ template_filter ] --START--
INFO: Run Behavior\ContentReplaceBehavior [ RunTime:0.000042s ]
INFO: [ template_filter ] --END-- [ RunTime:0.000080s ]
INFO: Run Behavior\ParseTemplateBehavior [ RunTime:0.006768s ]
INFO: [ view_parse ] --END-- [ RunTime:0.006794s ]
INFO: [ view_filter ] --START--
INFO: Run Behavior\WriteHtmlCacheBehavior [ RunTime:0.000198s ]
INFO: [ view_filter ] --END-- [ RunTime:0.000216s ]
INFO: [ app_end ] --START--
INFO: Run Behavior\ShowPageTraceBehavior [ RunTime:0.000332s ]
INFO: [ app_end ] --END-- [ RunTime:0.000351s ]

[ 2018-12-13T00:45:56+08:00 ] 127.0.0.1 /index.php?s=/index/preview.html
INFO: [ app_init ] --START--
INFO: Run Behavior\BuildLiteBehavior [ RunTime:0.000006s ]
INFO: [ app_init ] --END-- [ RunTime:0.000329s ]
INFO: [ app_begin ] --START--
INFO: Run Behavior\ReadHtmlCacheBehavior [ RunTime:0.000309s ]
INFO: [ app_begin ] --END-- [ RunTime:0.000332s ]
NOTIC: [8] Undefined variable: one F:\WWW\biaodian\formdesign-master\Formdesign4_1_Ueditor1_4_2_Thinkphp3_2\Application\Home\Controller\IndexController.class.php 第 17 行.
NOTIC: [8] Undefined index: value F:\WWW\biaodian\formdesign-master\Formdesign4_1_Ueditor1_4_2_Thinkphp3_2\Application\Home\Org\Formdesign.class.php 第 78 行.
NOTIC: [8] Undefined index: data_7 F:\WWW\biaodian\formdesign-master\Formdesign4_1_Ueditor1_4_2_Thinkphp3_2\Application\Home\Org\Formdesign.class.php 第 411 行.
NOTIC: [8] unserialize(): Error at offset 0 of 20 bytes F:\WWW\biaodian\formdesign-master\Formdesign4_1_Ueditor1_4_2_Thinkphp3_2\Application\Home\Org\Formdesign.class.php 第 443 行.
NOTIC: [8] unserialize(): Error at offset 0 of 14 bytes F:\WWW\biaodian\formdesign-master\Formdesign4_1_Ueditor1_4_2_Thinkphp3_2\Application\Home\Org\Formdesign.class.php 第 483 行.
NOTIC: [8] Undefined offset: 1 F:\WWW\biaodian\formdesign-master\Formdesign4_1_Ueditor1_4_2_Thinkphp3_2\Application\Home\Org\Formdesign.class.php 第 677 行.
NOTIC: [8] Undefined offset: 1 F:\WWW\biaodian\formdesign-master\Formdesign4_1_Ueditor1_4_2_Thinkphp3_2\Application\Home\Org\Formdesign.class.php 第 678 行.
NOTIC: [8] Undefined offset: 2 F:\WWW\biaodian\formdesign-master\Formdesign4_1_Ueditor1_4_2_Thinkphp3_2\Application\Home\Org\Formdesign.class.php 第 677 行.
NOTIC: [8] Undefined offset: 2 F:\WWW\biaodian\formdesign-master\Formdesign4_1_Ueditor1_4_2_Thinkphp3_2\Application\Home\Org\Formdesign.class.php 第 678 行.
NOTIC: [8] Undefined offset: 3 F:\WWW\biaodian\formdesign-master\Formdesign4_1_Ueditor1_4_2_Thinkphp3_2\Application\Home\Org\Formdesign.class.php 第 677 行.
NOTIC: [8] Undefined offset: 3 F:\WWW\biaodian\formdesign-master\Formdesign4_1_Ueditor1_4_2_Thinkphp3_2\Application\Home\Org\Formdesign.class.php 第 678 行.
NOTIC: [8] Undefined offset: 3 F:\WWW\biaodian\formdesign-master\Formdesign4_1_Ueditor1_4_2_Thinkphp3_2\Application\Home\Org\Formdesign.class.php 第 686 行.
NOTIC: [8] Undefined offset: 4 F:\WWW\biaodian\formdesign-master\Formdesign4_1_Ueditor1_4_2_Thinkphp3_2\Application\Home\Org\Formdesign.class.php 第 666 行.
NOTIC: [8] Undefined offset: 4 F:\WWW\biaodian\formdesign-master\Formdesign4_1_Ueditor1_4_2_Thinkphp3_2\Application\Home\Org\Formdesign.class.php 第 666 行.
NOTIC: [8] Undefined index: value F:\WWW\biaodian\formdesign-master\Formdesign4_1_Ueditor1_4_2_Thinkphp3_2\Application\Home\Org\Formdesign.class.php 第 341 行.
INFO: [ view_parse ] --START--
INFO: [ template_filter ] --START--
INFO: Run Behavior\ContentReplaceBehavior [ RunTime:0.000038s ]
INFO: [ template_filter ] --END-- [ RunTime:0.000076s ]
INFO: Run Behavior\ParseTemplateBehavior [ RunTime:0.006805s ]
INFO: [ view_parse ] --END-- [ RunTime:0.006834s ]
INFO: [ view_filter ] --START--
INFO: Run Behavior\WriteHtmlCacheBehavior [ RunTime:0.000209s ]
INFO: [ view_filter ] --END-- [ RunTime:0.000231s ]
INFO: [ app_end ] --START--
INFO: Run Behavior\ShowPageTraceBehavior [ RunTime:0.000542s ]
INFO: [ app_end ] --END-- [ RunTime:0.000578s ]

[ 2018-12-13T00:46:46+08:00 ] 127.0.0.1 /index.php?s=/index/preview.html
INFO: [ app_init ] --START--
INFO: Run Behavior\BuildLiteBehavior [ RunTime:0.000006s ]
INFO: [ app_init ] --END-- [ RunTime:0.000241s ]
INFO: [ app_begin ] --START--
INFO: Run Behavior\ReadHtmlCacheBehavior [ RunTime:0.000305s ]
INFO: [ app_begin ] --END-- [ RunTime:0.000330s ]
NOTIC: [8] Undefined variable: one F:\WWW\biaodian\formdesign-master\Formdesign4_1_Ueditor1_4_2_Thinkphp3_2\Application\Home\Controller\IndexController.class.php 第 17 行.
NOTIC: [8] Undefined index: value F:\WWW\biaodian\formdesign-master\Formdesign4_1_Ueditor1_4_2_Thinkphp3_2\Application\Home\Org\Formdesign.class.php 第 78 行.
NOTIC: [8] Undefined index: data_7 F:\WWW\biaodian\formdesign-master\Formdesign4_1_Ueditor1_4_2_Thinkphp3_2\Application\Home\Org\Formdesign.class.php 第 411 行.
NOTIC: [8] unserialize(): Error at offset 0 of 20 bytes F:\WWW\biaodian\formdesign-master\Formdesign4_1_Ueditor1_4_2_Thinkphp3_2\Application\Home\Org\Formdesign.class.php 第 443 行.
NOTIC: [8] unserialize(): Error at offset 0 of 14 bytes F:\WWW\biaodian\formdesign-master\Formdesign4_1_Ueditor1_4_2_Thinkphp3_2\Application\Home\Org\Formdesign.class.php 第 483 行.
NOTIC: [8] Undefined offset: 1 F:\WWW\biaodian\formdesign-master\Formdesign4_1_Ueditor1_4_2_Thinkphp3_2\Application\Home\Org\Formdesign.class.php 第 677 行.
NOTIC: [8] Undefined offset: 1 F:\WWW\biaodian\formdesign-master\Formdesign4_1_Ueditor1_4_2_Thinkphp3_2\Application\Home\Org\Formdesign.class.php 第 678 行.
NOTIC: [8] Undefined offset: 2 F:\WWW\biaodian\formdesign-master\Formdesign4_1_Ueditor1_4_2_Thinkphp3_2\Application\Home\Org\Formdesign.class.php 第 677 行.
NOTIC: [8] Undefined offset: 2 F:\WWW\biaodian\formdesign-master\Formdesign4_1_Ueditor1_4_2_Thinkphp3_2\Application\Home\Org\Formdesign.class.php 第 678 行.
NOTIC: [8] Undefined offset: 3 F:\WWW\biaodian\formdesign-master\Formdesign4_1_Ueditor1_4_2_Thinkphp3_2\Application\Home\Org\Formdesign.class.php 第 677 行.
NOTIC: [8] Undefined offset: 3 F:\WWW\biaodian\formdesign-master\Formdesign4_1_Ueditor1_4_2_Thinkphp3_2\Application\Home\Org\Formdesign.class.php 第 678 行.
NOTIC: [8] Undefined offset: 3 F:\WWW\biaodian\formdesign-master\Formdesign4_1_Ueditor1_4_2_Thinkphp3_2\Application\Home\Org\Formdesign.class.php 第 686 行.
NOTIC: [8] Undefined offset: 4 F:\WWW\biaodian\formdesign-master\Formdesign4_1_Ueditor1_4_2_Thinkphp3_2\Application\Home\Org\Formdesign.class.php 第 666 行.
NOTIC: [8] Undefined offset: 4 F:\WWW\biaodian\formdesign-master\Formdesign4_1_Ueditor1_4_2_Thinkphp3_2\Application\Home\Org\Formdesign.class.php 第 666 行.
NOTIC: [8] Undefined index: value F:\WWW\biaodian\formdesign-master\Formdesign4_1_Ueditor1_4_2_Thinkphp3_2\Application\Home\Org\Formdesign.class.php 第 341 行.
INFO: [ view_parse ] --START--
INFO: [ template_filter ] --START--
INFO: Run Behavior\ContentReplaceBehavior [ RunTime:0.000027s ]
INFO: [ template_filter ] --END-- [ RunTime:0.000053s ]
INFO: Run Behavior\ParseTemplateBehavior [ RunTime:0.004907s ]
INFO: [ view_parse ] --END-- [ RunTime:0.004932s ]
INFO: [ view_filter ] --START--
INFO: Run Behavior\WriteHtmlCacheBehavior [ RunTime:0.000195s ]
INFO: [ view_filter ] --END-- [ RunTime:0.000214s ]
INFO: [ app_end ] --START--
INFO: Run Behavior\ShowPageTraceBehavior [ RunTime:0.000469s ]
INFO: [ app_end ] --END-- [ RunTime:0.000543s ]

[ 2018-12-13T00:51:57+08:00 ] 127.0.0.1 /index.php?s=/index/preview.html
INFO: [ app_init ] --START--
INFO: Run Behavior\BuildLiteBehavior [ RunTime:0.000006s ]
INFO: [ app_init ] --END-- [ RunTime:0.000233s ]
INFO: [ app_begin ] --START--
INFO: Run Behavior\ReadHtmlCacheBehavior [ RunTime:0.000308s ]
INFO: [ app_begin ] --END-- [ RunTime:0.000331s ]
NOTIC: [8] Undefined variable: one F:\WWW\biaodian\formdesign-master\Formdesign4_1_Ueditor1_4_2_Thinkphp3_2\Application\Home\Controller\IndexController.class.php 第 17 行.
NOTIC: [8] Undefined index: value F:\WWW\biaodian\formdesign-master\Formdesign4_1_Ueditor1_4_2_Thinkphp3_2\Application\Home\Org\Formdesign.class.php 第 78 行.
NOTIC: [8] Undefined index: data_7 F:\WWW\biaodian\formdesign-master\Formdesign4_1_Ueditor1_4_2_Thinkphp3_2\Application\Home\Org\Formdesign.class.php 第 411 行.
NOTIC: [8] unserialize(): Error at offset 0 of 20 bytes F:\WWW\biaodian\formdesign-master\Formdesign4_1_Ueditor1_4_2_Thinkphp3_2\Application\Home\Org\Formdesign.class.php 第 443 行.
NOTIC: [8] unserialize(): Error at offset 0 of 14 bytes F:\WWW\biaodian\formdesign-master\Formdesign4_1_Ueditor1_4_2_Thinkphp3_2\Application\Home\Org\Formdesign.class.php 第 483 行.
NOTIC: [8] Undefined offset: 1 F:\WWW\biaodian\formdesign-master\Formdesign4_1_Ueditor1_4_2_Thinkphp3_2\Application\Home\Org\Formdesign.class.php 第 677 行.
NOTIC: [8] Undefined offset: 1 F:\WWW\biaodian\formdesign-master\Formdesign4_1_Ueditor1_4_2_Thinkphp3_2\Application\Home\Org\Formdesign.class.php 第 678 行.
NOTIC: [8] Undefined offset: 2 F:\WWW\biaodian\formdesign-master\Formdesign4_1_Ueditor1_4_2_Thinkphp3_2\Application\Home\Org\Formdesign.class.php 第 677 行.
NOTIC: [8] Undefined offset: 2 F:\WWW\biaodian\formdesign-master\Formdesign4_1_Ueditor1_4_2_Thinkphp3_2\Application\Home\Org\Formdesign.class.php 第 678 行.
NOTIC: [8] Undefined offset: 3 F:\WWW\biaodian\formdesign-master\Formdesign4_1_Ueditor1_4_2_Thinkphp3_2\Application\Home\Org\Formdesign.class.php 第 677 行.
NOTIC: [8] Undefined offset: 3 F:\WWW\biaodian\formdesign-master\Formdesign4_1_Ueditor1_4_2_Thinkphp3_2\Application\Home\Org\Formdesign.class.php 第 678 行.
NOTIC: [8] Undefined offset: 3 F:\WWW\biaodian\formdesign-master\Formdesign4_1_Ueditor1_4_2_Thinkphp3_2\Application\Home\Org\Formdesign.class.php 第 686 行.
NOTIC: [8] Undefined offset: 4 F:\WWW\biaodian\formdesign-master\Formdesign4_1_Ueditor1_4_2_Thinkphp3_2\Application\Home\Org\Formdesign.class.php 第 666 行.
NOTIC: [8] Undefined offset: 4 F:\WWW\biaodian\formdesign-master\Formdesign4_1_Ueditor1_4_2_Thinkphp3_2\Application\Home\Org\Formdesign.class.php 第 666 行.
NOTIC: [8] Undefined index: value F:\WWW\biaodian\formdesign-master\Formdesign4_1_Ueditor1_4_2_Thinkphp3_2\Application\Home\Org\Formdesign.class.php 第 341 行.
INFO: [ view_parse ] --START--
INFO: [ template_filter ] --START--
INFO: Run Behavior\ContentReplaceBehavior [ RunTime:0.000028s ]
INFO: [ template_filter ] --END-- [ RunTime:0.000051s ]
INFO: Run Behavior\ParseTemplateBehavior [ RunTime:0.004940s ]
INFO: [ view_parse ] --END-- [ RunTime:0.004967s ]
INFO: [ view_filter ] --START--
INFO: Run Behavior\WriteHtmlCacheBehavior [ RunTime:0.000194s ]
INFO: [ view_filter ] --END-- [ RunTime:0.000212s ]
INFO: [ app_end ] --START--
INFO: Run Behavior\ShowPageTraceBehavior [ RunTime:0.000331s ]
INFO: [ app_end ] --END-- [ RunTime:0.000352s ]

[ 2018-12-13T00:53:45+08:00 ] 127.0.0.1 /index.php?s=/index/preview.html
INFO: [ app_init ] --START--
INFO: Run Behavior\BuildLiteBehavior [ RunTime:0.000004s ]
INFO: [ app_init ] --END-- [ RunTime:0.000216s ]
INFO: [ app_begin ] --START--
INFO: Run Behavior\ReadHtmlCacheBehavior [ RunTime:0.000305s ]
INFO: [ app_begin ] --END-- [ RunTime:0.000336s ]
NOTIC: [8] Undefined variable: one F:\WWW\biaodian\formdesign-master\Formdesign4_1_Ueditor1_4_2_Thinkphp3_2\Application\Home\Controller\IndexController.class.php 第 17 行.
NOTIC: [8] Undefined index: value F:\WWW\biaodian\formdesign-master\Formdesign4_1_Ueditor1_4_2_Thinkphp3_2\Application\Home\Org\Formdesign.class.php 第 78 行.
NOTIC: [8] Undefined index: data_7 F:\WWW\biaodian\formdesign-master\Formdesign4_1_Ueditor1_4_2_Thinkphp3_2\Application\Home\Org\Formdesign.class.php 第 411 行.
NOTIC: [8] unserialize(): Error at offset 0 of 20 bytes F:\WWW\biaodian\formdesign-master\Formdesign4_1_Ueditor1_4_2_Thinkphp3_2\Application\Home\Org\Formdesign.class.php 第 443 行.
NOTIC: [8] unserialize(): Error at offset 0 of 14 bytes F:\WWW\biaodian\formdesign-master\Formdesign4_1_Ueditor1_4_2_Thinkphp3_2\Application\Home\Org\Formdesign.class.php 第 483 行.
NOTIC: [8] Undefined offset: 1 F:\WWW\biaodian\formdesign-master\Formdesign4_1_Ueditor1_4_2_Thinkphp3_2\Application\Home\Org\Formdesign.class.php 第 673 行.
NOTIC: [8] Undefined offset: 1 F:\WWW\biaodian\formdesign-master\Formdesign4_1_Ueditor1_4_2_Thinkphp3_2\Application\Home\Org\Formdesign.class.php 第 674 行.
NOTIC: [8] Undefined offset: 2 F:\WWW\biaodian\formdesign-master\Formdesign4_1_Ueditor1_4_2_Thinkphp3_2\Application\Home\Org\Formdesign.class.php 第 673 行.
NOTIC: [8] Undefined offset: 2 F:\WWW\biaodian\formdesign-master\Formdesign4_1_Ueditor1_4_2_Thinkphp3_2\Application\Home\Org\Formdesign.class.php 第 674 行.
NOTIC: [8] Undefined offset: 3 F:\WWW\biaodian\formdesign-master\Formdesign4_1_Ueditor1_4_2_Thinkphp3_2\Application\Home\Org\Formdesign.class.php 第 673 行.
NOTIC: [8] Undefined offset: 3 F:\WWW\biaodian\formdesign-master\Formdesign4_1_Ueditor1_4_2_Thinkphp3_2\Application\Home\Org\Formdesign.class.php 第 674 行.
NOTIC: [8] Undefined offset: 3 F:\WWW\biaodian\formdesign-master\Formdesign4_1_Ueditor1_4_2_Thinkphp3_2\Application\Home\Org\Formdesign.class.php 第 683 行.
NOTIC: [8] Undefined offset: 4 F:\WWW\biaodian\formdesign-master\Formdesign4_1_Ueditor1_4_2_Thinkphp3_2\Application\Home\Org\Formdesign.class.php 第 662 行.
NOTIC: [8] Undefined offset: 4 F:\WWW\biaodian\formdesign-master\Formdesign4_1_Ueditor1_4_2_Thinkphp3_2\Application\Home\Org\Formdesign.class.php 第 662 行.
NOTIC: [8] Undefined index: value F:\WWW\biaodian\formdesign-master\Formdesign4_1_Ueditor1_4_2_Thinkphp3_2\Application\Home\Org\Formdesign.class.php 第 341 行.
INFO: [ view_parse ] --START--
INFO: [ template_filter ] --START--
INFO: Run Behavior\ContentReplaceBehavior [ RunTime:0.000039s ]
INFO: [ template_filter ] --END-- [ RunTime:0.000075s ]
INFO: Run Behavior\ParseTemplateBehavior [ RunTime:0.008437s ]
INFO: [ view_parse ] --END-- [ RunTime:0.008478s ]
INFO: [ view_filter ] --START--
INFO: Run Behavior\WriteHtmlCacheBehavior [ RunTime:0.015731s ]
INFO: [ view_filter ] --END-- [ RunTime:0.015777s ]
INFO: [ app_end ] --START--
INFO: Run Behavior\ShowPageTraceBehavior [ RunTime:0.000621s ]
INFO: [ app_end ] --END-- [ RunTime:0.000653s ]

[ 2018-12-13T01:10:43+08:00 ] 127.0.0.1 /index.php?s=/index/preview.html
INFO: [ app_init ] --START--
INFO: Run Behavior\BuildLiteBehavior [ RunTime:0.000005s ]
INFO: [ app_init ] --END-- [ RunTime:0.000221s ]
INFO: [ app_begin ] --START--
INFO: Run Behavior\ReadHtmlCacheBehavior [ RunTime:0.015465s ]
INFO: [ app_begin ] --END-- [ RunTime:0.015521s ]
NOTIC: [8] Undefined variable: one F:\WWW\biaodian\formdesign-master\Formdesign4_1_Ueditor1_4_2_Thinkphp3_2\Application\Home\Controller\IndexController.class.php 第 17 行.
NOTIC: [8] Undefined index: value F:\WWW\biaodian\formdesign-master\Formdesign4_1_Ueditor1_4_2_Thinkphp3_2\Application\Home\Org\Formdesign.class.php 第 78 行.
NOTIC: [8] Undefined index: data_7 F:\WWW\biaodian\formdesign-master\Formdesign4_1_Ueditor1_4_2_Thinkphp3_2\Application\Home\Org\Formdesign.class.php 第 411 行.
NOTIC: [8] unserialize(): Error at offset 0 of 20 bytes F:\WWW\biaodian\formdesign-master\Formdesign4_1_Ueditor1_4_2_Thinkphp3_2\Application\Home\Org\Formdesign.class.php 第 443 行.
NOTIC: [8] unserialize(): Error at offset 0 of 14 bytes F:\WWW\biaodian\formdesign-master\Formdesign4_1_Ueditor1_4_2_Thinkphp3_2\Application\Home\Org\Formdesign.class.php 第 483 行.
NOTIC: [8] Undefined offset: 1 F:\WWW\biaodian\formdesign-master\Formdesign4_1_Ueditor1_4_2_Thinkphp3_2\Application\Home\Org\Formdesign.class.php 第 673 行.
NOTIC: [8] Undefined offset: 1 F:\WWW\biaodian\formdesign-master\Formdesign4_1_Ueditor1_4_2_Thinkphp3_2\Application\Home\Org\Formdesign.class.php 第 674 行.
NOTIC: [8] Undefined offset: 2 F:\WWW\biaodian\formdesign-master\Formdesign4_1_Ueditor1_4_2_Thinkphp3_2\Application\Home\Org\Formdesign.class.php 第 673 行.
NOTIC: [8] Undefined offset: 2 F:\WWW\biaodian\formdesign-master\Formdesign4_1_Ueditor1_4_2_Thinkphp3_2\Application\Home\Org\Formdesign.class.php 第 674 行.
NOTIC: [8] Undefined offset: 3 F:\WWW\biaodian\formdesign-master\Formdesign4_1_Ueditor1_4_2_Thinkphp3_2\Application\Home\Org\Formdesign.class.php 第 673 行.
NOTIC: [8] Undefined offset: 3 F:\WWW\biaodian\formdesign-master\Formdesign4_1_Ueditor1_4_2_Thinkphp3_2\Application\Home\Org\Formdesign.class.php 第 674 行.
NOTIC: [8] Undefined offset: 3 F:\WWW\biaodian\formdesign-master\Formdesign4_1_Ueditor1_4_2_Thinkphp3_2\Application\Home\Org\Formdesign.class.php 第 683 行.
NOTIC: [8] Undefined offset: 4 F:\WWW\biaodian\formdesign-master\Formdesign4_1_Ueditor1_4_2_Thinkphp3_2\Application\Home\Org\Formdesign.class.php 第 662 行.
NOTIC: [8] Undefined offset: 4 F:\WWW\biaodian\formdesign-master\Formdesign4_1_Ueditor1_4_2_Thinkphp3_2\Application\Home\Org\Formdesign.class.php 第 662 行.
NOTIC: [8] Undefined index: value F:\WWW\biaodian\formdesign-master\Formdesign4_1_Ueditor1_4_2_Thinkphp3_2\Application\Home\Org\Formdesign.class.php 第 341 行.
INFO: [ view_parse ] --START--
INFO: [ template_filter ] --START--
INFO: Run Behavior\ContentReplaceBehavior [ RunTime:0.000028s ]
INFO: [ template_filter ] --END-- [ RunTime:0.000058s ]
INFO: Run Behavior\ParseTemplateBehavior [ RunTime:0.007026s ]
INFO: [ view_parse ] --END-- [ RunTime:0.007053s ]
INFO: [ view_filter ] --START--
INFO: Run Behavior\WriteHtmlCacheBehavior [ RunTime:0.000198s ]
INFO: [ view_filter ] --END-- [ RunTime:0.000217s ]
INFO: [ app_end ] --START--
INFO: Run Behavior\ShowPageTraceBehavior [ RunTime:0.000396s ]
INFO: [ app_end ] --END-- [ RunTime:0.000421s ]

[ 2018-12-13T01:11:12+08:00 ] 127.0.0.1 /index.php?s=/index/preview.html
INFO: [ app_init ] --START--
INFO: Run Behavior\BuildLiteBehavior [ RunTime:0.000007s ]
INFO: [ app_init ] --END-- [ RunTime:0.000246s ]
INFO: [ app_begin ] --START--
INFO: Run Behavior\ReadHtmlCacheBehavior [ RunTime:0.000307s ]
INFO: [ app_begin ] --END-- [ RunTime:0.000329s ]
ERR: syntax error, unexpected 'else' (T_ELSE)

[ 2018-12-13T01:11:29+08:00 ] 127.0.0.1 /index.php?s=/index/preview.html
INFO: [ app_init ] --START--
INFO: Run Behavior\BuildLiteBehavior [ RunTime:0.000005s ]
INFO: [ app_init ] --END-- [ RunTime:0.000221s ]
INFO: [ app_begin ] --START--
INFO: Run Behavior\ReadHtmlCacheBehavior [ RunTime:0.000294s ]
INFO: [ app_begin ] --END-- [ RunTime:0.000317s ]
NOTIC: [8] Undefined variable: one F:\WWW\biaodian\formdesign-master\Formdesign4_1_Ueditor1_4_2_Thinkphp3_2\Application\Home\Controller\IndexController.class.php 第 17 行.
NOTIC: [8] Undefined index: value F:\WWW\biaodian\formdesign-master\Formdesign4_1_Ueditor1_4_2_Thinkphp3_2\Application\Home\Org\Formdesign.class.php 第 78 行.
NOTIC: [8] Undefined index: data_7 F:\WWW\biaodian\formdesign-master\Formdesign4_1_Ueditor1_4_2_Thinkphp3_2\Application\Home\Org\Formdesign.class.php 第 411 行.
NOTIC: [8] unserialize(): Error at offset 0 of 20 bytes F:\WWW\biaodian\formdesign-master\Formdesign4_1_Ueditor1_4_2_Thinkphp3_2\Application\Home\Org\Formdesign.class.php 第 443 行.
NOTIC: [8] unserialize(): Error at offset 0 of 14 bytes F:\WWW\biaodian\formdesign-master\Formdesign4_1_Ueditor1_4_2_Thinkphp3_2\Application\Home\Org\Formdesign.class.php 第 483 行.
NOTIC: [8] Undefined offset: 1 F:\WWW\biaodian\formdesign-master\Formdesign4_1_Ueditor1_4_2_Thinkphp3_2\Application\Home\Org\Formdesign.class.php 第 674 行.
NOTIC: [8] Undefined offset: 2 F:\WWW\biaodian\formdesign-master\Formdesign4_1_Ueditor1_4_2_Thinkphp3_2\Application\Home\Org\Formdesign.class.php 第 674 行.
NOTIC: [8] Undefined offset: 3 F:\WWW\biaodian\formdesign-master\Formdesign4_1_Ueditor1_4_2_Thinkphp3_2\Application\Home\Org\Formdesign.class.php 第 674 行.
NOTIC: [8] Undefined offset: 3 F:\WWW\biaodian\formdesign-master\Formdesign4_1_Ueditor1_4_2_Thinkphp3_2\Application\Home\Org\Formdesign.class.php 第 683 行.
NOTIC: [8] Undefined offset: 4 F:\WWW\biaodian\formdesign-master\Formdesign4_1_Ueditor1_4_2_Thinkphp3_2\Application\Home\Org\Formdesign.class.php 第 662 行.
NOTIC: [8] Undefined offset: 4 F:\WWW\biaodian\formdesign-master\Formdesign4_1_Ueditor1_4_2_Thinkphp3_2\Application\Home\Org\Formdesign.class.php 第 662 行.
NOTIC: [8] Undefined index: value F:\WWW\biaodian\formdesign-master\Formdesign4_1_Ueditor1_4_2_Thinkphp3_2\Application\Home\Org\Formdesign.class.php 第 341 行.
INFO: [ view_parse ] --START--
INFO: [ template_filter ] --START--
INFO: Run Behavior\ContentReplaceBehavior [ RunTime:0.000037s ]
INFO: [ template_filter ] --END-- [ RunTime:0.000075s ]
INFO: Run Behavior\ParseTemplateBehavior [ RunTime:0.006105s ]
INFO: [ view_parse ] --END-- [ RunTime:0.006134s ]
INFO: [ view_filter ] --START--
INFO: Run Behavior\WriteHtmlCacheBehavior [ RunTime:0.000213s ]
INFO: [ view_filter ] --END-- [ RunTime:0.000231s ]
INFO: [ app_end ] --START--
INFO: Run Behavior\ShowPageTraceBehavior [ RunTime:0.000350s ]
INFO: [ app_end ] --END-- [ RunTime:0.000371s ]

[ 2018-12-13T01:11:36+08:00 ] 127.0.0.1 /index.php?s=/index/preview.html
INFO: [ app_init ] --START--
INFO: Run Behavior\BuildLiteBehavior [ RunTime:0.000006s ]
INFO: [ app_init ] --END-- [ RunTime:0.000230s ]
INFO: [ app_begin ] --START--
INFO: Run Behavior\ReadHtmlCacheBehavior [ RunTime:0.000312s ]
INFO: [ app_begin ] --END-- [ RunTime:0.000336s ]
NOTIC: [8] Undefined variable: one F:\WWW\biaodian\formdesign-master\Formdesign4_1_Ueditor1_4_2_Thinkphp3_2\Application\Home\Controller\IndexController.class.php 第 17 行.
NOTIC: [8] Undefined index: value F:\WWW\biaodian\formdesign-master\Formdesign4_1_Ueditor1_4_2_Thinkphp3_2\Application\Home\Org\Formdesign.class.php 第 78 行.
NOTIC: [8] Undefined index: data_7 F:\WWW\biaodian\formdesign-master\Formdesign4_1_Ueditor1_4_2_Thinkphp3_2\Application\Home\Org\Formdesign.class.php 第 411 行.
NOTIC: [8] unserialize(): Error at offset 0 of 20 bytes F:\WWW\biaodian\formdesign-master\Formdesign4_1_Ueditor1_4_2_Thinkphp3_2\Application\Home\Org\Formdesign.class.php 第 443 行.
NOTIC: [8] unserialize(): Error at offset 0 of 14 bytes F:\WWW\biaodian\formdesign-master\Formdesign4_1_Ueditor1_4_2_Thinkphp3_2\Application\Home\Org\Formdesign.class.php 第 483 行.
NOTIC: [8] Undefined offset: 1 F:\WWW\biaodian\formdesign-master\Formdesign4_1_Ueditor1_4_2_Thinkphp3_2\Application\Home\Org\Formdesign.class.php 第 674 行.
NOTIC: [8] Undefined offset: 2 F:\WWW\biaodian\formdesign-master\Formdesign4_1_Ueditor1_4_2_Thinkphp3_2\Application\Home\Org\Formdesign.class.php 第 674 行.
NOTIC: [8] Undefined offset: 3 F:\WWW\biaodian\formdesign-master\Formdesign4_1_Ueditor1_4_2_Thinkphp3_2\Application\Home\Org\Formdesign.class.php 第 674 行.
NOTIC: [8] Undefined offset: 3 F:\WWW\biaodian\formdesign-master\Formdesign4_1_Ueditor1_4_2_Thinkphp3_2\Application\Home\Org\Formdesign.class.php 第 683 行.
NOTIC: [8] Undefined offset: 4 F:\WWW\biaodian\formdesign-master\Formdesign4_1_Ueditor1_4_2_Thinkphp3_2\Application\Home\Org\Formdesign.class.php 第 662 行.
NOTIC: [8] Undefined offset: 4 F:\WWW\biaodian\formdesign-master\Formdesign4_1_Ueditor1_4_2_Thinkphp3_2\Application\Home\Org\Formdesign.class.php 第 662 行.
NOTIC: [8] Undefined index: value F:\WWW\biaodian\formdesign-master\Formdesign4_1_Ueditor1_4_2_Thinkphp3_2\Application\Home\Org\Formdesign.class.php 第 341 行.
INFO: [ view_parse ] --START--
INFO: [ template_filter ] --START--
INFO: Run Behavior\ContentReplaceBehavior [ RunTime:0.000033s ]
INFO: [ template_filter ] --END-- [ RunTime:0.000069s ]
INFO: Run Behavior\ParseTemplateBehavior [ RunTime:0.006000s ]
INFO: [ view_parse ] --END-- [ RunTime:0.006039s ]
INFO: [ view_filter ] --START--
INFO: Run Behavior\WriteHtmlCacheBehavior [ RunTime:0.000230s ]
INFO: [ view_filter ] --END-- [ RunTime:0.000252s ]
INFO: [ app_end ] --START--
INFO: Run Behavior\ShowPageTraceBehavior [ RunTime:0.000487s ]
INFO: [ app_end ] --END-- [ RunTime:0.000559s ]

[ 2018-12-13T01:12:16+08:00 ] 127.0.0.1 /index.php?s=/index/preview.html
INFO: [ app_init ] --START--
INFO: Run Behavior\BuildLiteBehavior [ RunTime:0.000007s ]
INFO: [ app_init ] --END-- [ RunTime:0.000338s ]
INFO: [ app_begin ] --START--
INFO: Run Behavior\ReadHtmlCacheBehavior [ RunTime:0.000505s ]
INFO: [ app_begin ] --END-- [ RunTime:0.000554s ]
NOTIC: [8] Undefined variable: one F:\WWW\biaodian\formdesign-master\Formdesign4_1_Ueditor1_4_2_Thinkphp3_2\Application\Home\Controller\IndexController.class.php 第 17 行.
NOTIC: [8] Undefined index: value F:\WWW\biaodian\formdesign-master\Formdesign4_1_Ueditor1_4_2_Thinkphp3_2\Application\Home\Org\Formdesign.class.php 第 78 行.
NOTIC: [8] Undefined index: data_7 F:\WWW\biaodian\formdesign-master\Formdesign4_1_Ueditor1_4_2_Thinkphp3_2\Application\Home\Org\Formdesign.class.php 第 411 行.
NOTIC: [8] unserialize(): Error at offset 0 of 20 bytes F:\WWW\biaodian\formdesign-master\Formdesign4_1_Ueditor1_4_2_Thinkphp3_2\Application\Home\Org\Formdesign.class.php 第 443 行.
NOTIC: [8] unserialize(): Error at offset 0 of 14 bytes F:\WWW\biaodian\formdesign-master\Formdesign4_1_Ueditor1_4_2_Thinkphp3_2\Application\Home\Org\Formdesign.class.php 第 483 行.
NOTIC: [8] Undefined offset: 1 F:\WWW\biaodian\formdesign-master\Formdesign4_1_Ueditor1_4_2_Thinkphp3_2\Application\Home\Org\Formdesign.class.php 第 674 行.
NOTIC: [8] Undefined offset: 2 F:\WWW\biaodian\formdesign-master\Formdesign4_1_Ueditor1_4_2_Thinkphp3_2\Application\Home\Org\Formdesign.class.php 第 674 行.
NOTIC: [8] Undefined offset: 3 F:\WWW\biaodian\formdesign-master\Formdesign4_1_Ueditor1_4_2_Thinkphp3_2\Application\Home\Org\Formdesign.class.php 第 674 行.
NOTIC: [8] Undefined offset: 3 F:\WWW\biaodian\formdesign-master\Formdesign4_1_Ueditor1_4_2_Thinkphp3_2\Application\Home\Org\Formdesign.class.php 第 683 行.
NOTIC: [8] Undefined offset: 4 F:\WWW\biaodian\formdesign-master\Formdesign4_1_Ueditor1_4_2_Thinkphp3_2\Application\Home\Org\Formdesign.class.php 第 662 行.
NOTIC: [8] Undefined offset: 4 F:\WWW\biaodian\formdesign-master\Formdesign4_1_Ueditor1_4_2_Thinkphp3_2\Application\Home\Org\Formdesign.class.php 第 662 行.
NOTIC: [8] Undefined index: value F:\WWW\biaodian\formdesign-master\Formdesign4_1_Ueditor1_4_2_Thinkphp3_2\Application\Home\Org\Formdesign.class.php 第 341 行.
INFO: [ view_parse ] --START--
INFO: [ template_filter ] --START--
INFO: Run Behavior\ContentReplaceBehavior [ RunTime:0.000027s ]
INFO: [ template_filter ] --END-- [ RunTime:0.000051s ]
INFO: Run Behavior\ParseTemplateBehavior [ RunTime:0.006373s ]
INFO: [ view_parse ] --END-- [ RunTime:0.006421s ]
INFO: [ view_filter ] --START--
INFO: Run Behavior\WriteHtmlCacheBehavior [ RunTime:0.000665s ]
INFO: [ view_filter ] --END-- [ RunTime:0.000722s ]
INFO: [ app_end ] --START--
INFO: Run Behavior\ShowPageTraceBehavior [ RunTime:0.000462s ]
INFO: [ app_end ] --END-- [ RunTime:0.000494s ]

[ 2018-12-13T01:16:29+08:00 ] 127.0.0.1 /index.php?s=/demo.html
INFO: [ app_init ] --START--
INFO: Run Behavior\BuildLiteBehavior [ RunTime:0.000040s ]
INFO: [ app_init ] --END-- [ RunTime:0.000783s ]
INFO: [ app_begin ] --START--
INFO: Run Behavior\ReadHtmlCacheBehavior [ RunTime:0.000397s ]
INFO: [ app_begin ] --END-- [ RunTime:0.000431s ]
ERR: Call to undefined function Home\Controller\cache()

[ 2018-12-13T01:21:19+08:00 ] 127.0.0.1 /index.php?s=/index/parse.html
INFO: [ app_init ] --START--
INFO: Run Behavior\BuildLiteBehavior [ RunTime:0.000008s ]
INFO: [ app_init ] --END-- [ RunTime:0.000249s ]
INFO: [ app_begin ] --START--
INFO: Run Behavior\ReadHtmlCacheBehavior [ RunTime:0.000322s ]
INFO: [ app_begin ] --END-- [ RunTime:0.000343s ]
INFO: [ app_end ] --START--
INFO: Run Behavior\ShowPageTraceBehavior [ RunTime:0.000706s ]
INFO: [ app_end ] --END-- [ RunTime:0.000753s ]

[ 2018-12-13T01:21:33+08:00 ] 127.0.0.1 /index.php?s=/index/parse.html
INFO: [ app_init ] --START--
INFO: Run Behavior\BuildLiteBehavior [ RunTime:0.000005s ]
INFO: [ app_init ] --END-- [ RunTime:0.000189s ]
INFO: [ app_begin ] --START--
INFO: Run Behavior\ReadHtmlCacheBehavior [ RunTime:0.000242s ]
INFO: [ app_begin ] --END-- [ RunTime:0.000261s ]
INFO: [ app_end ] --START--
INFO: Run Behavior\ShowPageTraceBehavior [ RunTime:0.000257s ]
INFO: [ app_end ] --END-- [ RunTime:0.000278s ]

[ 2018-12-13T01:24:49+08:00 ] 127.0.0.1 /index.php/demo
INFO: [ app_init ] --START--
INFO: Run Behavior\BuildLiteBehavior [ RunTime:0.000009s ]
INFO: [ app_init ] --END-- [ RunTime:0.000400s ]
INFO: [ app_begin ] --START--
INFO: Run Behavior\ReadHtmlCacheBehavior [ RunTime:0.000483s ]
INFO: [ app_begin ] --END-- [ RunTime:0.000524s ]
ERR: Call to undefined function Home\Controller\cache()

[ 2018-12-13T01:25:29+08:00 ] 127.0.0.1 /index.php/demo/demo/index
INFO: [ app_init ] --START--
INFO: Run Behavior\BuildLiteBehavior [ RunTime:0.000011s ]
INFO: [ app_init ] --END-- [ RunTime:0.000371s ]
INFO: [ app_begin ] --START--
INFO: Run Behavior\ReadHtmlCacheBehavior [ RunTime:0.000511s ]
INFO: [ app_begin ] --END-- [ RunTime:0.000557s ]
INFO: [ app_end ] --START--
INFO: Run Behavior\ShowPageTraceBehavior [ RunTime:0.000440s ]
INFO: [ app_end ] --END-- [ RunTime:0.000476s ]

[ 2018-12-13T01:25:34+08:00 ] 127.0.0.1 /index.php/demo/demo/index
INFO: [ app_init ] --START--
INFO: Run Behavior\BuildLiteBehavior [ RunTime:0.000007s ]
INFO: [ app_init ] --END-- [ RunTime:0.000237s ]
INFO: [ app_begin ] --START--
INFO: Run Behavior\ReadHtmlCacheBehavior [ RunTime:0.000300s ]
INFO: [ app_begin ] --END-- [ RunTime:0.000325s ]
INFO: [ app_end ] --START--
INFO: Run Behavior\ShowPageTraceBehavior [ RunTime:0.000477s ]
INFO: [ app_end ] --END-- [ RunTime:0.000525s ]

[ 2018-12-13T01:26:02+08:00 ] 127.0.0.1 /index.php/demo/demo/add
INFO: [ app_init ] --START--
INFO: Run Behavior\BuildLiteBehavior [ RunTime:0.000008s ]
INFO: [ app_init ] --END-- [ RunTime:0.000295s ]
INFO: [ app_begin ] --START--
INFO: Run Behavior\ReadHtmlCacheBehavior [ RunTime:0.000391s ]
INFO: [ app_begin ] --END-- [ RunTime:0.000426s ]
INFO: [ app_end ] --START--
INFO: Run Behavior\ShowPageTraceBehavior [ RunTime:0.000441s ]
INFO: [ app_end ] --END-- [ RunTime:0.000485s ]

[ 2018-12-13T01:26:10+08:00 ] 127.0.0.1 /index.php/demo/demo/edit
INFO: [ app_init ] --START--
INFO: Run Behavior\BuildLiteBehavior [ RunTime:0.000007s ]
INFO: [ app_init ] --END-- [ RunTime:0.000243s ]
INFO: [ app_begin ] --START--
INFO: Run Behavior\ReadHtmlCacheBehavior [ RunTime:0.000304s ]
INFO: [ app_begin ] --END-- [ RunTime:0.000328s ]
INFO: [ app_end ] --START--
INFO: Run Behavior\ShowPageTraceBehavior [ RunTime:0.000324s ]
INFO: [ app_end ] --END-- [ RunTime:0.000354s ]

[ 2018-12-13T01:27:04+08:00 ] 127.0.0.1 /index.php/demo/demo/edit
INFO: [ app_init ] --START--
INFO: Run Behavior\BuildLiteBehavior [ RunTime:0.000007s ]
INFO: [ app_init ] --END-- [ RunTime:0.000242s ]
INFO: [ app_begin ] --START--
INFO: Run Behavior\ReadHtmlCacheBehavior [ RunTime:0.000290s ]
INFO: [ app_begin ] --END-- [ RunTime:0.000312s ]
INFO: [ app_end ] --START--
INFO: Run Behavior\ShowPageTraceBehavior [ RunTime:0.000276s ]
INFO: [ app_end ] --END-- [ RunTime:0.000302s ]

[ 2018-12-13T01:27:08+08:00 ] 127.0.0.1 /index.php/demo/demo/index
INFO: [ app_init ] --START--
INFO: Run Behavior\BuildLiteBehavior [ RunTime:0.000006s ]
INFO: [ app_init ] --END-- [ RunTime:0.000207s ]
INFO: [ app_begin ] --START--
INFO: Run Behavior\ReadHtmlCacheBehavior [ RunTime:0.000256s ]
INFO: [ app_begin ] --END-- [ RunTime:0.000277s ]
INFO: [ app_end ] --START--
INFO: Run Behavior\ShowPageTraceBehavior [ RunTime:0.000278s ]
INFO: [ app_end ] --END-- [ RunTime:0.000303s ]

[ 2018-12-13T01:27:39+08:00 ] 127.0.0.1 /index.php/demo/demo/index
INFO: [ app_init ] --START--
INFO: Run Behavior\BuildLiteBehavior [ RunTime:0.000006s ]
INFO: [ app_init ] --END-- [ RunTime:0.000209s ]
INFO: [ app_begin ] --START--
INFO: Run Behavior\ReadHtmlCacheBehavior [ RunTime:0.000334s ]
INFO: [ app_begin ] --END-- [ RunTime:0.000357s ]
INFO: [ app_end ] --START--
INFO: Run Behavior\ShowPageTraceBehavior [ RunTime:0.000311s ]
INFO: [ app_end ] --END-- [ RunTime:0.000338s ]

[ 2018-12-13T01:27:40+08:00 ] 127.0.0.1 /index.php/demo/demo/index
INFO: [ app_init ] --START--
INFO: Run Behavior\BuildLiteBehavior [ RunTime:0.000009s ]
INFO: [ app_init ] --END-- [ RunTime:0.000317s ]
INFO: [ app_begin ] --START--
INFO: Run Behavior\ReadHtmlCacheBehavior [ RunTime:0.000346s ]
INFO: [ app_begin ] --END-- [ RunTime:0.000378s ]
INFO: [ app_end ] --START--
INFO: Run Behavior\ShowPageTraceBehavior [ RunTime:0.000328s ]
INFO: [ app_end ] --END-- [ RunTime:0.000361s ]

[ 2018-12-13T01:27:40+08:00 ] 127.0.0.1 /index.php/demo/demo/index
INFO: [ app_init ] --START--
INFO: Run Behavior\BuildLiteBehavior [ RunTime:0.000007s ]
INFO: [ app_init ] --END-- [ RunTime:0.000239s ]
INFO: [ app_begin ] --START--
INFO: Run Behavior\ReadHtmlCacheBehavior [ RunTime:0.000368s ]
INFO: [ app_begin ] --END-- [ RunTime:0.000395s ]
INFO: [ app_end ] --START--
INFO: Run Behavior\ShowPageTraceBehavior [ RunTime:0.000319s ]
INFO: [ app_end ] --END-- [ RunTime:0.000353s ]

[ 2018-12-13T01:27:40+08:00 ] 127.0.0.1 /index.php/demo/demo/index
INFO: [ app_init ] --START--
INFO: Run Behavior\BuildLiteBehavior [ RunTime:0.000007s ]
INFO: [ app_init ] --END-- [ RunTime:0.000199s ]
INFO: [ app_begin ] --START--
INFO: Run Behavior\ReadHtmlCacheBehavior [ RunTime:0.000257s ]
INFO: [ app_begin ] --END-- [ RunTime:0.000279s ]
INFO: [ app_end ] --START--
INFO: Run Behavior\ShowPageTraceBehavior [ RunTime:0.000264s ]
INFO: [ app_end ] --END-- [ RunTime:0.000288s ]

[ 2018-12-13T01:28:10+08:00 ] 127.0.0.1 /index.php/home
INFO: [ app_init ] --START--
INFO: Run Behavior\BuildLiteBehavior [ RunTime:0.000006s ]
INFO: [ app_init ] --END-- [ RunTime:0.000217s ]
INFO: [ app_begin ] --START--
INFO: Run Behavior\ReadHtmlCacheBehavior [ RunTime:0.000284s ]
INFO: [ app_begin ] --END-- [ RunTime:0.000307s ]
INFO: [ view_parse ] --START--
INFO: [ template_filter ] --START--
INFO: Run Behavior\ContentReplaceBehavior [ RunTime:0.000110s ]
INFO: [ template_filter ] --END-- [ RunTime:0.000143s ]
INFO: Run Behavior\ParseTemplateBehavior [ RunTime:0.015031s ]
INFO: [ view_parse ] --END-- [ RunTime:0.015093s ]
INFO: [ view_filter ] --START--
INFO: Run Behavior\WriteHtmlCacheBehavior [ RunTime:0.000402s ]
INFO: [ view_filter ] --END-- [ RunTime:0.000463s ]
INFO: [ app_end ] --START--
INFO: Run Behavior\ShowPageTraceBehavior [ RunTime:0.000453s ]
INFO: [ app_end ] --END-- [ RunTime:0.000492s ]

[ 2018-12-13T01:28:31+08:00 ] 127.0.0.1 /index.php/demo.html
INFO: [ app_init ] --START--
INFO: Run Behavior\BuildLiteBehavior [ RunTime:0.000006s ]
INFO: [ app_init ] --END-- [ RunTime:0.000227s ]
INFO: [ app_begin ] --START--
INFO: Run Behavior\ReadHtmlCacheBehavior [ RunTime:0.000291s ]
INFO: [ app_begin ] --END-- [ RunTime:0.000315s ]
ERR: Call to undefined function Home\Controller\cache()

[ 2018-12-13T01:28:36+08:00 ] 127.0.0.1 /index.php?s=/index/preview.html
INFO: [ app_init ] --START--
INFO: Run Behavior\BuildLiteBehavior [ RunTime:0.000023s ]
INFO: [ app_init ] --END-- [ RunTime:0.000437s ]
INFO: [ app_begin ] --START--
INFO: Run Behavior\ReadHtmlCacheBehavior [ RunTime:0.000494s ]
INFO: [ app_begin ] --END-- [ RunTime:0.000545s ]
NOTIC: [8] Undefined variable: one F:\WWW\biaodian\formdesign-master\Formdesign4_1_Ueditor1_4_2_Thinkphp3_2\Application\Home\Controller\IndexController.class.php 第 17 行.
NOTIC: [8] Undefined index: value F:\WWW\biaodian\formdesign-master\Formdesign4_1_Ueditor1_4_2_Thinkphp3_2\Application\Home\Org\Formdesign.class.php 第 78 行.
NOTIC: [8] Undefined index: data_7 F:\WWW\biaodian\formdesign-master\Formdesign4_1_Ueditor1_4_2_Thinkphp3_2\Application\Home\Org\Formdesign.class.php 第 411 行.
NOTIC: [8] unserialize(): Error at offset 0 of 20 bytes F:\WWW\biaodian\formdesign-master\Formdesign4_1_Ueditor1_4_2_Thinkphp3_2\Application\Home\Org\Formdesign.class.php 第 443 行.
NOTIC: [8] unserialize(): Error at offset 0 of 14 bytes F:\WWW\biaodian\formdesign-master\Formdesign4_1_Ueditor1_4_2_Thinkphp3_2\Application\Home\Org\Formdesign.class.php 第 483 行.
NOTIC: [8] Undefined offset: 1 F:\WWW\biaodian\formdesign-master\Formdesign4_1_Ueditor1_4_2_Thinkphp3_2\Application\Home\Org\Formdesign.class.php 第 674 行.
NOTIC: [8] Undefined offset: 2 F:\WWW\biaodian\formdesign-master\Formdesign4_1_Ueditor1_4_2_Thinkphp3_2\Application\Home\Org\Formdesign.class.php 第 674 行.
NOTIC: [8] Undefined offset: 3 F:\WWW\biaodian\formdesign-master\Formdesign4_1_Ueditor1_4_2_Thinkphp3_2\Application\Home\Org\Formdesign.class.php 第 674 行.
NOTIC: [8] Undefined offset: 3 F:\WWW\biaodian\formdesign-master\Formdesign4_1_Ueditor1_4_2_Thinkphp3_2\Application\Home\Org\Formdesign.class.php 第 683 行.
NOTIC: [8] Undefined offset: 4 F:\WWW\biaodian\formdesign-master\Formdesign4_1_Ueditor1_4_2_Thinkphp3_2\Application\Home\Org\Formdesign.class.php 第 662 行.
NOTIC: [8] Undefined offset: 4 F:\WWW\biaodian\formdesign-master\Formdesign4_1_Ueditor1_4_2_Thinkphp3_2\Application\Home\Org\Formdesign.class.php 第 662 行.
NOTIC: [8] Undefined index: value F:\WWW\biaodian\formdesign-master\Formdesign4_1_Ueditor1_4_2_Thinkphp3_2\Application\Home\Org\Formdesign.class.php 第 341 行.
INFO: [ view_parse ] --START--
INFO: [ template_filter ] --START--
INFO: Run Behavior\ContentReplaceBehavior [ RunTime:0.000036s ]
INFO: [ template_filter ] --END-- [ RunTime:0.000077s ]
INFO: Run Behavior\ParseTemplateBehavior [ RunTime:0.007446s ]
INFO: [ view_parse ] --END-- [ RunTime:0.007514s ]
INFO: [ view_filter ] --START--
INFO: Run Behavior\WriteHtmlCacheBehavior [ RunTime:0.000681s ]
INFO: [ view_filter ] --END-- [ RunTime:0.000818s ]
INFO: [ app_end ] --START--
INFO: Run Behavior\ShowPageTraceBehavior [ RunTime:0.000700s ]
INFO: [ app_end ] --END-- [ RunTime:0.000777s ]

[ 2018-12-13T01:28:42+08:00 ] 127.0.0.1 /index.php?s=/index/parse.html
INFO: [ app_init ] --START--
INFO: Run Behavior\BuildLiteBehavior [ RunTime:0.000005s ]
INFO: [ app_init ] --END-- [ RunTime:0.000186s ]
INFO: [ app_begin ] --START--
INFO: Run Behavior\ReadHtmlCacheBehavior [ RunTime:0.000242s ]
INFO: [ app_begin ] --END-- [ RunTime:0.000261s ]
INFO: [ app_end ] --START--
INFO: Run Behavior\ShowPageTraceBehavior [ RunTime:0.000263s ]
INFO: [ app_end ] --END-- [ RunTime:0.000285s ]

[ 2018-12-13T01:29:01+08:00 ] 127.0.0.1 /index.php/demodata
INFO: [ app_init ] --START--
INFO: Run Behavior\BuildLiteBehavior [ RunTime:0.000011s ]
INFO: [ app_init ] --END-- [ RunTime:0.000355s ]
INFO: [ app_begin ] --START--
INFO: Run Behavior\ReadHtmlCacheBehavior [ RunTime:0.000410s ]
INFO: [ app_begin ] --END-- [ RunTime:0.000444s ]
SQL: SHOW COLUMNS FROM `form` [ RunTime:0.0087s ]
SQL: SELECT * FROM `form` WHERE `id` = 0 AND `is_del` = 0 LIMIT 1   [ RunTime:0.0013s ]
SQL: SHOW COLUMNS FROM `foreign_test` [ RunTime:0.0094s ]
SQL: SELECT COUNT(id) AS tp_count FROM `foreign_test` WHERE `form_id` = 0 AND `is_del` = 0 LIMIT 1   [ RunTime:0.0006s ]
NOTIC: [8] Undefined variable: page F:\WWW\biaodian\formdesign-master\Formdesign4_1_Ueditor1_4_2_Thinkphp3_2\Application\Home\Controller\DemodataController.class.php 第 56 行.
INFO: [ view_parse ] --START--
INFO: [ template_filter ] --START--
INFO: Run Behavior\ContentReplaceBehavior [ RunTime:0.000038s ]
INFO: [ template_filter ] --END-- [ RunTime:0.000067s ]
INFO: Run Behavior\ParseTemplateBehavior [ RunTime:0.007841s ]
INFO: [ view_parse ] --END-- [ RunTime:0.007889s ]
INFO: [ view_filter ] --START--
INFO: Run Behavior\WriteHtmlCacheBehavior [ RunTime:0.000366s ]
INFO: [ view_filter ] --END-- [ RunTime:0.000397s ]
INFO: [ app_end ] --START--
INFO: Run Behavior\ShowPageTraceBehavior [ RunTime:0.000581s ]
INFO: [ app_end ] --END-- [ RunTime:0.000620s ]

[ 2018-12-13T01:29:05+08:00 ] 127.0.0.1 /index.php?s=/demodata/add/form_id/0.html
INFO: [ app_init ] --START--
INFO: Run Behavior\BuildLiteBehavior [ RunTime:0.000009s ]
INFO: [ app_init ] --END-- [ RunTime:0.000285s ]
INFO: [ app_begin ] --START--
INFO: Run Behavior\ReadHtmlCacheBehavior [ RunTime:0.000394s ]
INFO: [ app_begin ] --END-- [ RunTime:0.000422s ]
NOTIC: [8] Undefined index: content_data F:\WWW\biaodian\formdesign-master\Formdesign4_1_Ueditor1_4_2_Thinkphp3_2\Application\Home\Org\Formdesign.class.php 第 330 行.
NOTIC: [8] Undefined index: content_parse F:\WWW\biaodian\formdesign-master\Formdesign4_1_Ueditor1_4_2_Thinkphp3_2\Application\Home\Org\Formdesign.class.php 第 331 行.
NOTIC: [2] Invalid argument supplied for foreach() F:\WWW\biaodian\formdesign-master\Formdesign4_1_Ueditor1_4_2_Thinkphp3_2\Application\Home\Org\Formdesign.class.php 第 337 行.
INFO: [ view_parse ] --START--
INFO: [ template_filter ] --START--
INFO: Run Behavior\ContentReplaceBehavior [ RunTime:0.000037s ]
INFO: [ template_filter ] --END-- [ RunTime:0.000068s ]
NOTIC: [8] Undefined index: id F:\WWW\biaodian\formdesign-master\Formdesign4_1_Ueditor1_4_2_Thinkphp3_2\Application\Runtime\Cache\Home\4b79fa7461d3bdf815a288bd032569c2.php 第 74 行.
NOTIC: [8] Undefined index: form_name F:\WWW\biaodian\formdesign-master\Formdesign4_1_Ueditor1_4_2_Thinkphp3_2\Application\Runtime\Cache\Home\4b79fa7461d3bdf815a288bd032569c2.php 第 74 行.
NOTIC: [8] Undefined index: id F:\WWW\biaodian\formdesign-master\Formdesign4_1_Ueditor1_4_2_Thinkphp3_2\Application\Runtime\Cache\Home\4b79fa7461d3bdf815a288bd032569c2.php 第 81 行.
NOTIC: [8] Undefined index: id F:\WWW\biaodian\formdesign-master\Formdesign4_1_Ueditor1_4_2_Thinkphp3_2\Application\Runtime\Cache\Home\4b79fa7461d3bdf815a288bd032569c2.php 第 82 行.
NOTIC: [8] Undefined index: name F:\WWW\biaodian\formdesign-master\Formdesign4_1_Ueditor1_4_2_Thinkphp3_2\Application\Runtime\Cache\Home\4b79fa7461d3bdf815a288bd032569c2.php 第 86 行.
INFO: Run Behavior\ParseTemplateBehavior [ RunTime:0.006402s ]
INFO: [ view_parse ] --END-- [ RunTime:0.006424s ]
INFO: [ view_filter ] --START--
INFO: Run Behavior\WriteHtmlCacheBehavior [ RunTime:0.000210s ]
INFO: [ view_filter ] --END-- [ RunTime:0.000227s ]
INFO: [ app_end ] --START--
INFO: Run Behavior\ShowPageTraceBehavior [ RunTime:0.000336s ]
INFO: [ app_end ] --END-- [ RunTime:0.000354s ]

[ 2018-12-13T01:29:07+08:00 ] 127.0.0.1 /index.php?s=/demodata/add.html
INFO: [ app_init ] --START--
INFO: Run Behavior\BuildLiteBehavior [ RunTime:0.000005s ]
INFO: [ app_init ] --END-- [ RunTime:0.000196s ]
INFO: [ app_begin ] --START--
INFO: Run Behavior\ReadHtmlCacheBehavior [ RunTime:0.000249s ]
INFO: [ app_begin ] --END-- [ RunTime:0.000271s ]
NOTIC: [8] Undefined index: content_data F:\WWW\biaodian\formdesign-master\Formdesign4_1_Ueditor1_4_2_Thinkphp3_2\Application\Home\Org\Formdesign.class.php 第 892 行.
NOTIC: [2] Invalid argument supplied for foreach() F:\WWW\biaodian\formdesign-master\Formdesign4_1_Ueditor1_4_2_Thinkphp3_2\Application\Home\Org\Formdesign.class.php 第 895 行.
SQL: SHOW COLUMNS FROM `foreign_test` [ RunTime:0.0086s ]
SQL: INSERT INTO `foreign_test` (`name`,`updatetime`,`form_id`,`dateline`) VALUES ('1','1544635747','0','1544635747') [ RunTime:0.0005s ]
ERR: Call to a member function add() on boolean

[ 2018-12-13T01:29:14+08:00 ] 127.0.0.1 /index.php?s=/demo.html
INFO: [ app_init ] --START--
INFO: Run Behavior\BuildLiteBehavior [ RunTime:0.000007s ]
INFO: [ app_init ] --END-- [ RunTime:0.000241s ]
INFO: [ app_begin ] --START--
INFO: Run Behavior\ReadHtmlCacheBehavior [ RunTime:0.000305s ]
INFO: [ app_begin ] --END-- [ RunTime:0.000332s ]
ERR: Call to undefined function Home\Controller\cache()

[ 2018-12-13T01:29:18+08:00 ] 127.0.0.1 /
INFO: [ app_init ] --START--
INFO: Run Behavior\BuildLiteBehavior [ RunTime:0.000021s ]
INFO: [ app_init ] --END-- [ RunTime:0.000736s ]
INFO: [ app_begin ] --START--
INFO: Run Behavior\ReadHtmlCacheBehavior [ RunTime:0.000530s ]
INFO: [ app_begin ] --END-- [ RunTime:0.000607s ]
INFO: [ view_parse ] --START--
INFO: [ template_filter ] --START--
INFO: Run Behavior\ContentReplaceBehavior [ RunTime:0.000112s ]
INFO: [ template_filter ] --END-- [ RunTime:0.000140s ]
INFO: Run Behavior\ParseTemplateBehavior [ RunTime:0.008396s ]
INFO: [ view_parse ] --END-- [ RunTime:0.008432s ]
INFO: [ view_filter ] --START--
INFO: Run Behavior\WriteHtmlCacheBehavior [ RunTime:0.000392s ]
INFO: [ view_filter ] --END-- [ RunTime:0.000437s ]
INFO: [ app_end ] --START--
INFO: Run Behavior\ShowPageTraceBehavior [ RunTime:0.000820s ]
INFO: [ app_end ] --END-- [ RunTime:0.000894s ]

[ 2018-12-13T01:29:30+08:00 ] 127.0.0.1 /index.php?s=/demodata/add.html
INFO: [ app_init ] --START--
INFO: Run Behavior\BuildLiteBehavior [ RunTime:0.000009s ]
INFO: [ app_init ] --END-- [ RunTime:0.000321s ]
INFO: [ app_begin ] --START--
INFO: Run Behavior\ReadHtmlCacheBehavior [ RunTime:0.000392s ]
INFO: [ app_begin ] --END-- [ RunTime:0.000427s ]
NOTIC: [8] Undefined index: content_data F:\WWW\biaodian\formdesign-master\Formdesign4_1_Ueditor1_4_2_Thinkphp3_2\Application\Home\Org\Formdesign.class.php 第 892 行.
NOTIC: [2] Invalid argument supplied for foreach() F:\WWW\biaodian\formdesign-master\Formdesign4_1_Ueditor1_4_2_Thinkphp3_2\Application\Home\Org\Formdesign.class.php 第 895 行.
SQL: SHOW COLUMNS FROM `foreign_test` [ RunTime:0.0083s ]
SQL: INSERT INTO `foreign_test` (`name`,`updatetime`,`form_id`,`dateline`) VALUES ('1','1544635770','0','1544635770') [ RunTime:0.0005s ]
ERR: Call to a member function add() on boolean

[ 2018-12-13T01:29:52+08:00 ] 127.0.0.1 /index.php?s=/demodata/
INFO: [ app_init ] --START--
INFO: Run Behavior\BuildLiteBehavior [ RunTime:0.000006s ]
INFO: [ app_init ] --END-- [ RunTime:0.000219s ]
INFO: [ app_begin ] --START--
INFO: Run Behavior\ReadHtmlCacheBehavior [ RunTime:0.000281s ]
INFO: [ app_begin ] --END-- [ RunTime:0.000305s ]
SQL: SHOW COLUMNS FROM `form` [ RunTime:0.0159s ]
SQL: SELECT * FROM `form` WHERE `id` = 0 AND `is_del` = 0 LIMIT 1   [ RunTime:0.0008s ]
SQL: SHOW COLUMNS FROM `foreign_test` [ RunTime:0.0089s ]
SQL: SELECT COUNT(id) AS tp_count FROM `foreign_test` WHERE `form_id` = 0 AND `is_del` = 0 LIMIT 1   [ RunTime:0.0006s ]
NOTIC: [8] Undefined variable: page F:\WWW\biaodian\formdesign-master\Formdesign4_1_Ueditor1_4_2_Thinkphp3_2\Application\Home\Controller\DemodataController.class.php 第 56 行.
INFO: [ view_parse ] --START--
INFO: [ template_filter ] --START--
INFO: Run Behavior\ContentReplaceBehavior [ RunTime:0.000036s ]
INFO: [ template_filter ] --END-- [ RunTime:0.000056s ]
INFO: Run Behavior\ParseTemplateBehavior [ RunTime:0.005168s ]
INFO: [ view_parse ] --END-- [ RunTime:0.005197s ]
INFO: [ view_filter ] --START--
INFO: Run Behavior\WriteHtmlCacheBehavior [ RunTime:0.000237s ]
INFO: [ view_filter ] --END-- [ RunTime:0.000258s ]
INFO: [ app_end ] --START--
INFO: Run Behavior\ShowPageTraceBehavior [ RunTime:0.000379s ]
INFO: [ app_end ] --END-- [ RunTime:0.000398s ]

[ 2018-12-13T01:30:05+08:00 ] 127.0.0.1 /index.php?s=demo/demodata/
INFO: [ app_init ] --START--
INFO: Run Behavior\BuildLiteBehavior [ RunTime:0.000010s ]
INFO: [ app_init ] --END-- [ RunTime:0.000336s ]
INFO: [ app_begin ] --START--
INFO: Run Behavior\ReadHtmlCacheBehavior [ RunTime:0.000450s ]
INFO: [ app_begin ] --END-- [ RunTime:0.000498s ]
INFO: [ app_end ] --START--
INFO: Run Behavior\ShowPageTraceBehavior [ RunTime:0.000560s ]
INFO: [ app_end ] --END-- [ RunTime:0.000614s ]

[ 2018-12-13T01:30:11+08:00 ] 127.0.0.1 /index.php?s=demo
INFO: [ app_init ] --START--
INFO: Run Behavior\BuildLiteBehavior [ RunTime:0.000008s ]
INFO: [ app_init ] --END-- [ RunTime:0.000265s ]
INFO: [ app_begin ] --START--
INFO: Run Behavior\ReadHtmlCacheBehavior [ RunTime:0.000271s ]
INFO: [ app_begin ] --END-- [ RunTime:0.000292s ]
ERR: Call to undefined function Home\Controller\cache()

[ 2018-12-13T03:44:32+08:00 ] 127.0.0.1 /index.php?s=demo
INFO: [ app_init ] --START--
INFO: Run Behavior\BuildLiteBehavior [ RunTime:0.000009s ]
INFO: [ app_init ] --END-- [ RunTime:0.000263s ]
INFO: [ app_begin ] --START--
INFO: Run Behavior\ReadHtmlCacheBehavior [ RunTime:0.000295s ]
INFO: [ app_begin ] --END-- [ RunTime:0.000318s ]
ERR: Call to undefined function Home\Controller\cache()

[ 2018-12-13T14:51:57+08:00 ] 127.0.0.1 /
INFO: [ app_init ] --START--
INFO: Run Behavior\BuildLiteBehavior [ RunTime:0.000011s ]
INFO: [ app_init ] --END-- [ RunTime:0.000502s ]
INFO: [ app_begin ] --START--
INFO: Run Behavior\ReadHtmlCacheBehavior [ RunTime:0.000466s ]
INFO: [ app_begin ] --END-- [ RunTime:0.000502s ]
INFO: [ view_parse ] --START--
INFO: [ template_filter ] --START--
INFO: Run Behavior\ContentReplaceBehavior [ RunTime:0.000156s ]
INFO: [ template_filter ] --END-- [ RunTime:0.000210s ]
INFO: Run Behavior\ParseTemplateBehavior [ RunTime:0.025319s ]
INFO: [ view_parse ] --END-- [ RunTime:0.025403s ]
INFO: [ view_filter ] --START--
INFO: Run Behavior\WriteHtmlCacheBehavior [ RunTime:0.000599s ]
INFO: [ view_filter ] --END-- [ RunTime:0.000649s ]
INFO: [ app_end ] --START--
INFO: Run Behavior\ShowPageTraceBehavior [ RunTime:0.001302s ]
INFO: [ app_end ] --END-- [ RunTime:0.001456s ]

[ 2018-12-13T14:52:01+08:00 ] 127.0.0.1 /index.php?s=/index/parse.html
INFO: [ app_init ] --START--
INFO: Run Behavior\BuildLiteBehavior [ RunTime:0.000010s ]
INFO: [ app_init ] --END-- [ RunTime:0.000440s ]
INFO: [ app_begin ] --START--
INFO: Run Behavior\ReadHtmlCacheBehavior [ RunTime:0.000486s ]
INFO: [ app_begin ] --END-- [ RunTime:0.000530s ]
INFO: [ app_end ] --START--
INFO: Run Behavior\ShowPageTraceBehavior [ RunTime:0.000425s ]
INFO: [ app_end ] --END-- [ RunTime:0.000465s ]

[ 2018-12-13T14:52:22+08:00 ] 127.0.0.1 /index.php?s=/index/parse.html
INFO: [ app_init ] --START--
INFO: Run Behavior\BuildLiteBehavior [ RunTime:0.000024s ]
INFO: [ app_init ] --END-- [ RunTime:0.000827s ]
INFO: [ app_begin ] --START--
INFO: Run Behavior\ReadHtmlCacheBehavior [ RunTime:0.000781s ]
INFO: [ app_begin ] --END-- [ RunTime:0.000850s ]
INFO: [ app_end ] --START--
INFO: Run Behavior\ShowPageTraceBehavior [ RunTime:0.000542s ]
INFO: [ app_end ] --END-- [ RunTime:0.000592s ]

[ 2018-12-13T14:53:12+08:00 ] 127.0.0.1 /index.php/demo/demo/index
INFO: [ app_init ] --START--
INFO: Run Behavior\BuildLiteBehavior [ RunTime:0.000010s ]
INFO: [ app_init ] --END-- [ RunTime:0.000437s ]
INFO: [ app_begin ] --START--
INFO: Run Behavior\ReadHtmlCacheBehavior [ RunTime:0.000588s ]
INFO: [ app_begin ] --END-- [ RunTime:0.000632s ]
INFO: [ app_end ] --START--
INFO: Run Behavior\ShowPageTraceBehavior [ RunTime:0.000499s ]
INFO: [ app_end ] --END-- [ RunTime:0.000549s ]

[ 2018-12-13T14:53:26+08:00 ] 127.0.0.1 /index.php/demo/demo/formdesign
INFO: [ app_init ] --START--
INFO: Run Behavior\BuildLiteBehavior [ RunTime:0.000007s ]
INFO: [ app_init ] --END-- [ RunTime:0.000353s ]
INFO: [ app_begin ] --START--
INFO: Run Behavior\ReadHtmlCacheBehavior [ RunTime:0.000418s ]
INFO: [ app_begin ] --END-- [ RunTime:0.000449s ]
INFO: [ app_end ] --START--
INFO: Run Behavior\ShowPageTraceBehavior [ RunTime:0.000374s ]
INFO: [ app_end ] --END-- [ RunTime:0.000413s ]

[ 2018-12-13T14:53:38+08:00 ] 127.0.0.1 /index.php/demo/demo/formdesign.html
INFO: [ app_init ] --START--
INFO: Run Behavior\BuildLiteBehavior [ RunTime:0.000013s ]
INFO: [ app_init ] --END-- [ RunTime:0.000553s ]
INFO: [ app_begin ] --START--
INFO: Run Behavior\ReadHtmlCacheBehavior [ RunTime:0.007567s ]
INFO: [ app_begin ] --END-- [ RunTime:0.007638s ]
INFO: [ app_end ] --START--
INFO: Run Behavior\ShowPageTraceBehavior [ RunTime:0.000675s ]
INFO: [ app_end ] --END-- [ RunTime:0.000752s ]

[ 2018-12-13T14:53:51+08:00 ] 127.0.0.1 /index.php/demo/demo/add
INFO: [ app_init ] --START--
INFO: Run Behavior\BuildLiteBehavior [ RunTime:0.000016s ]
INFO: [ app_init ] --END-- [ RunTime:0.000480s ]
INFO: [ app_begin ] --START--
INFO: Run Behavior\ReadHtmlCacheBehavior [ RunTime:0.000668s ]
INFO: [ app_begin ] --END-- [ RunTime:0.000724s ]
INFO: [ app_end ] --START--
INFO: Run Behavior\ShowPageTraceBehavior [ RunTime:0.001101s ]
INFO: [ app_end ] --END-- [ RunTime:0.001191s ]

[ 2018-12-13T15:05:05+08:00 ] 127.0.0.1 /index.php/demo/demo/add
INFO: [ app_init ] --START--
INFO: Run Behavior\BuildLiteBehavior [ RunTime:0.000007s ]
INFO: [ app_init ] --END-- [ RunTime:0.000247s ]
INFO: [ app_begin ] --START--
INFO: Run Behavior\ReadHtmlCacheBehavior [ RunTime:0.000283s ]
INFO: [ app_begin ] --END-- [ RunTime:0.000305s ]
INFO: [ app_end ] --START--
INFO: Run Behavior\ShowPageTraceBehavior [ RunTime:0.000324s ]
INFO: [ app_end ] --END-- [ RunTime:0.000350s ]

[ 2018-12-13T15:05:08+08:00 ] 127.0.0.1 /index.php/demo/demo/formdesign.html
INFO: [ app_init ] --START--
INFO: Run Behavior\BuildLiteBehavior [ RunTime:0.000010s ]
INFO: [ app_init ] --END-- [ RunTime:0.000375s ]
INFO: [ app_begin ] --START--
INFO: Run Behavior\ReadHtmlCacheBehavior [ RunTime:0.000408s ]
INFO: [ app_begin ] --END-- [ RunTime:0.000438s ]
INFO: [ app_end ] --START--
INFO: Run Behavior\ShowPageTraceBehavior [ RunTime:0.000277s ]
INFO: [ app_end ] --END-- [ RunTime:0.000302s ]

[ 2018-12-13T15:05:09+08:00 ] 127.0.0.1 /index.php/demo/demo/formdesign
INFO: [ app_init ] --START--
INFO: Run Behavior\BuildLiteBehavior [ RunTime:0.000004s ]
INFO: [ app_init ] --END-- [ RunTime:0.000190s ]
INFO: [ app_begin ] --START--
INFO: Run Behavior\ReadHtmlCacheBehavior [ RunTime:0.000245s ]
INFO: [ app_begin ] --END-- [ RunTime:0.000267s ]
INFO: [ app_end ] --START--
INFO: Run Behavior\ShowPageTraceBehavior [ RunTime:0.000260s ]
INFO: [ app_end ] --END-- [ RunTime:0.000282s ]

[ 2018-12-13T15:05:10+08:00 ] 127.0.0.1 /index.php/demo/demo/index
INFO: [ app_init ] --START--
INFO: Run Behavior\BuildLiteBehavior [ RunTime:0.000005s ]
INFO: [ app_init ] --END-- [ RunTime:0.000188s ]
INFO: [ app_begin ] --START--
INFO: Run Behavior\ReadHtmlCacheBehavior [ RunTime:0.000245s ]
INFO: [ app_begin ] --END-- [ RunTime:0.000265s ]
INFO: [ app_end ] --START--
INFO: Run Behavior\ShowPageTraceBehavior [ RunTime:0.000286s ]
INFO: [ app_end ] --END-- [ RunTime:0.000311s ]

