[ 2018-12-14T21:13:31+08:00 ] 127.0.0.1 /index.php?s=/demodata/index/form_id/12274.html
INFO: [ app_init ] --START--
INFO: Run Behavior\BuildLiteBehavior [ RunTime:0.000020s ]
INFO: [ app_init ] --END-- [ RunTime:0.000432s ]
ERR: 无法加载模块:Demodata

[ 2018-12-14T21:13:55+08:00 ] 127.0.0.1 /index.php?s=/demo/formdesign/form_id/12274.html
INFO: [ app_init ] --START--
INFO: Run Behavior\BuildLiteBehavior [ RunTime:0.000014s ]
INFO: [ app_init ] --END-- [ RunTime:0.000341s ]
ERR: 无法加载模块:Demo

[ 2018-12-14T21:14:23+08:00 ] 127.0.0.1 /index.php?s=/demo/preview/form_id/12274.html
INFO: [ app_init ] --START--
INFO: Run Behavior\BuildLiteBehavior [ RunTime:0.000013s ]
INFO: [ app_init ] --END-- [ RunTime:0.000310s ]
ERR: 无法加载模块:Demo

[ 2018-12-14T21:15:19+08:00 ] 127.0.0.1 /index.php?s=/demo/preview/form_id/12274.html
INFO: [ app_init ] --START--
INFO: Run Behavior\BuildLiteBehavior [ RunTime:0.000014s ]
INFO: [ app_init ] --END-- [ RunTime:0.000350s ]
ERR: 无法加载模块:Demo

[ 2018-12-14T21:15:20+08:00 ] 127.0.0.1 /index.php?s=/demo/preview/form_id/12274.html
INFO: [ app_init ] --START--
INFO: Run Behavior\BuildLiteBehavior [ RunTime:0.000011s ]
INFO: [ app_init ] --END-- [ RunTime:0.000254s ]
ERR: 无法加载模块:Demo

[ 2018-12-14T21:15:20+08:00 ] 127.0.0.1 /index.php?s=/demo/preview/form_id/12274.html
INFO: [ app_init ] --START--
INFO: Run Behavior\BuildLiteBehavior [ RunTime:0.000011s ]
INFO: [ app_init ] --END-- [ RunTime:0.000259s ]
ERR: 无法加载模块:Demo

[ 2018-12-14T21:15:21+08:00 ] 127.0.0.1 /index.php?s=/demo/preview/form_id/12274.html
INFO: [ app_init ] --START--
INFO: Run Behavior\BuildLiteBehavior [ RunTime:0.000015s ]
INFO: [ app_init ] --END-- [ RunTime:0.000270s ]
ERR: 无法加载模块:Demo

[ 2018-12-14T21:15:21+08:00 ] 127.0.0.1 /index.php?s=/demo/preview/form_id/12274.html
INFO: [ app_init ] --START--
INFO: Run Behavior\BuildLiteBehavior [ RunTime:0.000012s ]
INFO: [ app_init ] --END-- [ RunTime:0.000268s ]
ERR: 无法加载模块:Demo

[ 2018-12-14T21:15:38+08:00 ] 127.0.0.1 /index.php?s=/demo/preview/form_id/12274.html
INFO: [ app_init ] --START--
INFO: Run Behavior\BuildLiteBehavior [ RunTime:0.000035s ]
INFO: [ app_init ] --END-- [ RunTime:0.002555s ]
ERR: 无法加载模块:Demo

[ 2018-12-14T21:15:40+08:00 ] 127.0.0.1 /index.php?s=/demo/preview/form_id/12274.html
INFO: [ app_init ] --START--
INFO: Run Behavior\BuildLiteBehavior [ RunTime:0.000018s ]
INFO: [ app_init ] --END-- [ RunTime:0.000435s ]
ERR: 无法加载模块:Demo

[ 2018-12-14T21:16:07+08:00 ] 127.0.0.1 /index.php?s=/demo/preview/form_id/12274.html
INFO: [ app_init ] --START--
INFO: Run Behavior\BuildLiteBehavior [ RunTime:0.000021s ]
INFO: [ app_init ] --END-- [ RunTime:0.000417s ]
ERR: 无法加载模块:Demo

[ 2018-12-14T21:16:23+08:00 ] 127.0.0.1 /index.php?s=/demo/preview/form_id/12274.html
INFO: [ app_init ] --START--
INFO: Run Behavior\BuildLiteBehavior [ RunTime:0.000020s ]
INFO: [ app_init ] --END-- [ RunTime:0.000624s ]
ERR: 无法加载模块:Demo

[ 2018-12-14T21:17:45+08:00 ] 127.0.0.1 /index.php?s=/demo/preview/form_id/12274.html
INFO: [ app_init ] --START--
INFO: Run Behavior\BuildLiteBehavior [ RunTime:0.000014s ]
INFO: [ app_init ] --END-- [ RunTime:0.000419s ]
ERR: 无法加载模块:Demo

[ 2018-12-14T21:17:59+08:00 ] 127.0.0.1 /index.php?s=/demo/formdesign/form_id/12274.html
INFO: [ app_init ] --START--
INFO: Run Behavior\BuildLiteBehavior [ RunTime:0.000017s ]
INFO: [ app_init ] --END-- [ RunTime:0.000450s ]
ERR: 无法加载模块:Demo

[ 2018-12-14T21:18:02+08:00 ] 127.0.0.1 /index.php?s=/demo/preview/form_id/12274.html
INFO: [ app_init ] --START--
INFO: Run Behavior\BuildLiteBehavior [ RunTime:0.000013s ]
INFO: [ app_init ] --END-- [ RunTime:0.000294s ]
ERR: 无法加载模块:Demo

[ 2018-12-14T21:18:05+08:00 ] 127.0.0.1 /index.php?s=/demo/edit/form_id/12274.html
INFO: [ app_init ] --START--
INFO: Run Behavior\BuildLiteBehavior [ RunTime:0.000011s ]
INFO: [ app_init ] --END-- [ RunTime:0.000287s ]
ERR: 无法加载模块:Demo

